INFO: insert into nav_etf values ('510300','2016-11-21',3.5007,1.3605,0.68,'场内买入','场内卖出','0')
INFO: insert into nav_etf values ('159936','2016-11-21',1.6052,1.6052,0.36,'场内买入','场内卖出','0')
INFO: insert into nav_etf values ('510500','2016-11-21',6.9252,1.9413,0.13,'场内买入','场内卖出','0')
INFO: insert into nav_etf values ('511010','2016-11-21',112.7500,1.1400,-0.01,'场内买入','场内卖出','0')
INFO: insert into nav_etf values ('159911','2016-11-21',4.3346,1.3134,0.00,'场内买入','场内卖出','0')
INFO: insert into nav_etf values ('510170','2016-11-21',1.8190,0.5640,0.17,'场内买入','场内卖出','0')
INFO: insert into nav_etf values ('513500','2016-11-18',1.3860,1.3860,-0.07,'暂停申购','场内卖出','0')
INFO: insert into nav_etf values ('159943','2016-11-21',11.4440,0.7510,0.10,'场内买入','场内卖出','0')
INFO: insert into nav_etf values ('512340','2016-11-21',0.8420,0.8420,0.31,'场内买入','场内卖出','0')
INFO: insert into nav_etf values ('513100','2016-11-18',1.7490,1.7490,-0.23,'场内买入','场内卖出','0')
INFO: insert into nav_etf values ('159948','2016-11-21',2.1734,1.0680,-0.24,'场内买入','场内卖出','0')
INFO: insert into nav_etf values ('510430','2016-11-21',1.3840,1.3840,1.17,'场内买入','场内卖出','0')
INFO: insert into nav_etf values ('510160','2016-11-21',0.5288,1.3156,1.07,'场内买入','场内卖出','0')
INFO: insert into nav_etf values ('510180','2016-11-21',3.0338,3.0722,0.91,'场内买入','场内卖出','0')
INFO: insert into nav_etf values ('512600','2016-11-21',1.5278,1.5278,-0.29,'场内买入','场内卖出','0')
INFO: insert into nav_etf values ('512210','2016-11-21',1.4114,1.4114,-0.23,'场内买入','场内卖出','0')
INFO: insert into nav_etf values ('510020','2016-11-21',2.3245,0.8573,1.02,'场内买入','场内卖出','0')
INFO: insert into nav_etf values ('512010','2016-11-21',1.3157,1.3157,0.05,'场内买入','场内卖出','0')
INFO: insert into nav_etf values ('159908','2016-11-21',1.2544,1.2544,0.36,'场内买入','场内卖出','0')
INFO: insert into nav_etf values ('159926','2016-11-21',111.7290,1.1170,-0.01,'场内买入','场内卖出','0')
INFO: insert into nav_etf values ('510010','2016-11-21',0.9890,1.1010,1.23,'场内买入','场内卖出','0')
INFO: insert into nav_etf values ('159922','2016-11-21',6.6311,1.8593,0.14,'场内买入','场内卖出','0')
INFO: insert into nav_etf values ('159907','2016-11-21',1.5043,1.3667,0.06,'场内买入','场内卖出','0')
INFO: insert into nav_etf values ('159931','2016-11-21',1.5422,1.5422,0.86,'场内买入','场内卖出','0')
INFO: insert into nav_etf values ('159903','2016-11-21',1.1608,0.8565,0.11,'场内买入','场内卖出','0')
INFO: insert into nav_etf values ('512880','2016-11-21',1.1227,1.1227,0.36,'场内买入','场内卖出','0')
INFO: insert into nav_etf values ('159919','2016-11-21',3.7115,1.4186,0.68,'场内买入','场内卖出','0')
INFO: insert into nav_etf values ('159906','2016-11-21',0.9810,0.9810,-0.10,'场内买入','场内卖出','0')
INFO: insert into nav_etf values ('510650','2016-11-21',1.5126,1.5126,1.19,'场内买入','场内卖出','0')
INFO: insert into nav_etf values ('512300','2016-11-21',1.2708,1.2708,-0.11,'场内买入','场内卖出','0')
INFO: insert into nav_etf values ('510410','2016-11-21',0.7151,0.7151,0.32,'场内买入','场内卖出','0')
INFO: insert into nav_etf values ('159945','2016-11-21',0.7217,0.7217,0.61,'场内买入','场内卖出','0')
INFO: insert into nav_etf values ('159940','2016-11-21',0.8272,0.8272,0.83,'场内买入','场内卖出','0')
INFO: insert into nav_etf values ('159923','2016-11-21',1.3190,1.3190,0.92,'场内买入','场内卖出','0')
INFO: insert into nav_etf values ('510660','2016-11-21',1.5478,1.5478,0.16,'场内买入','场内卖出','0')
INFO: insert into nav_etf values ('159913','2016-11-21',1.4970,1.4970,0.47,'场内买入','场内卖出','0')
INFO: insert into nav_etf values ('510330','2016-11-21',3.6639,1.5325,0.66,'场内买入','场内卖出','0')
INFO: insert into nav_etf values ('512680','2016-11-21',0.9992,0.9992,0.06,'场内买入','场内卖出','0')
INFO: insert into nav_etf values ('510810','2016-11-21',1.0292,1.0292,0.43,'场内买入','场内卖出','0')
INFO: insert into nav_etf values ('159925','2016-11-21',1.4047,1.2315,0.69,'封闭期','封闭期','0')
INFO: insert into nav_etf values ('510060','2016-11-21',1.6010,1.0241,1.45,'场内买入','场内卖出','0')
INFO: insert into nav_etf values ('510190','2016-11-21',3.2870,1.2600,0.67,'场内买入','场内卖出','0')
INFO: insert into nav_etf values ('512660','2016-11-21',1.0053,1.0053,0.08,'场内买入','场内卖出','0')
INFO: insert into nav_etf values ('510420','2016-11-21',1.5000,1.5000,0.67,'场内买入','场内卖出','0')
INFO: insert into nav_etf values ('159949','2016-11-21',0.9121,0.9121,-0.33,'场内买入','场内卖出','0')
INFO: insert into nav_etf values ('159941','2016-11-18',1.1023,1.1023,-0.28,'场内买入','场内卖出','0')
INFO: insert into nav_etf values ('510230','2016-11-21',5.3759,1.5268,1.16,'场内买入','场内卖出','0')
INFO: insert into nav_etf values ('159935','2016-11-21',1.7243,1.7243,0.13,'场内买入','场内卖出','0')
INFO: insert into nav_etf values ('510030','2016-11-21',4.0290,1.3790,1.18,'场内买入','场内卖出','0')
INFO: insert into nav_etf values ('510210','2016-11-21',3.5850,1.2270,0.90,'场内买入','场内卖出','0')
INFO: insert into nav_etf values ('510220','2016-11-21',4.0540,1.1190,0.27,'场内买入','场内卖出','0')
INFO: insert into nav_etf values ('159909','2016-11-21',5.0450,1.5510,-0.10,'场内买入','场内卖出','0')
INFO: insert into nav_etf values ('159933','2016-11-21',1.6629,1.6629,0.90,'场内买入','场内卖出','0')
INFO: insert into nav_etf values ('159918','2016-11-21',2.1631,2.1631,0.00,'场内买入','场内卖出','0')
INFO: insert into nav_etf values ('510290','2016-11-21',1.6050,1.6050,0.27,'场内买入','场内卖出','0')
INFO: insert into nav_etf values ('511210','2016-11-21',117.0953,1.1710,0.00,'场内买入','场内卖出','0')
INFO: insert into nav_etf values ('512230','2016-11-21',1.3235,1.3235,-0.07,'场内买入','场内卖出','0')
INFO: insert into nav_etf values ('512330','2016-11-21',0.8713,0.8713,-0.01,'场内买入','场内卖出','0')
INFO: insert into nav_etf values ('510050','2016-11-21',2.3890,3.1730,1.19,'场内买入','场内卖出','0')
INFO: insert into nav_etf values ('510880','2016-11-21',2.7340,2.0230,0.85,'场内买入','场内卖出','0')
INFO: insert into nav_etf values ('159915','2016-11-21',2.0627,2.3630,-0.25,'场内买入','场内卖出','0')
INFO: insert into nav_etf values ('510310','2016-11-21',1.4357,1.4357,0.68,'场内买入','场内卖出','0')
INFO: insert into nav_etf values ('513600','2016-11-21',2.0484,1.0624,0.32,'场内买入','场内卖出','0')
INFO: insert into nav_etf values ('159924','2016-11-21',1.4380,1.4380,0.49,'场内买入','场内卖出','0')
INFO: insert into nav_etf values ('510150','2016-11-21',3.9110,1.2890,0.08,'场内买入','场内卖出','0')
INFO: insert into nav_etf values ('159928','2016-11-21',1.4684,1.4684,-0.28,'场内买入','场内卖出','0')
INFO: insert into nav_etf values ('512000','2016-11-21',1.0772,1.0772,0.32,'场内买入','场内卖出','0')
INFO: insert into nav_etf values ('510520','2016-11-21',1.7223,1.7223,0.14,'场内买入','场内卖出','0')
INFO: insert into nav_etf values ('513660','2016-11-21',2.0300,1.0539,0.32,'场内买入','场内卖出','0')
INFO: insert into nav_etf values ('159901','2016-11-21',4.2066,4.1080,0.18,'场内买入','场内卖出','0')
INFO: insert into nav_etf values ('513030','2016-11-18',0.9140,0.9140,-0.87,'暂停申购','场内卖出','0')
INFO: insert into nav_etf values ('159946','2016-11-21',1.0026,1.0026,-0.12,'场内买入','场内卖出','0')
INFO: insert into nav_etf values ('511220','2016-11-21',101.5540,1.1210,-0.01,'场内买入','场内卖出','0')
INFO: insert into nav_etf values ('159916','2016-11-21',2.7446,1.4954,0.45,'场内买入','场内卖出','0')
INFO: insert into nav_etf values ('510580','2016-11-21',6.8368,1.0535,0.26,'场内买入','场内卖出','0')
INFO: insert into nav_etf values ('512510','2016-11-21',1.3435,0.6679,0.16,'场内买入','场内卖出','0')
INFO: insert into nav_etf values ('510260','2016-11-21',1.1480,1.1480,0.61,'场内买入','场内卖出','0')
INFO: insert into nav_etf values ('159944','2016-11-21',0.8887,0.8887,0.29,'场内买入','场内卖出','0')
INFO: insert into nav_etf values ('512610','2016-11-21',1.4524,1.4524,-0.08,'场内买入','场内卖出','0')
INFO: insert into nav_etf values ('159902','2016-11-21',3.3250,3.4450,0.00,'暂停申购','场内卖出','0')
INFO: insert into nav_etf values ('510510','2016-11-21',1.8212,1.8212,0.12,'场内买入','场内卖出','0')
INFO: insert into nav_etf values ('159921','2016-11-21',1.6310,1.6310,0.06,'场内买入','场内卖出','0')
INFO: insert into nav_etf values ('159929','2016-11-21',1.4530,1.4530,-0.08,'场内买入','场内卖出','0')
INFO: insert into nav_etf values ('159932','2016-11-21',1.9180,1.6250,0.10,'场内买入','场内卖出','0')
INFO: insert into nav_etf values ('510120','2016-11-21',2.6810,1.1290,0.75,'场内买入','场内卖出','0')
INFO: insert into nav_etf values ('510440','2016-11-21',1.9220,1.9220,0.16,'场内买入','场内卖出','0')
INFO: insert into nav_etf values ('510090','2016-11-21',1.3376,1.5957,1.18,'场内买入','场内卖出','0')
INFO: insert into nav_etf values ('512310','2016-11-21',0.7088,0.7088,0.14,'场内买入','场内卖出','0')
INFO: insert into nav_etf values ('159937','2016-11-21',2.7307,1.0722,0.72,'场内买入','场内卖出','0')
INFO: insert into nav_etf values ('159930','2016-11-21',0.8413,0.8413,0.60,'场内买入','场内卖出','0')
INFO: insert into nav_etf values ('159905','2016-11-21',1.2375,1.2375,0.37,'场内买入','场内卖出','0')
INFO: insert into nav_etf values ('512640','2016-11-21',1.7337,1.7337,0.87,'场内买入','场内卖出','0')
INFO: insert into nav_etf values ('512120','2016-11-21',1.3710,1.3710,-0.07,'场内买入','场内卖出','0')
INFO: insert into nav_etf values ('159942','2016-11-21',1.9340,0.5910,-0.05,'场内买入','场内卖出','0')
INFO: insert into nav_etf values ('159938','2016-11-21',1.3427,1.3427,0.08,'场内买入','场内卖出','0')
INFO: insert into nav_etf values ('518880','2016-11-21',2.7266,1.0296,0.78,'场内买入','场内卖出','0')
INFO: insert into nav_etf values ('510280','2016-11-21',1.4120,1.4120,1.00,'场内买入','场内卖出','0')
INFO: insert into nav_etf values ('510270','2016-11-21',1.0240,1.1950,0.89,'场内买入','场内卖出','0')
INFO: insert into nav_etf values ('159927','2016-11-21',3.4447,1.5244,0.68,'场内买入','场内卖出','0')
INFO: insert into nav_etf values ('510110','2016-11-21',3.1330,1.2570,1.03,'场内买入','场内卖出','0')
INFO: insert into nav_etf values ('510710','2016-11-21',2.3589,0.7292,1.16,'场内买入','场内卖出','0')
INFO: insert into nav_etf values ('510360','2016-11-21',1.0586,1.0586,0.68,'场内买入','场内卖出','0')
INFO: insert into nav_etf values ('510680','2016-11-21',1.8569,1.8569,1.09,'场内买入','场内卖出','0')
INFO: insert into nav_etf values ('159910','2016-11-21',1.4196,1.4196,0.46,'场内买入','场内卖出','0')
INFO: insert into nav_etf values ('512500','2016-11-21',3.1945,0.6993,0.13,'场内买入','场内卖出','0')
INFO: insert into nav_etf values ('510630','2016-11-21',1.6060,1.6060,-0.25,'场内买入','场内卖出','0')
INFO: insert into nav_etf values ('159920','2016-11-21',1.2311,1.2311,0.29,'场内买入','场内卖出','0')
INFO: insert into nav_etf values ('512810','2016-11-21',0.9662,0.9662,0.05,'场内买入','场内卖出','0')
INFO: insert into nav_etf values ('159939','2016-11-21',1.1964,1.1964,0.06,'场内买入','场内卖出','0')
INFO: insert into nav_etf values ('510130','2016-11-21',3.6074,1.2408,0.47,'场内买入','场内卖出','0')
INFO: insert into nav_etf values ('510070','2016-11-21',1.6590,1.4220,0.12,'场内买入','场内卖出','0')
INFO: insert into nav_etf values ('512220','2016-11-21',1.4687,1.4687,0.00,'场内买入','场内卖出','0')
INFO: insert into nav_etf values ('159934','2016-11-21',2.7151,1.1061,0.77,'场内买入','场内卖出','0')
INFO: insert into nav_etf values ('510900','2016-11-21',1.0489,1.0489,1.27,'场内买入','场内卖出','0')
INFO: insert into nav_etf values ('510560','2016-11-21',1.3695,0.6341,0.13,'场内买入','场内卖出','0')
INFO: insert into nav_etf values ('512990','2016-11-21',1.0217,1.0217,0.46,'场内买入','场内卖出','0')
INFO: insert into nav_etf values ('512070','2016-11-21',1.8127,1.8127,1.25,'场内买入','场内卖出','0')
INFO: insert into nav_etf values ('159912','2016-11-21',1.3514,1.3514,0.12,'场内买入','场内卖出','0')
INFO: ########################################
nav_etf is updated to latest status.
########################################
INFO: insert into nav_lof values ('161706','2016-11-21',1.4691,3.3794,-0.85,'开放申购','开放赎回','0')
INFO: insert into nav_lof values ('160211','2016-11-21',2.7760,3.3140,-0.39,'开放申购','开放赎回','0')
INFO: insert into nav_lof values ('164705','2016-11-21',1.0170,1.0710,0.30,'开放申购','开放赎回','0')
INFO: insert into nav_lof values ('160910','2016-11-21',0.9640,2.1750,-0.10,'开放申购','开放赎回','0')
INFO: insert into nav_lof values ('161907','2016-11-21',1.4809,1.4809,0.74,'开放申购','开放赎回','0')
INFO: insert into nav_lof values ('160613','2016-11-21',1.3690,2.2660,0.44,'开放申购','开放赎回','0')
INFO: insert into nav_lof values ('162711','2016-11-21',1.3847,1.3847,0.12,'开放申购','开放赎回','0')
INFO: insert into nav_lof values ('161505','2016-11-21',1.0730,1.4630,0.00,'开放申购','开放赎回','0')
INFO: insert into nav_lof values ('167501','2016-11-21',1.1030,1.3040,0.09,'开放申购','开放赎回','0')
INFO: insert into nav_lof values ('162105','2016-11-21',1.0964,1.4621,0.20,'开放申购','开放赎回','0')
INFO: insert into nav_lof values ('501000','2016-11-21',1.0180,1.0180,0.00,'开放申购','开放赎回','0')
INFO: insert into nav_lof values ('165705','2016-11-21',1.0150,1.2410,-0.10,'开放申购','开放赎回','0')
INFO: insert into nav_lof values ('160415','2016-11-21',1.2800,1.2800,0.08,'开放申购','开放赎回','0')
INFO: insert into nav_lof values ('162006','2016-11-21',1.0996,3.7354,0.17,'开放申购','开放赎回','0')
INFO: insert into nav_lof values ('161716','2016-11-21',1.0860,1.2250,0.00,'暂停申购','开放赎回','0')
INFO: insert into nav_lof values ('161614','2016-11-21',1.0410,1.3420,0.10,'开放申购','开放赎回','0')
INFO: insert into nav_lof values ('164606','2016-11-21',1.1880,1.2390,0.00,'开放申购','开放赎回','0')
INFO: insert into nav_lof values ('161506','2016-11-21',1.1130,1.4630,0.00,'开放申购','开放赎回','0')
INFO: insert into nav_lof values ('161813','2016-11-21',1.2880,1.4730,0.00,'开放申购','开放赎回','0')
INFO: insert into nav_lof values ('160512','2016-11-21',2.3830,2.5530,0.08,'开放申购','开放赎回','0')
INFO: insert into nav_lof values ('165513','2016-11-18',0.4590,0.4590,0.44,'暂停申购','开放赎回','0')
INFO: insert into nav_lof values ('160311','2016-11-21',1.3250,4.5940,-0.08,'开放申购','开放赎回','0')
INFO: insert into nav_lof values ('160314','2016-11-21',1.0310,6.1870,-0.19,'开放申购','开放赎回','0')
INFO: insert into nav_lof values ('160132','2016-11-21',1.0150,1.4740,0.00,'暂停申购','暂停赎回','0')
INFO: insert into nav_lof values ('160618','2016-11-21',1.1290,1.4940,0.00,'开放申购','开放赎回','0')
INFO: insert into nav_lof values ('162607','2016-11-21',0.4600,2.9410,0.00,'开放申购','开放赎回','0')
INFO: insert into nav_lof values ('160610','2016-11-21',1.0090,1.8290,-0.30,'开放申购','开放赎回','0')
INFO: insert into nav_lof values ('161120','2016-11-21',1.2191,1.2191,-0.02,'开放申购','开放赎回','0')
INFO: insert into nav_lof values ('160706','2016-11-21',0.9786,2.8466,0.65,'开放申购','开放赎回','0')
INFO: insert into nav_lof values ('164208','2016-11-21',1.1304,1.6539,0.00,'开放申购','开放赎回','0')
INFO: insert into nav_lof values ('160805','2016-11-21',0.8415,2.4217,0.27,'开放申购','开放赎回','0')
INFO: insert into nav_lof values ('162308','2016-11-21',1.1160,1.5850,0.00,'开放申购','开放赎回','0')
INFO: insert into nav_lof values ('165510','2016-11-18',0.6920,0.6920,0.73,'暂停申购','开放赎回','0')
INFO: insert into nav_lof values ('165309','2016-11-21',1.0318,1.0318,0.66,'开放申购','开放赎回','0')
INFO: insert into nav_lof values ('160215','2016-11-21',1.5090,1.7890,-0.40,'开放申购','开放赎回','0')
INFO: insert into nav_lof values ('162712','2016-11-21',1.4320,1.6960,0.00,'限制大额申购','开放赎回','0')
INFO: insert into nav_lof values ('165311','2016-11-21',1.3630,1.5140,0.00,'限制大额申购','开放赎回','0')
INFO: insert into nav_lof values ('160807','2016-11-21',1.1470,1.1970,0.61,'开放申购','开放赎回','0')
INFO: insert into nav_lof values ('165313','2016-11-21',1.4100,1.4100,-0.21,'开放申购','开放赎回','0')
INFO: insert into nav_lof values ('163407','2016-11-21',1.4160,1.4160,1.06,'限制大额申购','开放赎回','0')
INFO: insert into nav_lof values ('163402','2016-11-21',1.6323,8.7879,0.12,'开放申购','开放赎回','0')
INFO: insert into nav_lof values ('160212','2016-11-21',2.2690,2.2690,-0.44,'限制大额申购','开放赎回','0')
INFO: insert into nav_lof values ('161010','2016-11-21',1.1030,1.6770,0.00,'开放申购','开放赎回','0')
INFO: insert into nav_lof values ('160721','2016-11-21',1.1601,1.2140,-0.05,'限制大额申购','开放赎回','0')
INFO: insert into nav_lof values ('161908','2016-11-21',0.9168,1.5213,0.00,'开放申购','开放赎回','0')
INFO: insert into nav_lof values ('162108','2016-11-21',1.1070,1.1690,0.09,'开放申购','开放赎回','0')
INFO: insert into nav_lof values ('162511','2016-11-21',1.1260,1.1260,0.00,'开放申购','开放赎回','0')
INFO: insert into nav_lof values ('161821','2016-11-21',1.2300,1.2300,-0.08,'限制大额申购','开放赎回','0')
INFO: insert into nav_lof values ('164105','2016-11-21',1.5980,1.6690,0.00,'开放申购','开放赎回','0')
INFO: insert into nav_lof values ('166012','2016-11-21',1.0700,1.2600,-0.09,'限制大额申购','开放赎回','0')
INFO: insert into nav_lof values ('162716','2016-11-21',1.0790,1.1150,0.00,'暂停申购','开放赎回','0')
INFO: insert into nav_lof values ('160125','2016-11-18',0.8351,0.9251,0.69,'开放申购','开放赎回','0')
INFO: insert into nav_lof values ('161119','2016-11-21',1.2308,1.2308,-0.01,'开放申购','开放赎回','0')
INFO: insert into nav_lof values ('160133','2016-11-21',1.7880,1.7880,0.28,'开放申购','开放赎回','0')
INFO: insert into nav_lof values ('163412','2016-11-21',2.7140,3.7780,-0.22,'限制大额申购','开放赎回','0')
INFO: insert into nav_lof values ('165806','2016-11-21',1.1620,1.1620,-0.09,'开放申购','开放赎回','0')
INFO: insert into nav_lof values ('161810','2016-11-21',1.7310,1.6460,-0.06,'开放申购','开放赎回','0')
INFO: insert into nav_lof values ('162715','2016-11-21',1.0900,1.1310,0.00,'暂停申购','开放赎回','0')
INFO: insert into nav_lof values ('160134','2016-11-21',1.0250,1.2480,0.00,'暂停申购','暂停赎回','0')
INFO: insert into nav_lof values ('161227','2016-11-21',0.9240,1.7480,0.33,'开放申购','开放赎回','0')
INFO: insert into nav_lof values ('166006','2016-11-21',1.0202,1.1842,0.25,'开放申购','开放赎回','0')
INFO: insert into nav_lof values ('160105','2016-11-21',1.0444,3.1470,0.27,'开放申购','开放赎回','0')
INFO: insert into nav_lof values ('162605','2016-11-21',0.9030,3.5910,0.00,'开放申购','开放赎回','0')
INFO: insert into nav_lof values ('161017','2016-11-21',2.1230,2.1230,0.00,'开放申购','开放赎回','0')
INFO: insert into nav_lof values ('160123','2016-11-21',1.2037,1.2337,0.03,'开放申购','开放赎回','0')
INFO: insert into nav_lof values ('161213','2016-11-21',1.3510,1.3510,0.15,'开放申购','开放赎回','0')
INFO: insert into nav_lof values ('164808','2016-11-21',1.0130,1.5490,0.10,'限制大额申购','开放赎回','0')
INFO: insert into nav_lof values ('160915','2016-11-21',1.1360,1.6730,0.09,'开放申购','开放赎回','0')
INFO: insert into nav_lof values ('161210','2016-11-18',0.8810,0.8810,0.11,'开放申购','开放赎回','0')
INFO: insert into nav_lof values ('161820','2016-11-21',1.1240,1.3290,0.00,'限制大额申购','开放赎回','0')
INFO: insert into nav_lof values ('163821','2016-11-21',1.4850,1.4850,0.47,'开放申购','开放赎回','0')
INFO: insert into nav_lof values ('161219','2016-11-21',1.2170,2.2710,0.08,'开放申购','开放赎回','0')
INFO: insert into nav_lof values ('166001','2016-11-21',1.2567,1.7567,-0.04,'开放申购','开放赎回','0')
INFO: insert into nav_lof values ('161226','2016-11-21',0.9770,0.9770,-0.31,'限制大额申购','开放赎回','0')
INFO: insert into nav_lof values ('165517','2016-11-21',1.1410,1.1410,0.00,'开放申购','开放赎回','0')
INFO: insert into nav_lof values ('160513','2016-11-21',1.4850,1.5600,0.07,'限制大额申购','开放赎回','0')
INFO: insert into nav_lof values ('160220','2016-11-21',1.3140,1.3140,0.31,'限制大额申购','开放赎回','0')
INFO: insert into nav_lof values ('160720','2016-11-21',1.1507,1.2091,-0.05,'限制大额申购','开放赎回','0')
INFO: insert into nav_lof values ('160514','2016-11-21',1.3110,1.4110,0.08,'限制大额申购','开放赎回','0')
INFO: insert into nav_lof values ('165512','2016-11-21',2.2350,2.2350,-0.36,'开放申购','开放赎回','0')
INFO: insert into nav_lof values ('163001','2016-11-21',1.0540,1.5940,0.86,'开放申购','开放赎回','0')
INFO: insert into nav_lof values ('161224','2016-11-21',1.1370,1.2230,0.00,'开放申购','开放赎回','0')
INFO: insert into nav_lof values ('161607','2016-11-21',1.0560,2.5700,0.86,'开放申购','开放赎回','0')
INFO: insert into nav_lof values ('160106','2016-11-21',1.3438,3.8058,0.39,'开放申购','开放赎回','0')
INFO: insert into nav_lof values ('163110','2016-11-21',2.7480,2.7480,0.26,'开放申购','开放赎回','0')
INFO: insert into nav_lof values ('161610','2016-11-21',0.9540,2.8300,-0.31,'开放申购','开放赎回','0')
INFO: insert into nav_lof values ('166105','2016-11-21',0.9600,1.1090,0.00,'开放申购','开放赎回','0')
INFO: insert into nav_lof values ('160124','2016-11-21',1.1772,1.2072,0.03,'开放申购','开放赎回','0')
INFO: insert into nav_lof values ('160617','2016-11-21',1.0240,1.4820,0.10,'限制大额申购','开放赎回','0')
INFO: insert into nav_lof values ('160716','2016-11-21',1.2176,1.2176,1.16,'开放申购','开放赎回','0')
INFO: insert into nav_lof values ('160607','2016-11-21',0.6700,3.7140,-0.15,'开放申购','开放赎回','0')
INFO: insert into nav_lof values ('166011','2016-11-21',1.2630,2.4920,-0.16,'限制大额申购','开放赎回','0')
INFO: insert into nav_lof values ('160806','2016-11-21',1.2990,1.1940,0.46,'开放申购','开放赎回','0')
INFO: insert into nav_lof values ('160812','2016-11-21',1.4790,4.7940,-0.80,'开放申购','开放赎回','0')
INFO: insert into nav_lof values ('165509','2016-11-21',1.1480,1.5630,-0.09,'开放申购','开放赎回','0')
INFO: insert into nav_lof values ('161216','2016-11-21',1.0720,1.5610,0.19,'开放申购','开放赎回','0')
INFO: insert into nav_lof values ('161722','2016-11-21',1.0730,1.0730,0.37,'限制大额申购','开放赎回','0')
INFO: insert into nav_lof values ('160717','2016-11-21',0.7260,0.7260,1.27,'开放申购','开放赎回','0')
INFO: insert into nav_lof values ('164906','2016-11-18',0.9870,0.9870,-0.40,'开放申购','开放赎回','0')
INFO: insert into nav_lof values ('160615','2016-11-21',1.3420,1.4020,0.68,'开放申购','开放赎回','0')
INFO: insert into nav_lof values ('166007','2016-11-21',1.2174,1.2624,0.54,'开放申购','开放赎回','0')
INFO: insert into nav_lof values ('161015','2016-11-21',0.9220,1.5580,0.00,'开放申购','开放赎回','0')
INFO: insert into nav_lof values ('163824','2016-11-21',1.1360,1.3160,0.00,'暂停申购','暂停赎回','0')
INFO: insert into nav_lof values ('164902','2016-11-21',1.3720,1.4830,0.07,'开放申购','开放赎回','0')
INFO: insert into nav_lof values ('160515','2016-11-21',1.0310,1.3790,0.10,'暂停申购','暂停赎回','0')
INFO: insert into nav_lof values ('162207','2016-11-21',1.1731,2.8215,0.11,'开放申购','开放赎回','0')
INFO: insert into nav_lof values ('161831','2016-11-21',0.9140,0.9661,1.23,'限制大额申购','开放赎回','0')
INFO: insert into nav_lof values ('161714','2016-11-18',0.7800,0.7800,0.13,'暂停申购','开放赎回','0')
INFO: insert into nav_lof values ('165516','2016-11-21',2.4420,2.4420,0.12,'开放申购','开放赎回','0')
INFO: insert into nav_lof values ('161115','2016-11-21',1.7690,1.9130,0.00,'开放申购','开放赎回','0')
INFO: insert into nav_lof values ('160919','2016-11-21',1.1440,3.1300,0.97,'开放申购','开放赎回','0')
INFO: insert into nav_lof values ('160810','2016-11-21',1.1920,1.1920,0.00,'开放申购','开放赎回','0')
INFO: insert into nav_lof values ('160505','2016-11-21',1.9960,5.1000,0.35,'开放申购','开放赎回','0')
INFO: insert into nav_lof values ('165314','2016-11-21',1.3500,1.3500,0.00,'限制大额申购','开放赎回','0')
INFO: insert into nav_lof values ('163801','2016-11-21',1.2322,4.0522,-0.11,'开放申购','开放赎回','0')
INFO: insert into nav_lof values ('160916','2016-11-21',2.2920,1.8020,0.17,'开放申购','开放赎回','0')
INFO: insert into nav_lof values ('161005','2016-11-21',1.7184,4.4064,-0.17,'开放申购','开放赎回','0')
INFO: insert into nav_lof values ('163819','2016-11-21',1.3130,1.4570,0.00,'限制大额申购','开放赎回','0')
INFO: insert into nav_lof values ('160616','2016-11-21',1.3410,1.3410,0.15,'开放申购','开放赎回','0')
INFO: insert into nav_lof values ('162414','2016-11-21',1.0686,1.0686,0.07,'开放申购','开放赎回','0')
INFO: insert into nav_lof values ('163302','2016-11-21',1.5089,3.9619,0.27,'开放申购','开放赎回','0')
INFO: insert into nav_lof values ('166401','2016-11-21',1.0680,1.0680,0.00,'开放申购','开放赎回','0')
INFO: insert into nav_lof values ('161903','2016-11-21',0.9325,2.6256,0.13,'开放申购','开放赎回','0')
INFO: insert into nav_lof values ('165508','2016-11-21',1.7750,1.7750,0.00,'开放申购','开放赎回','0')
INFO: insert into nav_lof values ('166008','2016-11-21',1.0369,1.4363,-0.02,'限制大额申购','开放赎回','0')
INFO: insert into nav_lof values ('160611','2016-11-21',0.9380,1.0670,0.32,'开放申购','开放赎回','0')
INFO: insert into nav_lof values ('163415','2016-11-21',1.4400,2.3000,-0.41,'开放申购','开放赎回','0')
INFO: insert into nav_lof values ('163503','2016-11-21',0.5038,2.3989,1.14,'开放申购','开放赎回','0')
INFO: insert into nav_lof values ('162307','2016-11-21',1.0400,1.0400,0.87,'开放申购','开放赎回','0')
INFO: insert into nav_lof values ('160813','2016-11-21',0.7860,3.2220,0.26,'开放申购','开放赎回','0')
INFO: insert into nav_lof values ('161822','2016-11-21',1.2180,1.2180,-0.08,'限制大额申购','开放赎回','0')
INFO: insert into nav_lof values ('160119','2016-11-21',1.6120,1.7120,0.12,'开放申购','开放赎回','0')
INFO: insert into nav_lof values ('162510','2016-11-21',1.1200,1.9080,0.09,'开放申购','开放赎回','0')
INFO: insert into nav_lof values ('163409','2016-11-21',1.6110,2.2910,0.00,'开放申购','开放赎回','0')
INFO: insert into nav_lof values ('166009','2016-11-21',2.0280,2.5290,-0.15,'开放申购','开放赎回','0')
INFO: insert into nav_lof values ('162703','2016-11-21',1.1455,3.4835,0.41,'开放申购','开放赎回','0')
INFO: insert into nav_lof values ('160918','2016-11-21',1.8250,4.6300,0.22,'开放申购','开放赎回','0')
INFO: insert into nav_lof values ('161217','2016-11-21',0.6600,0.6600,0.46,'开放申购','开放赎回','0')
INFO: ########################################
nav_lof is updated to latest status.
########################################
