INFO: insert into nav_etf values ('510650','2016-11-23',1.5322,1.5322,0.54,'场内买入','场内卖出','0')
INFO: insert into nav_etf values ('510360','2016-11-23',1.0690,1.0690,0.19,'场内买入','场内卖出','0')
INFO: insert into nav_etf values ('510160','2016-11-23',0.5333,1.3268,-0.30,'场内买入','场内卖出','0')
INFO: insert into nav_etf values ('159918','2016-11-23',2.1674,2.1674,-0.61,'场内买入','场内卖出','0')
INFO: insert into nav_etf values ('512010','2016-11-23',1.3238,1.3238,-0.24,'场内买入','场内卖出','0')
INFO: insert into nav_etf values ('512680','2016-11-23',1.0049,1.0049,0.14,'场内买入','场内卖出','0')
INFO: insert into nav_etf values ('512990','2016-11-23',1.0301,1.0301,0.06,'场内买入','场内卖出','0')
INFO: insert into nav_etf values ('510190','2016-11-23',3.3030,1.2660,-0.21,'场内买入','场内卖出','0')
INFO: insert into nav_etf values ('510660','2016-11-23',1.5475,1.5475,-0.45,'场内买入','场内卖出','0')
INFO: insert into nav_etf values ('159948','2016-11-23',2.1870,1.0747,-0.54,'场内买入','场内卖出','0')
INFO: insert into nav_etf values ('159912','2016-11-23',1.3614,1.3614,-0.01,'场内买入','场内卖出','0')
INFO: insert into nav_etf values ('159940','2016-11-23',0.8373,0.8373,0.44,'场内买入','场内卖出','0')
INFO: insert into nav_etf values ('510210','2016-11-23',3.6150,1.2370,-0.03,'场内买入','场内卖出','0')
INFO: insert into nav_etf values ('510290','2016-11-23',1.6096,1.6096,-0.55,'场内买入','场内卖出','0')
INFO: insert into nav_etf values ('510810','2016-11-23',1.0328,1.0328,-0.19,'场内买入','场内卖出','0')
INFO: insert into nav_etf values ('512610','2016-11-23',1.4549,1.4549,-0.43,'场内买入','场内卖出','0')
INFO: insert into nav_etf values ('510900','2016-11-23',1.0720,1.0720,0.33,'场内买入','场内卖出','0')
INFO: insert into nav_etf values ('159944','2016-11-23',0.8928,0.8928,-0.59,'场内买入','场内卖出','0')
INFO: insert into nav_etf values ('512210','2016-11-23',1.4224,1.4224,0.62,'场内买入','场内卖出','0')
INFO: insert into nav_etf values ('510510','2016-11-23',1.8263,1.8263,-0.45,'场内买入','场内卖出','0')
INFO: insert into nav_etf values ('510880','2016-11-23',2.7630,2.0420,0.07,'场内买入','场内卖出','0')
INFO: insert into nav_etf values ('159903','2016-11-23',1.1687,0.8623,-0.11,'场内买入','场内卖出','0')
INFO: insert into nav_etf values ('159920','2016-11-23',1.2465,1.2465,0.08,'场内买入','场内卖出','0')
INFO: insert into nav_etf values ('159908','2016-11-23',1.2728,1.2728,0.62,'场内买入','场内卖出','0')
INFO: insert into nav_etf values ('510110','2016-11-23',3.1700,1.2720,0.32,'场内买入','场内卖出','0')
INFO: insert into nav_etf values ('510010','2016-11-23',0.9990,1.1120,0.20,'场内买入','场内卖出','0')
INFO: insert into nav_etf values ('159937','2016-11-23',2.7333,1.0732,0.21,'场内买入','场内卖出','0')
INFO: insert into nav_etf values ('512640','2016-11-23',1.7548,1.7548,0.47,'场内买入','场内卖出','0')
INFO: insert into nav_etf values ('510030','2016-11-23',4.0900,1.4000,0.66,'场内买入','场内卖出','0')
INFO: insert into nav_etf values ('159946','2016-11-23',1.0075,1.0075,0.23,'场内买入','场内卖出','0')
INFO: insert into nav_etf values ('159924','2016-11-23',1.4460,1.4460,-0.28,'场内买入','场内卖出','0')
INFO: insert into nav_etf values ('510260','2016-11-23',1.1500,1.1500,-0.26,'场内买入','场内卖出','0')
INFO: insert into nav_etf values ('510230','2016-11-23',5.4460,1.5467,0.48,'场内买入','场内卖出','0')
INFO: insert into nav_etf values ('159928','2016-11-23',1.4761,1.4761,0.40,'场内买入','场内卖出','0')
INFO: insert into nav_etf values ('159910','2016-11-23',1.4442,1.4442,0.80,'场内买入','场内卖出','0')
INFO: insert into nav_etf values ('510150','2016-11-23',3.9280,1.2950,-0.03,'场内买入','场内卖出','0')
INFO: insert into nav_etf values ('510170','2016-11-23',1.8270,0.5670,-1.03,'场内买入','场内卖出','0')
INFO: insert into nav_etf values ('159936','2016-11-23',1.6205,1.6205,0.15,'场内买入','场内卖出','0')
INFO: insert into nav_etf values ('511010','2016-11-23',112.7770,1.1410,0.02,'场内买入','场内卖出','0')
INFO: insert into nav_etf values ('510630','2016-11-23',1.6113,1.6113,0.14,'场内买入','场内卖出','0')
INFO: insert into nav_etf values ('512120','2016-11-23',1.3730,1.3730,-0.44,'场内买入','场内卖出','0')
INFO: insert into nav_etf values ('159929','2016-11-23',1.4556,1.4556,-0.43,'场内买入','场内卖出','0')
INFO: insert into nav_etf values ('159913','2016-11-23',1.5160,1.5160,0.60,'场内买入','场内卖出','0')
INFO: insert into nav_etf values ('159906','2016-11-23',0.9850,0.9850,-0.51,'场内买入','场内卖出','0')
INFO: insert into nav_etf values ('512600','2016-11-23',1.5356,1.5356,0.39,'场内买入','场内卖出','0')
INFO: insert into nav_etf values ('159922','2016-11-23',6.6526,1.8653,-0.43,'场内买入','场内卖出','0')
INFO: insert into nav_etf values ('159905','2016-11-23',1.2614,1.2614,1.41,'场内买入','场内卖出','0')
INFO: insert into nav_etf values ('159939','2016-11-23',1.2011,1.2011,-0.60,'场内买入','场内卖出','0')
INFO: insert into nav_etf values ('159935','2016-11-23',1.7288,1.7288,-0.46,'场内买入','场内卖出','0')
INFO: insert into nav_etf values ('510330','2016-11-23',3.7008,1.5476,0.20,'场内买入','场内卖出','0')
INFO: insert into nav_etf values ('159930','2016-11-23',0.8543,0.8543,-1.19,'场内买入','场内卖出','0')
INFO: insert into nav_etf values ('159938','2016-11-23',1.3444,1.3444,-0.53,'场内买入','场内卖出','0')
INFO: insert into nav_etf values ('159925','2016-11-23',1.4188,1.2439,0.19,'封闭期','封闭期','0')
INFO: insert into nav_etf values ('159901','2016-11-23',4.2602,4.1589,0.43,'场内买入','场内卖出','0')
INFO: insert into nav_etf values ('159909','2016-11-23',5.0670,1.5580,-0.65,'场内买入','场内卖出','0')
INFO: insert into nav_etf values ('510120','2016-11-23',2.6930,1.1340,-0.11,'场内买入','场内卖出','0')
INFO: insert into nav_etf values ('159932','2016-11-23',1.9210,1.6270,-0.47,'场内买入','场内卖出','0')
INFO: insert into nav_etf values ('510090','2016-11-23',1.3550,1.6165,0.40,'场内买入','场内卖出','0')
INFO: insert into nav_etf values ('513030','2016-11-22',0.9200,0.9200,0.44,'暂停申购','场内卖出','0')
INFO: insert into nav_etf values ('159942','2016-11-23',1.9440,0.5940,-0.26,'场内买入','场内卖出','0')
INFO: insert into nav_etf values ('159949','2016-11-23',0.9218,0.9218,-0.44,'场内买入','场内卖出','0')
INFO: insert into nav_etf values ('159927','2016-11-23',3.4791,1.5396,0.21,'场内买入','场内卖出','0')
INFO: insert into nav_etf values ('512230','2016-11-23',1.3258,1.3258,-0.42,'场内买入','场内卖出','0')
INFO: insert into nav_etf values ('510410','2016-11-23',0.7202,0.7202,-1.06,'场内买入','场内卖出','0')
INFO: insert into nav_etf values ('510710','2016-11-23',2.3845,0.7371,0.31,'场内买入','场内卖出','0')
INFO: insert into nav_etf values ('510070','2016-11-23',1.6650,1.4270,-0.24,'场内买入','场内卖出','0')
INFO: insert into nav_etf values ('513660','2016-11-23',2.0566,1.0677,0.16,'场内买入','场内卖出','0')
INFO: insert into nav_etf values ('513600','2016-11-23',2.0758,1.0766,0.17,'场内买入','场内卖出','0')
INFO: insert into nav_etf values ('159916','2016-11-23',2.8023,1.5268,1.18,'场内买入','场内卖出','0')
INFO: insert into nav_etf values ('159943','2016-11-23',11.5200,0.7560,-0.11,'场内买入','场内卖出','0')
INFO: insert into nav_etf values ('512500','2016-11-23',3.2038,0.7013,-0.43,'场内买入','场内卖出','0')
INFO: insert into nav_etf values ('512660','2016-11-23',1.0120,1.0120,0.19,'场内买入','场内卖出','0')
INFO: insert into nav_etf values ('510220','2016-11-23',4.0730,1.1240,-0.34,'场内买入','场内卖出','0')
INFO: insert into nav_etf values ('512310','2016-11-23',0.7110,0.7110,-0.32,'场内买入','场内卖出','0')
INFO: insert into nav_etf values ('159902','2016-11-23',3.3300,3.4500,-0.33,'暂停申购','场内卖出','0')
INFO: insert into nav_etf values ('510300','2016-11-23',3.5357,1.3735,0.21,'场内买入','场内卖出','0')
INFO: insert into nav_etf values ('159921','2016-11-23',1.6290,1.6290,-0.49,'场内买入','场内卖出','0')
INFO: insert into nav_etf values ('512880','2016-11-23',1.1258,1.1258,-0.83,'场内买入','场内卖出','0')
INFO: insert into nav_etf values ('159941','2016-11-22',1.1172,1.1172,0.04,'场内买入','场内卖出','0')
INFO: insert into nav_etf values ('510520','2016-11-23',1.7266,1.7266,-0.45,'场内买入','场内卖出','0')
INFO: insert into nav_etf values ('159945','2016-11-23',0.7312,0.7312,-1.08,'场内买入','场内卖出','0')
INFO: insert into nav_etf values ('512300','2016-11-23',1.2696,1.2696,-0.53,'场内买入','场内卖出','0')
INFO: insert into nav_etf values ('510500','2016-11-23',6.9448,1.9468,-0.46,'场内买入','场内卖出','0')
INFO: insert into nav_etf values ('512000','2016-11-23',1.0792,1.0792,-0.87,'场内买入','场内卖出','0')
INFO: insert into nav_etf values ('510060','2016-11-23',1.6210,1.0369,0.21,'场内买入','场内卖出','0')
INFO: insert into nav_etf values ('159923','2016-11-23',1.3350,1.3350,0.45,'场内买入','场内卖出','0')
INFO: insert into nav_etf values ('159915','2016-11-23',2.0751,2.3772,-0.55,'场内买入','场内卖出','0')
INFO: insert into nav_etf values ('510440','2016-11-23',1.9300,1.9300,-0.41,'场内买入','场内卖出','0')
INFO: insert into nav_etf values ('159911','2016-11-23',4.3702,1.3242,-0.01,'场内买入','场内卖出','0')
INFO: insert into nav_etf values ('510580','2016-11-23',6.8600,1.0571,-0.41,'场内买入','场内卖出','0')
INFO: insert into nav_etf values ('510680','2016-11-23',1.8763,1.8763,0.28,'场内买入','场内卖出','0')
INFO: insert into nav_etf values ('159926','2016-11-23',111.8660,1.1190,0.10,'场内买入','场内卖出','0')
INFO: insert into nav_etf values ('510280','2016-11-23',1.4310,1.4310,0.49,'场内买入','场内卖出','0')
INFO: insert into nav_etf values ('159919','2016-11-23',3.7479,1.4325,0.18,'场内买入','场内卖出','0')
INFO: insert into nav_etf values ('512510','2016-11-23',1.3477,0.6700,-0.44,'场内买入','场内卖出','0')
INFO: insert into nav_etf values ('511210','2016-11-23',117.1067,1.1711,0.05,'场内买入','场内卖出','0')
INFO: insert into nav_etf values ('513500','2016-11-22',1.3989,1.3989,-0.06,'暂停申购','场内卖出','0')
INFO: insert into nav_etf values ('512220','2016-11-23',1.4727,1.4727,-0.65,'场内买入','场内卖出','0')
INFO: insert into nav_etf values ('510130','2016-11-23',3.6353,1.2504,-0.03,'场内买入','场内卖出','0')
INFO: insert into nav_etf values ('510310','2016-11-23',1.4496,1.4496,0.19,'场内买入','场内卖出','0')
INFO: insert into nav_etf values ('512340','2016-11-23',0.8432,0.8432,-0.71,'场内买入','场内卖出','0')
INFO: insert into nav_etf values ('512810','2016-11-23',0.9716,0.9716,0.13,'场内买入','场内卖出','0')
INFO: insert into nav_etf values ('510270','2016-11-23',1.0360,1.2090,0.29,'场内买入','场内卖出','0')
INFO: insert into nav_etf values ('159934','2016-11-23',2.7170,1.1069,0.21,'场内买入','场内卖出','0')
INFO: insert into nav_etf values ('512070','2016-11-23',1.8179,1.8179,-0.71,'场内买入','场内卖出','0')
INFO: insert into nav_etf values ('510180','2016-11-23',3.0630,3.0994,0.17,'场内买入','场内卖出','0')
INFO: insert into nav_etf values ('510560','2016-11-23',1.3731,0.6358,-0.46,'场内买入','场内卖出','0')
INFO: insert into nav_etf values ('510420','2016-11-23',1.5100,1.5100,-0.20,'场内买入','场内卖出','0')
INFO: insert into nav_etf values ('159933','2016-11-23',1.6836,1.6836,0.48,'场内买入','场内卖出','0')
INFO: insert into nav_etf values ('518880','2016-11-23',2.7287,1.0304,0.22,'场内买入','场内卖出','0')
INFO: insert into nav_etf values ('510050','2016-11-23',2.4150,3.2030,0.33,'场内买入','场内卖出','0')
INFO: insert into nav_etf values ('511220','2016-11-23',101.5440,1.1200,-0.01,'场内买入','场内卖出','0')
INFO: insert into nav_etf values ('510020','2016-11-23',2.3470,0.8656,0.06,'场内买入','场内卖出','0')
INFO: insert into nav_etf values ('512330','2016-11-23',0.8726,0.8726,-0.62,'场内买入','场内卖出','0')
INFO: insert into nav_etf values ('159931','2016-11-23',1.5610,1.5610,0.48,'场内买入','场内卖出','0')
INFO: insert into nav_etf values ('513100','2016-11-22',1.7720,1.7720,0.00,'场内买入','场内卖出','0')
INFO: insert into nav_etf values ('510430','2016-11-23',1.3950,1.3950,-0.14,'场内买入','场内卖出','0')
INFO: insert into nav_etf values ('159907','2016-11-23',1.5067,1.3689,-0.41,'场内买入','场内卖出','0')
INFO: ########################################
nav_etf is updated to latest status.
########################################
INFO: insert into nav_lof values ('163409','2016-11-23',1.6140,2.2940,-0.68,'开放申购','开放赎回','0')
INFO: insert into nav_lof values ('163824','2016-11-23',1.1360,1.3160,0.00,'暂停申购','暂停赎回','0')
INFO: insert into nav_lof values ('160211','2016-11-23',2.7730,3.3110,-0.50,'开放申购','开放赎回','0')
INFO: insert into nav_lof values ('162711','2016-11-23',1.3885,1.3885,-0.42,'开放申购','开放赎回','0')
INFO: insert into nav_lof values ('161907','2016-11-23',1.4945,1.4945,0.34,'开放申购','开放赎回','0')
INFO: insert into nav_lof values ('160611','2016-11-23',0.9460,1.0750,0.00,'开放申购','开放赎回','0')
INFO: insert into nav_lof values ('165705','2016-11-23',1.0150,1.2410,0.00,'开放申购','开放赎回','0')
INFO: insert into nav_lof values ('165806','2016-11-23',1.1740,1.1740,0.34,'开放申购','开放赎回','0')
INFO: insert into nav_lof values ('160314','2016-11-23',1.0340,6.1980,-0.39,'开放申购','开放赎回','0')
INFO: insert into nav_lof values ('161714','2016-11-22',0.7920,0.7920,0.64,'暂停申购','开放赎回','0')
INFO: insert into nav_lof values ('165516','2016-11-23',2.4540,2.4540,-0.41,'开放申购','开放赎回','0')
INFO: insert into nav_lof values ('163302','2016-11-23',1.5128,3.9658,-0.58,'开放申购','开放赎回','0')
INFO: insert into nav_lof values ('161822','2016-11-23',1.2180,1.2180,-0.08,'限制大额申购','开放赎回','0')
INFO: insert into nav_lof values ('160215','2016-11-23',1.5120,1.7920,-0.40,'开放申购','开放赎回','0')
INFO: insert into nav_lof values ('162108','2016-11-23',1.1070,1.1690,0.00,'开放申购','开放赎回','0')
INFO: insert into nav_lof values ('160505','2016-11-23',2.0290,5.1330,1.00,'开放申购','开放赎回','0')
INFO: insert into nav_lof values ('160916','2016-11-23',2.2930,1.8030,-0.22,'开放申购','开放赎回','0')
INFO: insert into nav_lof values ('160105','2016-11-23',1.0423,3.1449,-0.74,'开放申购','开放赎回','0')
INFO: insert into nav_lof values ('160618','2016-11-23',1.1300,1.4950,0.09,'开放申购','开放赎回','0')
INFO: insert into nav_lof values ('163415','2016-11-23',1.4480,2.3080,-0.34,'开放申购','开放赎回','0')
INFO: insert into nav_lof values ('165509','2016-11-23',1.1520,1.5670,-0.26,'开放申购','开放赎回','0')
INFO: insert into nav_lof values ('161813','2016-11-23',1.2880,1.4730,0.00,'开放申购','开放赎回','0')
INFO: insert into nav_lof values ('161015','2016-11-23',0.9220,1.5580,0.00,'开放申购','开放赎回','0')
INFO: insert into nav_lof values ('160125','2016-11-22',0.8463,0.9363,1.14,'开放申购','开放赎回','0')
INFO: insert into nav_lof values ('161831','2016-11-23',0.9310,0.9831,0.20,'限制大额申购','开放赎回','0')
INFO: insert into nav_lof values ('161607','2016-11-23',1.0780,2.5920,0.84,'开放申购','开放赎回','0')
INFO: insert into nav_lof values ('162307','2016-11-23',1.0530,1.0530,0.48,'开放申购','开放赎回','0')
INFO: insert into nav_lof values ('165510','2016-11-22',0.7080,0.7080,0.85,'暂停申购','开放赎回','0')
INFO: insert into nav_lof values ('161810','2016-11-23',1.7290,1.6440,-0.69,'开放申购','开放赎回','0')
INFO: insert into nav_lof values ('165313','2016-11-23',1.4180,1.4180,0.07,'开放申购','开放赎回','0')
INFO: insert into nav_lof values ('160615','2016-11-23',1.3550,1.4150,0.22,'开放申购','开放赎回','0')
INFO: insert into nav_lof values ('165512','2016-11-23',2.2520,2.2520,-0.13,'开放申购','开放赎回','0')
INFO: insert into nav_lof values ('160919','2016-11-23',1.1460,3.1320,-0.69,'开放申购','开放赎回','0')
INFO: insert into nav_lof values ('161213','2016-11-23',1.3630,1.3630,0.22,'开放申购','开放赎回','0')
INFO: insert into nav_lof values ('160706','2016-11-23',0.9877,2.8557,0.17,'开放申购','开放赎回','0')
INFO: insert into nav_lof values ('163819','2016-11-23',1.3130,1.4570,0.00,'限制大额申购','开放赎回','0')
INFO: insert into nav_lof values ('160616','2016-11-23',1.3460,1.3460,-0.37,'开放申购','开放赎回','0')
INFO: insert into nav_lof values ('501000','2016-11-23',1.0180,1.0180,0.00,'开放申购','开放赎回','0')
INFO: insert into nav_lof values ('161505','2016-11-23',1.0720,1.4620,-0.09,'开放申购','开放赎回','0')
INFO: insert into nav_lof values ('162207','2016-11-23',1.1738,2.8232,-0.37,'开放申购','开放赎回','0')
INFO: insert into nav_lof values ('160915','2016-11-23',1.1370,1.6740,0.00,'开放申购','开放赎回','0')
INFO: insert into nav_lof values ('162703','2016-11-23',1.1481,3.4861,-0.33,'开放申购','开放赎回','0')
INFO: insert into nav_lof values ('165311','2016-11-23',1.3630,1.5140,-0.07,'限制大额申购','开放赎回','0')
INFO: insert into nav_lof values ('160806','2016-11-23',1.3070,1.2010,0.00,'开放申购','开放赎回','0')
INFO: insert into nav_lof values ('163402','2016-11-23',1.6398,8.8179,0.03,'开放申购','开放赎回','0')
INFO: insert into nav_lof values ('166008','2016-11-23',1.0364,1.4358,-0.03,'限制大额申购','开放赎回','0')
INFO: insert into nav_lof values ('161017','2016-11-23',2.1340,2.1340,-0.42,'开放申购','开放赎回','0')
INFO: insert into nav_lof values ('164808','2016-11-23',1.0130,1.5490,0.00,'限制大额申购','开放赎回','0')
INFO: insert into nav_lof values ('163503','2016-11-23',0.5020,2.3954,-1.30,'开放申购','开放赎回','0')
INFO: insert into nav_lof values ('166007','2016-11-23',1.2278,1.2728,0.15,'开放申购','开放赎回','0')
INFO: insert into nav_lof values ('165517','2016-11-23',1.1410,1.1410,0.00,'开放申购','开放赎回','0')
INFO: insert into nav_lof values ('160512','2016-11-23',2.3830,2.5530,-1.04,'开放申购','开放赎回','0')
INFO: insert into nav_lof values ('161908','2016-11-23',0.9169,1.5214,0.01,'开放申购','开放赎回','0')
INFO: insert into nav_lof values ('160134','2016-11-23',1.0250,1.2480,0.00,'暂停申购','暂停赎回','0')
INFO: insert into nav_lof values ('163110','2016-11-23',2.7600,2.7600,-0.22,'开放申购','开放赎回','0')
INFO: insert into nav_lof values ('162006','2016-11-23',1.0998,3.7356,-0.10,'开放申购','开放赎回','0')
INFO: insert into nav_lof values ('161210','2016-11-22',0.8870,0.8870,0.34,'开放申购','开放赎回','0')
INFO: insert into nav_lof values ('160415','2016-11-23',1.2890,1.2890,0.00,'开放申购','开放赎回','0')
INFO: insert into nav_lof values ('166011','2016-11-23',1.2670,2.4960,0.00,'限制大额申购','开放赎回','0')
INFO: insert into nav_lof values ('161614','2016-11-23',1.0410,1.3420,0.00,'开放申购','开放赎回','0')
INFO: insert into nav_lof values ('162511','2016-11-23',1.1250,1.1250,-0.09,'开放申购','开放赎回','0')
INFO: insert into nav_lof values ('161005','2016-11-23',1.7253,4.4133,0.11,'开放申购','开放赎回','0')
INFO: insert into nav_lof values ('164105','2016-11-23',1.5970,1.6680,-0.06,'开放申购','开放赎回','0')
INFO: insert into nav_lof values ('166009','2016-11-23',2.0385,2.5395,-0.07,'开放申购','开放赎回','0')
INFO: insert into nav_lof values ('160133','2016-11-23',1.7990,1.7990,-0.17,'开放申购','开放赎回','0')
INFO: insert into nav_lof values ('161010','2016-11-23',1.1030,1.6770,0.00,'开放申购','开放赎回','0')
INFO: insert into nav_lof values ('161224','2016-11-23',1.1390,1.2250,-0.09,'开放申购','开放赎回','0')
INFO: insert into nav_lof values ('162510','2016-11-23',1.1210,1.9090,-0.44,'开放申购','开放赎回','0')
INFO: insert into nav_lof values ('160720','2016-11-23',1.1504,1.2088,-0.02,'限制大额申购','开放赎回','0')
INFO: insert into nav_lof values ('166001','2016-11-23',1.2560,1.7560,-0.28,'开放申购','开放赎回','0')
INFO: insert into nav_lof values ('160910','2016-11-23',0.9640,2.1750,-0.31,'开放申购','开放赎回','0')
INFO: insert into nav_lof values ('164902','2016-11-23',1.3730,1.4840,0.00,'开放申购','开放赎回','0')
INFO: insert into nav_lof values ('163001','2016-11-23',1.0510,1.5910,-0.66,'开放申购','开放赎回','0')
INFO: insert into nav_lof values ('166105','2016-11-23',0.9600,1.1090,0.00,'开放申购','开放赎回','0')
INFO: insert into nav_lof values ('161219','2016-11-23',1.2180,2.2720,-0.41,'开放申购','开放赎回','0')
INFO: insert into nav_lof values ('161706','2016-11-23',1.4735,3.3838,-0.57,'开放申购','开放赎回','0')
INFO: insert into nav_lof values ('166012','2016-11-23',1.0700,1.2600,0.00,'限制大额申购','开放赎回','0')
INFO: insert into nav_lof values ('160717','2016-11-23',0.7400,0.7400,0.19,'开放申购','开放赎回','0')
INFO: insert into nav_lof values ('167501','2016-11-23',1.1020,1.3030,0.00,'开放申购','开放赎回','0')
INFO: insert into nav_lof values ('161506','2016-11-23',1.1130,1.4630,0.00,'开放申购','开放赎回','0')
INFO: insert into nav_lof values ('160124','2016-11-23',1.1795,1.2095,0.14,'开放申购','开放赎回','0')
INFO: insert into nav_lof values ('162607','2016-11-23',0.4640,2.9450,0.00,'开放申购','开放赎回','0')
INFO: insert into nav_lof values ('165513','2016-11-22',0.4680,0.4680,-0.43,'暂停申购','开放赎回','0')
INFO: insert into nav_lof values ('162308','2016-11-23',1.1160,1.5850,-0.18,'开放申购','开放赎回','0')
INFO: insert into nav_lof values ('161820','2016-11-23',1.1240,1.3290,0.00,'限制大额申购','开放赎回','0')
INFO: insert into nav_lof values ('160514','2016-11-23',1.3120,1.4120,0.08,'限制大额申购','开放赎回','0')
INFO: insert into nav_lof values ('162414','2016-11-23',1.0707,1.0707,0.12,'开放申购','开放赎回','0')
INFO: insert into nav_lof values ('164606','2016-11-23',1.1890,1.2400,0.08,'开放申购','开放赎回','0')
INFO: insert into nav_lof values ('166401','2016-11-23',1.0680,1.0680,0.00,'开放申购','开放赎回','0')
INFO: insert into nav_lof values ('162716','2016-11-23',1.0790,1.1150,0.00,'暂停申购','开放赎回','0')
INFO: insert into nav_lof values ('164906','2016-11-22',0.9910,0.9910,-0.50,'开放申购','开放赎回','0')
INFO: insert into nav_lof values ('161716','2016-11-23',1.0860,1.2250,0.00,'暂停申购','开放赎回','0')
INFO: insert into nav_lof values ('162605','2016-11-23',0.9050,3.5930,-0.66,'开放申购','开放赎回','0')
INFO: insert into nav_lof values ('165314','2016-11-23',1.3510,1.3510,0.00,'限制大额申购','开放赎回','0')
INFO: insert into nav_lof values ('160106','2016-11-23',1.3597,3.8217,0.33,'开放申购','开放赎回','0')
INFO: insert into nav_lof values ('162712','2016-11-23',1.4320,1.6960,0.00,'限制大额申购','开放赎回','0')
INFO: insert into nav_lof values ('160813','2016-11-23',0.7910,3.2290,0.00,'开放申购','开放赎回','0')
INFO: insert into nav_lof values ('160810','2016-11-23',1.1920,1.1920,0.00,'开放申购','开放赎回','0')
INFO: insert into nav_lof values ('160513','2016-11-23',1.4870,1.5620,0.07,'限制大额申购','开放赎回','0')
INFO: insert into nav_lof values ('161227','2016-11-23',0.9370,1.7720,0.54,'开放申购','开放赎回','0')
INFO: insert into nav_lof values ('160721','2016-11-23',1.1599,1.2138,-0.02,'限制大额申购','开放赎回','0')
INFO: insert into nav_lof values ('165309','2016-11-23',1.0411,1.0411,0.16,'开放申购','开放赎回','0')
INFO: insert into nav_lof values ('161119','2016-11-23',1.2315,1.2315,0.04,'开放申购','开放赎回','0')
INFO: insert into nav_lof values ('161821','2016-11-23',1.2310,1.2310,0.00,'限制大额申购','开放赎回','0')
INFO: insert into nav_lof values ('161610','2016-11-23',0.9500,2.8190,-0.94,'开放申购','开放赎回','0')
INFO: insert into nav_lof values ('161903','2016-11-23',0.9343,2.6288,-0.50,'开放申购','开放赎回','0')
INFO: insert into nav_lof values ('160805','2016-11-23',0.8458,2.4260,-0.02,'开放申购','开放赎回','0')
INFO: insert into nav_lof values ('162715','2016-11-23',1.0900,1.1310,0.00,'暂停申购','开放赎回','0')
INFO: insert into nav_lof values ('161217','2016-11-23',0.6660,0.6660,-0.89,'开放申购','开放赎回','0')
INFO: insert into nav_lof values ('161722','2016-11-23',1.0860,1.0860,0.93,'限制大额申购','开放赎回','0')
INFO: insert into nav_lof values ('160607','2016-11-23',0.6790,3.7400,0.89,'开放申购','开放赎回','0')
INFO: insert into nav_lof values ('160220','2016-11-23',1.3130,1.3130,-0.15,'限制大额申购','开放赎回','0')
INFO: insert into nav_lof values ('166006','2016-11-23',1.0239,1.1879,-0.36,'开放申购','开放赎回','0')
INFO: insert into nav_lof values ('160617','2016-11-23',1.0250,1.4830,0.10,'限制大额申购','开放赎回','0')
INFO: insert into nav_lof values ('160610','2016-11-23',1.0160,1.8360,-0.10,'开放申购','开放赎回','0')
INFO: insert into nav_lof values ('160132','2016-11-23',1.0170,1.4760,-0.10,'暂停申购','暂停赎回','0')
INFO: insert into nav_lof values ('164705','2016-11-23',1.0300,1.0840,0.19,'开放申购','开放赎回','0')
INFO: insert into nav_lof values ('160515','2016-11-23',1.0320,1.3800,0.10,'暂停申购','暂停赎回','0')
INFO: insert into nav_lof values ('160311','2016-11-23',1.3280,4.6010,-0.30,'开放申购','开放赎回','0')
INFO: insert into nav_lof values ('164208','2016-11-23',1.1311,1.6546,0.06,'开放申购','开放赎回','0')
INFO: insert into nav_lof values ('161216','2016-11-23',1.0730,1.5620,0.00,'开放申购','开放赎回','0')
INFO: insert into nav_lof values ('163407','2016-11-23',1.4370,1.4370,0.43,'限制大额申购','开放赎回','0')
INFO: insert into nav_lof values ('160123','2016-11-23',1.2061,1.2361,0.14,'开放申购','开放赎回','0')
INFO: insert into nav_lof values ('160212','2016-11-23',2.2670,2.2670,-0.48,'限制大额申购','开放赎回','0')
INFO: insert into nav_lof values ('160716','2016-11-23',1.2383,1.2383,0.70,'开放申购','开放赎回','0')
INFO: insert into nav_lof values ('161115','2016-11-23',1.7680,1.9120,0.00,'开放申购','开放赎回','0')
INFO: insert into nav_lof values ('160812','2016-11-23',1.4720,4.7870,-0.47,'开放申购','开放赎回','0')
INFO: insert into nav_lof values ('161226','2016-11-23',0.9880,0.9880,0.20,'限制大额申购','开放赎回','0')
INFO: insert into nav_lof values ('163821','2016-11-23',1.4930,1.4930,-0.27,'开放申购','开放赎回','0')
INFO: insert into nav_lof values ('165508','2016-11-23',1.7860,1.7860,-0.22,'开放申购','开放赎回','0')
INFO: insert into nav_lof values ('162105','2016-11-23',1.0966,1.4623,-0.07,'开放申购','开放赎回','0')
INFO: insert into nav_lof values ('160918','2016-11-23',1.8230,4.6280,-0.38,'开放申购','开放赎回','0')
INFO: insert into nav_lof values ('160807','2016-11-23',1.1570,1.2070,0.17,'开放申购','开放赎回','0')
INFO: insert into nav_lof values ('161120','2016-11-23',1.2197,1.2197,0.03,'开放申购','开放赎回','0')
INFO: insert into nav_lof values ('163801','2016-11-23',1.2347,4.0547,-0.25,'开放申购','开放赎回','0')
INFO: insert into nav_lof values ('163412','2016-11-23',2.7150,3.7790,-0.26,'限制大额申购','开放赎回','0')
INFO: insert into nav_lof values ('160613','2016-11-23',1.3710,2.2680,-0.36,'开放申购','开放赎回','0')
INFO: insert into nav_lof values ('160119','2016-11-23',1.6165,1.7165,-0.43,'开放申购','开放赎回','0')
INFO: ########################################
nav_lof is updated to latest status.
########################################
