INFO: insert into nav_etf values ('159940','2016-11-22',0.8336,0.8336,0.77,'场内买入','场内卖出','0')
INFO: insert into nav_etf values ('159943','2016-11-22',11.5330,0.7570,0.78,'场内买入','场内卖出','0')
INFO: insert into nav_etf values ('512640','2016-11-22',1.7466,1.7466,0.74,'场内买入','场内卖出','0')
INFO: insert into nav_etf values ('159936','2016-11-22',1.6180,1.6180,0.80,'场内买入','场内卖出','0')
INFO: insert into nav_etf values ('512610','2016-11-22',1.4612,1.4612,0.61,'场内买入','场内卖出','0')
INFO: insert into nav_etf values ('159945','2016-11-22',0.7392,0.7392,2.42,'场内买入','场内卖出','0')
INFO: insert into nav_etf values ('159949','2016-11-22',0.9259,0.9259,1.51,'场内买入','场内卖出','0')
INFO: insert into nav_etf values ('510150','2016-11-22',3.9290,1.2950,0.46,'场内买入','场内卖出','0')
INFO: insert into nav_etf values ('159942','2016-11-22',1.9490,0.5950,0.78,'场内买入','场内卖出','0')
INFO: insert into nav_etf values ('159912','2016-11-22',1.3616,1.3616,0.75,'场内买入','场内卖出','0')
INFO: insert into nav_etf values ('510110','2016-11-22',3.1600,1.2680,0.86,'场内买入','场内卖出','0')
INFO: insert into nav_etf values ('512600','2016-11-22',1.5297,1.5297,0.12,'场内买入','场内卖出','0')
INFO: insert into nav_etf values ('159938','2016-11-22',1.3516,1.3516,0.66,'场内买入','场内卖出','0')
INFO: insert into nav_etf values ('510060','2016-11-22',1.6176,1.0347,1.04,'场内买入','场内卖出','0')
INFO: insert into nav_etf values ('510560','2016-11-22',1.3795,0.6388,0.73,'场内买入','场内卖出','0')
INFO: insert into nav_etf values ('159911','2016-11-22',4.3706,1.3243,0.83,'场内买入','场内卖出','0')
INFO: insert into nav_etf values ('513660','2016-11-22',2.0534,1.0661,1.15,'场内买入','场内卖出','0')
INFO: insert into nav_etf values ('159902','2016-11-22',3.3410,3.4610,0.48,'暂停申购','场内卖出','0')
INFO: insert into nav_etf values ('510090','2016-11-22',1.3496,1.6100,0.90,'场内买入','场内卖出','0')
INFO: insert into nav_etf values ('510650','2016-11-22',1.5240,1.5240,0.75,'场内买入','场内卖出','0')
INFO: insert into nav_etf values ('510410','2016-11-22',0.7279,0.7279,1.79,'场内买入','场内卖出','0')
INFO: insert into nav_etf values ('510160','2016-11-22',0.5349,1.3308,1.15,'场内买入','场内卖出','0')
INFO: insert into nav_etf values ('512220','2016-11-22',1.4824,1.4824,0.93,'场内买入','场内卖出','0')
INFO: insert into nav_etf values ('159909','2016-11-22',5.1000,1.5680,1.09,'场内买入','场内卖出','0')
INFO: insert into nav_etf values ('159901','2016-11-22',4.2419,4.1416,0.84,'场内买入','场内卖出','0')
INFO: insert into nav_etf values ('159924','2016-11-22',1.4500,1.4500,0.83,'场内买入','场内卖出','0')
INFO: insert into nav_etf values ('159923','2016-11-22',1.3290,1.3290,0.76,'场内买入','场内卖出','0')
INFO: insert into nav_etf values ('512660','2016-11-22',1.0101,1.0101,0.48,'场内买入','场内卖出','0')
INFO: insert into nav_etf values ('159908','2016-11-22',1.2650,1.2650,0.85,'场内买入','场内卖出','0')
INFO: insert into nav_etf values ('510430','2016-11-22',1.3970,1.3970,0.94,'场内买入','场内卖出','0')
INFO: insert into nav_etf values ('159931','2016-11-22',1.5536,1.5536,0.74,'场内买入','场内卖出','0')
INFO: insert into nav_etf values ('510180','2016-11-22',3.0579,3.0947,0.79,'场内买入','场内卖出','0')
INFO: insert into nav_etf values ('159939','2016-11-22',1.2083,1.2083,0.99,'场内买入','场内卖出','0')
INFO: insert into nav_etf values ('159927','2016-11-22',3.4717,1.5363,0.78,'场内买入','场内卖出','0')
INFO: insert into nav_etf values ('513030','2016-11-21',0.9160,0.9160,0.22,'暂停申购','场内卖出','0')
INFO: insert into nav_etf values ('512330','2016-11-22',0.8780,0.8780,0.77,'场内买入','场内卖出','0')
INFO: insert into nav_etf values ('510520','2016-11-22',1.7344,1.7344,0.70,'场内买入','场内卖出','0')
INFO: insert into nav_etf values ('512880','2016-11-22',1.1352,1.1352,1.11,'场内买入','场内卖出','0')
INFO: insert into nav_etf values ('159948','2016-11-22',2.1988,1.0805,1.17,'场内买入','场内卖出','0')
INFO: insert into nav_etf values ('510810','2016-11-22',1.0348,1.0348,0.54,'场内买入','场内卖出','0')
INFO: insert into nav_etf values ('159910','2016-11-22',1.4327,1.4327,0.92,'场内买入','场内卖出','0')
INFO: insert into nav_etf values ('159937','2016-11-22',2.7277,1.0710,-0.11,'场内买入','场内卖出','0')
INFO: insert into nav_etf values ('159933','2016-11-22',1.6755,1.6755,0.76,'场内买入','场内卖出','0')
INFO: insert into nav_etf values ('510360','2016-11-22',1.0670,1.0670,0.79,'场内买入','场内卖出','0')
INFO: insert into nav_etf values ('159929','2016-11-22',1.4619,1.4619,0.61,'场内买入','场内卖出','0')
INFO: insert into nav_etf values ('510270','2016-11-22',1.0330,1.2050,0.88,'场内买入','场内卖出','0')
INFO: insert into nav_etf values ('511010','2016-11-22',112.7600,1.1400,0.01,'场内买入','场内卖出','0')
INFO: insert into nav_etf values ('512990','2016-11-22',1.0295,1.0295,0.76,'场内买入','场内卖出','0')
INFO: insert into nav_etf values ('159913','2016-11-22',1.5070,1.5070,0.67,'场内买入','场内卖出','0')
INFO: insert into nav_etf values ('510300','2016-11-22',3.5283,1.3708,0.79,'场内买入','场内卖出','0')
INFO: insert into nav_etf values ('159941','2016-11-21',1.1168,1.1168,1.32,'场内买入','场内卖出','0')
INFO: insert into nav_etf values ('510030','2016-11-22',4.0630,1.3910,0.84,'场内买入','场内卖出','0')
INFO: insert into nav_etf values ('510680','2016-11-22',1.8710,1.8710,0.76,'场内买入','场内卖出','0')
INFO: insert into nav_etf values ('518880','2016-11-22',2.7228,1.0282,-0.14,'场内买入','场内卖出','0')
INFO: insert into nav_etf values ('159922','2016-11-22',6.6811,1.8733,0.75,'场内买入','场内卖出','0')
INFO: insert into nav_etf values ('510290','2016-11-22',1.6185,1.6185,0.84,'场内买入','场内卖出','0')
INFO: insert into nav_etf values ('510710','2016-11-22',2.3772,0.7349,0.78,'场内买入','场内卖出','0')
INFO: insert into nav_etf values ('159905','2016-11-22',1.2439,1.2439,0.52,'场内买入','场内卖出','0')
INFO: insert into nav_etf values ('512810','2016-11-22',0.9703,0.9703,0.42,'场内买入','场内卖出','0')
INFO: insert into nav_etf values ('159944','2016-11-22',0.8981,0.8981,1.06,'场内买入','场内卖出','0')
INFO: insert into nav_etf values ('159920','2016-11-22',1.2455,1.2455,1.17,'场内买入','场内卖出','0')
INFO: insert into nav_etf values ('512340','2016-11-22',0.8492,0.8492,0.86,'场内买入','场内卖出','0')
INFO: insert into nav_etf values ('512680','2016-11-22',1.0035,1.0035,0.43,'场内买入','场内卖出','0')
INFO: insert into nav_etf values ('159915','2016-11-22',2.0865,2.3903,1.15,'场内买入','场内卖出','0')
INFO: insert into nav_etf values ('510020','2016-11-22',2.3457,0.8652,0.91,'场内买入','场内卖出','0')
INFO: insert into nav_etf values ('510230','2016-11-22',5.4201,1.5394,0.82,'场内买入','场内卖出','0')
INFO: insert into nav_etf values ('510510','2016-11-22',1.8345,1.8345,0.73,'场内买入','场内卖出','0')
INFO: insert into nav_etf values ('512120','2016-11-22',1.3790,1.3790,0.58,'场内买入','场内卖出','0')
INFO: insert into nav_etf values ('510330','2016-11-22',3.6934,1.5446,0.81,'场内买入','场内卖出','0')
INFO: insert into nav_etf values ('510880','2016-11-22',2.7610,2.0410,0.99,'场内买入','场内卖出','0')
INFO: insert into nav_etf values ('512070','2016-11-22',1.8309,1.8309,1.00,'场内买入','场内卖出','0')
INFO: insert into nav_etf values ('159918','2016-11-22',2.1808,2.1808,0.82,'场内买入','场内卖出','0')
INFO: insert into nav_etf values ('510420','2016-11-22',1.5130,1.5130,0.87,'场内买入','场内卖出','0')
INFO: insert into nav_etf values ('513100','2016-11-21',1.7720,1.7720,1.32,'场内买入','场内卖出','0')
INFO: insert into nav_etf values ('510210','2016-11-22',3.6160,1.2380,0.86,'场内买入','场内卖出','0')
INFO: insert into nav_etf values ('159921','2016-11-22',1.6370,1.6370,0.37,'场内买入','场内卖出','0')
INFO: insert into nav_etf values ('513500','2016-11-21',1.3998,1.3998,1.00,'暂停申购','场内卖出','0')
INFO: insert into nav_etf values ('159916','2016-11-22',2.7697,1.5090,0.91,'场内买入','场内卖出','0')
INFO: insert into nav_etf values ('159906','2016-11-22',0.9900,0.9900,0.92,'场内买入','场内卖出','0')
INFO: insert into nav_etf values ('510120','2016-11-22',2.6960,1.1360,0.56,'场内买入','场内卖出','0')
INFO: insert into nav_etf values ('512210','2016-11-22',1.4137,1.4137,0.16,'场内买入','场内卖出','0')
INFO: insert into nav_etf values ('159935','2016-11-22',1.7368,1.7368,0.72,'场内买入','场内卖出','0')
INFO: insert into nav_etf values ('510260','2016-11-22',1.1530,1.1530,0.44,'场内买入','场内卖出','0')
INFO: insert into nav_etf values ('513600','2016-11-22',2.0722,1.0747,1.16,'场内买入','场内卖出','0')
INFO: insert into nav_etf values ('159903','2016-11-22',1.1700,0.8633,0.79,'场内买入','场内卖出','0')
INFO: insert into nav_etf values ('511220','2016-11-22',101.5540,1.1210,0.00,'场内买入','场内卖出','0')
INFO: insert into nav_etf values ('159946','2016-11-22',1.0052,1.0052,0.26,'场内买入','场内卖出','0')
INFO: insert into nav_etf values ('510170','2016-11-22',1.8460,0.5730,1.48,'场内买入','场内卖出','0')
INFO: insert into nav_etf values ('510190','2016-11-22',3.3100,1.2680,0.70,'场内买入','场内卖出','0')
INFO: insert into nav_etf values ('159934','2016-11-22',2.7112,1.1045,-0.14,'场内买入','场内卖出','0')
INFO: insert into nav_etf values ('512510','2016-11-22',1.3537,0.6730,0.76,'场内买入','场内卖出','0')
INFO: insert into nav_etf values ('159928','2016-11-22',1.4702,1.4702,0.12,'场内买入','场内卖出','0')
INFO: insert into nav_etf values ('510280','2016-11-22',1.4240,1.4240,0.85,'场内买入','场内卖出','0')
INFO: insert into nav_etf values ('510900','2016-11-22',1.0685,1.0685,1.87,'场内买入','场内卖出','0')
INFO: insert into nav_etf values ('510070','2016-11-22',1.6690,1.4310,0.60,'场内买入','场内卖出','0')
INFO: insert into nav_etf values ('510130','2016-11-22',3.6364,1.2507,0.80,'场内买入','场内卖出','0')
INFO: insert into nav_etf values ('159932','2016-11-22',1.9300,1.6350,0.63,'场内买入','场内卖出','0')
INFO: insert into nav_etf values ('512300','2016-11-22',1.2764,1.2764,0.44,'场内买入','场内卖出','0')
INFO: insert into nav_etf values ('512500','2016-11-22',3.2177,0.7043,0.73,'场内买入','场内卖出','0')
INFO: insert into nav_etf values ('510500','2016-11-22',6.9766,1.9557,0.74,'场内买入','场内卖出','0')
INFO: insert into nav_etf values ('512000','2016-11-22',1.0887,1.0887,1.07,'场内买入','场内卖出','0')
INFO: insert into nav_etf values ('512310','2016-11-22',0.7133,0.7133,0.63,'场内买入','场内卖出','0')
INFO: insert into nav_etf values ('510050','2016-11-22',2.4070,3.1940,0.75,'场内买入','场内卖出','0')
INFO: insert into nav_etf values ('512010','2016-11-22',1.3270,1.3270,0.86,'场内买入','场内卖出','0')
INFO: insert into nav_etf values ('512230','2016-11-22',1.3314,1.3314,0.60,'场内买入','场内卖出','0')
INFO: insert into nav_etf values ('510220','2016-11-22',4.0870,1.1280,0.81,'场内买入','场内卖出','0')
INFO: insert into nav_etf values ('159926','2016-11-22',111.7510,1.1180,0.02,'场内买入','场内卖出','0')
INFO: insert into nav_etf values ('510580','2016-11-22',6.8884,1.0615,0.75,'场内买入','场内卖出','0')
INFO: insert into nav_etf values ('159925','2016-11-22',1.4161,1.2415,0.81,'封闭期','封闭期','0')
INFO: insert into nav_etf values ('511210','2016-11-22',117.0508,1.1705,-0.04,'场内买入','场内卖出','0')
INFO: insert into nav_etf values ('510310','2016-11-22',1.4469,1.4469,0.78,'场内买入','场内卖出','0')
INFO: insert into nav_etf values ('159919','2016-11-22',3.7410,1.4299,0.79,'场内买入','场内卖出','0')
INFO: insert into nav_etf values ('510010','2016-11-22',0.9970,1.1100,0.81,'场内买入','场内卖出','0')
INFO: insert into nav_etf values ('510660','2016-11-22',1.5545,1.5545,0.43,'场内买入','场内卖出','0')
INFO: insert into nav_etf values ('159930','2016-11-22',0.8646,0.8646,2.77,'场内买入','场内卖出','0')
INFO: insert into nav_etf values ('510440','2016-11-22',1.9380,1.9380,0.83,'场内买入','场内卖出','0')
INFO: insert into nav_etf values ('159907','2016-11-22',1.5129,1.3745,0.57,'场内买入','场内卖出','0')
INFO: insert into nav_etf values ('510630','2016-11-22',1.6091,1.6091,0.19,'场内买入','场内卖出','0')
INFO: ########################################
nav_etf is updated to latest status.
########################################
INFO: insert into nav_lof values ('160211','2016-11-22',2.7870,3.3270,0.40,'开放申购','开放赎回','0')
INFO: insert into nav_lof values ('162108','2016-11-22',1.1070,1.1690,0.00,'开放申购','开放赎回','0')
INFO: insert into nav_lof values ('160512','2016-11-22',2.4080,2.5790,1.05,'开放申购','开放赎回','0')
INFO: insert into nav_lof values ('162105','2016-11-22',1.0974,1.4631,0.09,'开放申购','开放赎回','0')
INFO: insert into nav_lof values ('160716','2016-11-22',1.2297,1.2297,0.99,'开放申购','开放赎回','0')
INFO: insert into nav_lof values ('161610','2016-11-22',0.9590,2.8430,0.52,'开放申购','开放赎回','0')
INFO: insert into nav_lof values ('165705','2016-11-22',1.0150,1.2410,0.00,'开放申购','开放赎回','0')
INFO: insert into nav_lof values ('160311','2016-11-22',1.3320,4.6100,0.53,'开放申购','开放赎回','0')
INFO: insert into nav_lof values ('166012','2016-11-22',1.0700,1.2600,0.00,'限制大额申购','开放赎回','0')
INFO: insert into nav_lof values ('165311','2016-11-22',1.3640,1.5150,0.07,'限制大额申购','开放赎回','0')
INFO: insert into nav_lof values ('161907','2016-11-22',1.4894,1.4894,0.57,'开放申购','开放赎回','0')
INFO: insert into nav_lof values ('166401','2016-11-22',1.0680,1.0680,0.00,'开放申购','开放赎回','0')
INFO: insert into nav_lof values ('161706','2016-11-22',1.4819,3.3922,0.87,'开放申购','开放赎回','0')
INFO: insert into nav_lof values ('163402','2016-11-22',1.6393,8.8159,0.43,'开放申购','开放赎回','0')
INFO: insert into nav_lof values ('163409','2016-11-22',1.6250,2.3050,0.87,'开放申购','开放赎回','0')
INFO: insert into nav_lof values ('164902','2016-11-22',1.3730,1.4840,0.07,'开放申购','开放赎回','0')
INFO: insert into nav_lof values ('165314','2016-11-22',1.3510,1.3510,0.07,'限制大额申购','开放赎回','0')
INFO: insert into nav_lof values ('160607','2016-11-22',0.6730,3.7220,0.45,'开放申购','开放赎回','0')
INFO: insert into nav_lof values ('162716','2016-11-22',1.0790,1.1150,0.00,'暂停申购','开放赎回','0')
INFO: insert into nav_lof values ('163001','2016-11-22',1.0580,1.5980,0.38,'开放申购','开放赎回','0')
INFO: insert into nav_lof values ('163302','2016-11-22',1.5216,3.9746,0.84,'开放申购','开放赎回','0')
INFO: insert into nav_lof values ('160220','2016-11-22',1.3150,1.3150,0.08,'限制大额申购','开放赎回','0')
INFO: insert into nav_lof values ('161820','2016-11-22',1.1240,1.3290,0.00,'限制大额申购','开放赎回','0')
INFO: insert into nav_lof values ('166008','2016-11-22',1.0367,1.4361,-0.02,'限制大额申购','开放赎回','0')
INFO: insert into nav_lof values ('160721','2016-11-22',1.1601,1.2140,0.00,'限制大额申购','开放赎回','0')
INFO: insert into nav_lof values ('165509','2016-11-22',1.1550,1.5700,0.61,'开放申购','开放赎回','0')
INFO: insert into nav_lof values ('161813','2016-11-22',1.2880,1.4730,0.00,'开放申购','开放赎回','0')
INFO: insert into nav_lof values ('161213','2016-11-22',1.3600,1.3600,0.67,'开放申购','开放赎回','0')
INFO: insert into nav_lof values ('160810','2016-11-22',1.1920,1.1920,0.00,'开放申购','开放赎回','0')
INFO: insert into nav_lof values ('163821','2016-11-22',1.4970,1.4970,0.81,'开放申购','开放赎回','0')
INFO: insert into nav_lof values ('160617','2016-11-22',1.0240,1.4820,0.00,'限制大额申购','开放赎回','0')
INFO: insert into nav_lof values ('166011','2016-11-22',1.2670,2.4960,0.32,'限制大额申购','开放赎回','0')
INFO: insert into nav_lof values ('161505','2016-11-22',1.0730,1.4630,0.00,'开放申购','开放赎回','0')
INFO: insert into nav_lof values ('160132','2016-11-22',1.0180,1.4770,0.30,'暂停申购','暂停赎回','0')
INFO: insert into nav_lof values ('161822','2016-11-22',1.2190,1.2190,0.08,'限制大额申购','开放赎回','0')
INFO: insert into nav_lof values ('164208','2016-11-22',1.1304,1.6539,0.00,'开放申购','开放赎回','0')
INFO: insert into nav_lof values ('164105','2016-11-22',1.5980,1.6690,0.00,'开放申购','开放赎回','0')
INFO: insert into nav_lof values ('161716','2016-11-22',1.0860,1.2250,0.00,'暂停申购','开放赎回','0')
INFO: insert into nav_lof values ('160613','2016-11-22',1.3760,2.2730,0.51,'开放申购','开放赎回','0')
INFO: insert into nav_lof values ('160314','2016-11-22',1.0380,6.2130,0.68,'开放申购','开放赎回','0')
INFO: insert into nav_lof values ('160807','2016-11-22',1.1550,1.2050,0.70,'开放申购','开放赎回','0')
INFO: insert into nav_lof values ('164705','2016-11-22',1.0280,1.0820,1.08,'开放申购','开放赎回','0')
INFO: insert into nav_lof values ('164906','2016-11-21',0.9960,0.9960,0.91,'开放申购','开放赎回','0')
INFO: insert into nav_lof values ('160415','2016-11-22',1.2890,1.2890,0.70,'开放申购','开放赎回','0')
INFO: insert into nav_lof values ('161714','2016-11-21',0.7870,0.7870,0.90,'暂停申购','开放赎回','0')
INFO: insert into nav_lof values ('160812','2016-11-22',1.4790,4.7940,0.00,'开放申购','开放赎回','0')
INFO: insert into nav_lof values ('166001','2016-11-22',1.2595,1.7595,0.22,'开放申购','开放赎回','0')
INFO: insert into nav_lof values ('163824','2016-11-22',1.1360,1.3160,0.00,'暂停申购','暂停赎回','0')
INFO: insert into nav_lof values ('160919','2016-11-22',1.1540,3.1400,0.87,'开放申购','开放赎回','0')
INFO: insert into nav_lof values ('161115','2016-11-22',1.7680,1.9120,-0.06,'开放申购','开放赎回','0')
INFO: insert into nav_lof values ('161224','2016-11-22',1.1400,1.2260,0.26,'开放申购','开放赎回','0')
INFO: insert into nav_lof values ('161908','2016-11-22',0.9168,1.5213,0.00,'开放申购','开放赎回','0')
INFO: insert into nav_lof values ('161119','2016-11-22',1.2310,1.2310,0.02,'开放申购','开放赎回','0')
INFO: insert into nav_lof values ('161120','2016-11-22',1.2193,1.2193,0.02,'开放申购','开放赎回','0')
INFO: insert into nav_lof values ('161217','2016-11-22',0.6720,0.6720,1.82,'开放申购','开放赎回','0')
INFO: insert into nav_lof values ('165313','2016-11-22',1.4170,1.4170,0.50,'开放申购','开放赎回','0')
INFO: insert into nav_lof values ('163819','2016-11-22',1.3130,1.4570,0.00,'限制大额申购','开放赎回','0')
INFO: insert into nav_lof values ('160105','2016-11-22',1.0501,3.1527,0.55,'开放申购','开放赎回','0')
INFO: insert into nav_lof values ('160915','2016-11-22',1.1370,1.6740,0.09,'开放申购','开放赎回','0')
INFO: insert into nav_lof values ('163412','2016-11-22',2.7220,3.7860,0.29,'限制大额申购','开放赎回','0')
INFO: insert into nav_lof values ('163407','2016-11-22',1.4309,1.4309,1.05,'限制大额申购','开放赎回','0')
INFO: insert into nav_lof values ('161903','2016-11-22',0.9390,2.6372,0.70,'开放申购','开放赎回','0')
INFO: insert into nav_lof values ('160133','2016-11-22',1.8020,1.8020,0.78,'开放申购','开放赎回','0')
INFO: insert into nav_lof values ('160123','2016-11-22',1.2044,1.2344,0.06,'开放申购','开放赎回','0')
INFO: insert into nav_lof values ('161607','2016-11-22',1.0690,2.5830,1.23,'开放申购','开放赎回','0')
INFO: insert into nav_lof values ('160916','2016-11-22',2.2980,1.8070,0.26,'开放申购','开放赎回','0')
INFO: insert into nav_lof values ('166009','2016-11-22',2.0400,2.5410,0.59,'开放申购','开放赎回','0')
INFO: insert into nav_lof values ('161015','2016-11-22',0.9220,1.5580,0.00,'开放申购','开放赎回','0')
INFO: insert into nav_lof values ('166105','2016-11-22',0.9600,1.1090,0.00,'开放申购','开放赎回','0')
INFO: insert into nav_lof values ('160125','2016-11-21',0.8368,0.9268,0.20,'开放申购','开放赎回','0')
INFO: insert into nav_lof values ('165309','2016-11-22',1.0394,1.0394,0.74,'开放申购','开放赎回','0')
INFO: insert into nav_lof values ('160515','2016-11-22',1.0310,1.3790,0.00,'暂停申购','暂停赎回','0')
INFO: insert into nav_lof values ('160513','2016-11-22',1.4860,1.5610,0.07,'限制大额申购','开放赎回','0')
INFO: insert into nav_lof values ('162703','2016-11-22',1.1519,3.4899,0.56,'开放申购','开放赎回','0')
INFO: insert into nav_lof values ('161821','2016-11-22',1.2310,1.2310,0.08,'限制大额申购','开放赎回','0')
INFO: insert into nav_lof values ('161210','2016-11-21',0.8840,0.8840,0.34,'开放申购','开放赎回','0')
INFO: insert into nav_lof values ('162414','2016-11-22',1.0694,1.0694,0.07,'开放申购','开放赎回','0')
INFO: insert into nav_lof values ('160106','2016-11-22',1.3552,3.8172,0.85,'开放申购','开放赎回','0')
INFO: insert into nav_lof values ('160212','2016-11-22',2.2780,2.2780,0.40,'限制大额申购','开放赎回','0')
INFO: insert into nav_lof values ('160918','2016-11-22',1.8300,4.6350,0.27,'开放申购','开放赎回','0')
INFO: insert into nav_lof values ('163503','2016-11-22',0.5086,2.4083,0.95,'开放申购','开放赎回','0')
INFO: insert into nav_lof values ('162511','2016-11-22',1.1260,1.1260,0.00,'开放申购','开放赎回','0')
INFO: insert into nav_lof values ('160616','2016-11-22',1.3510,1.3510,0.75,'开放申购','开放赎回','0')
INFO: insert into nav_lof values ('164808','2016-11-22',1.0130,1.5490,0.00,'限制大额申购','开放赎回','0')
INFO: insert into nav_lof values ('160124','2016-11-22',1.1778,1.2078,0.05,'开放申购','开放赎回','0')
INFO: insert into nav_lof values ('162605','2016-11-22',0.9110,3.5990,0.89,'开放申购','开放赎回','0')
INFO: insert into nav_lof values ('162307','2016-11-22',1.0480,1.0480,0.77,'开放申购','开放赎回','0')
INFO: insert into nav_lof values ('162510','2016-11-22',1.1260,1.9140,0.54,'开放申购','开放赎回','0')
INFO: insert into nav_lof values ('166007','2016-11-22',1.2260,1.2710,0.71,'开放申购','开放赎回','0')
INFO: insert into nav_lof values ('161227','2016-11-22',0.9320,1.7630,0.87,'开放申购','开放赎回','0')
INFO: insert into nav_lof values ('162607','2016-11-22',0.4640,2.9450,0.87,'开放申购','开放赎回','0')
INFO: insert into nav_lof values ('163415','2016-11-22',1.4530,2.3130,0.90,'开放申购','开放赎回','0')
INFO: insert into nav_lof values ('160505','2016-11-22',2.0090,5.1130,0.65,'开放申购','开放赎回','0')
INFO: insert into nav_lof values ('167501','2016-11-22',1.1020,1.3030,-0.09,'开放申购','开放赎回','0')
INFO: insert into nav_lof values ('165510','2016-11-21',0.7020,0.7020,1.45,'暂停申购','开放赎回','0')
INFO: insert into nav_lof values ('160615','2016-11-22',1.3520,1.4120,0.75,'开放申购','开放赎回','0')
INFO: insert into nav_lof values ('160806','2016-11-22',1.3070,1.2010,0.62,'开放申购','开放赎回','0')
INFO: insert into nav_lof values ('165513','2016-11-21',0.4700,0.4700,2.40,'暂停申购','开放赎回','0')
INFO: insert into nav_lof values ('162207','2016-11-22',1.1781,2.8335,0.43,'开放申购','开放赎回','0')
INFO: insert into nav_lof values ('161010','2016-11-22',1.1030,1.6770,0.00,'开放申购','开放赎回','0')
INFO: insert into nav_lof values ('160720','2016-11-22',1.1506,1.2090,-0.01,'限制大额申购','开放赎回','0')
INFO: insert into nav_lof values ('160706','2016-11-22',0.9860,2.8540,0.76,'开放申购','开放赎回','0')
INFO: insert into nav_lof values ('164606','2016-11-22',1.1880,1.2390,0.00,'开放申购','开放赎回','0')
INFO: insert into nav_lof values ('165806','2016-11-22',1.1700,1.1700,0.69,'开放申购','开放赎回','0')
INFO: insert into nav_lof values ('162715','2016-11-22',1.0900,1.1310,0.00,'暂停申购','开放赎回','0')
INFO: insert into nav_lof values ('160805','2016-11-22',0.8460,2.4262,0.53,'开放申购','开放赎回','0')
INFO: insert into nav_lof values ('161219','2016-11-22',1.2230,2.2770,0.49,'开放申购','开放赎回','0')
INFO: insert into nav_lof values ('160215','2016-11-22',1.5180,1.7980,0.60,'开放申购','开放赎回','0')
INFO: insert into nav_lof values ('161506','2016-11-22',1.1130,1.4630,0.00,'开放申购','开放赎回','0')
INFO: insert into nav_lof values ('161614','2016-11-22',1.0410,1.3420,0.00,'开放申购','开放赎回','0')
INFO: insert into nav_lof values ('163110','2016-11-22',2.7660,2.7660,0.66,'开放申购','开放赎回','0')
INFO: insert into nav_lof values ('163801','2016-11-22',1.2378,4.0578,0.45,'开放申购','开放赎回','0')
INFO: insert into nav_lof values ('161722','2016-11-22',1.0760,1.0760,0.28,'限制大额申购','开放赎回','0')
INFO: insert into nav_lof values ('166006','2016-11-22',1.0276,1.1916,0.73,'开放申购','开放赎回','0')
INFO: insert into nav_lof values ('162712','2016-11-22',1.4320,1.6960,0.00,'限制大额申购','开放赎回','0')
INFO: insert into nav_lof values ('160514','2016-11-22',1.3110,1.4110,0.00,'限制大额申购','开放赎回','0')
INFO: insert into nav_lof values ('160134','2016-11-22',1.0250,1.2480,0.00,'暂停申购','暂停赎回','0')
INFO: insert into nav_lof values ('162006','2016-11-22',1.1009,3.7367,0.12,'开放申购','开放赎回','0')
INFO: insert into nav_lof values ('160717','2016-11-22',0.7386,0.7386,1.74,'开放申购','开放赎回','0')
INFO: insert into nav_lof values ('160611','2016-11-22',0.9460,1.0750,0.85,'开放申购','开放赎回','0')
INFO: insert into nav_lof values ('501000','2016-11-22',1.0180,1.0180,0.00,'开放申购','开放赎回','0')
INFO: insert into nav_lof values ('161005','2016-11-22',1.7234,4.4114,0.29,'开放申购','开放赎回','0')
INFO: insert into nav_lof values ('162308','2016-11-22',1.1180,1.5870,0.18,'开放申购','开放赎回','0')
INFO: insert into nav_lof values ('161831','2016-11-22',0.9291,0.9812,1.65,'限制大额申购','开放赎回','0')
INFO: insert into nav_lof values ('161810','2016-11-22',1.7410,1.6550,0.58,'开放申购','开放赎回','0')
INFO: insert into nav_lof values ('160910','2016-11-22',0.9670,2.1780,0.31,'开放申购','开放赎回','0')
INFO: insert into nav_lof values ('160813','2016-11-22',0.7910,3.2290,0.64,'开放申购','开放赎回','0')
INFO: insert into nav_lof values ('165516','2016-11-22',2.4640,2.4640,0.90,'开放申购','开放赎回','0')
INFO: insert into nav_lof values ('162711','2016-11-22',1.3943,1.3943,0.69,'开放申购','开放赎回','0')
INFO: insert into nav_lof values ('165517','2016-11-22',1.1410,1.1410,0.00,'开放申购','开放赎回','0')
INFO: insert into nav_lof values ('161226','2016-11-22',0.9860,0.9860,0.92,'限制大额申购','开放赎回','0')
INFO: insert into nav_lof values ('165508','2016-11-22',1.7900,1.7900,0.85,'开放申购','开放赎回','0')
INFO: insert into nav_lof values ('161216','2016-11-22',1.0730,1.5620,0.09,'开放申购','开放赎回','0')
INFO: insert into nav_lof values ('160618','2016-11-22',1.1290,1.4940,0.00,'开放申购','开放赎回','0')
INFO: insert into nav_lof values ('160119','2016-11-22',1.6234,1.7234,0.71,'开放申购','开放赎回','0')
INFO: insert into nav_lof values ('165512','2016-11-22',2.2550,2.2550,0.89,'开放申购','开放赎回','0')
INFO: insert into nav_lof values ('160610','2016-11-22',1.0170,1.8370,0.79,'开放申购','开放赎回','0')
INFO: insert into nav_lof values ('161017','2016-11-22',2.1430,2.1430,0.94,'开放申购','开放赎回','0')
INFO: ########################################
nav_lof is updated to latest status.
########################################
