INFO: http://biz.finance.sina.com.cn/stock/flash_hq/kline_data.php?symbol=sh510700&begin_date=2015-10-14&end_date=2016-11-15
INFO: http://biz.finance.sina.com.cn/stock/flash_hq/kline_data.php?symbol=sh512110&begin_date=2016-09-21&end_date=2016-11-15
INFO: http://biz.finance.sina.com.cn/stock/flash_hq/kline_data.php?symbol=sh510620&begin_date=2016-03-29&end_date=2016-11-15
INFO: http://biz.finance.sina.com.cn/stock/flash_hq/kline_data.php?symbol=sh510450&begin_date=2016-06-23&end_date=2016-11-15
INFO: http://biz.finance.sina.com.cn/stock/flash_hq/kline_data.php?symbol=sh510610&begin_date=2016-03-29&end_date=2016-11-15
INFO: http://biz.finance.sina.com.cn/stock/flash_hq/kline_data.php?symbol=sh513500&begin_date=2016-11-10&end_date=2016-11-15
INFO: insert into his_etf (symbol,closeprice,date,highprice,lowprice,openprice,volume) values ('513500','1.503','2016-11-10','1.518','1.487','1.500','14171');
INFO: insert into his_etf (symbol,closeprice,date,highprice,lowprice,openprice,volume) values ('513500','1.497','2016-11-11','1.503','1.477','1.503','5593');
INFO: insert into his_etf (symbol,closeprice,date,highprice,lowprice,openprice,volume) values ('513500','1.495','2016-11-14','1.503','1.490','1.497','7153');
INFO: insert into his_etf (symbol,closeprice,date,highprice,lowprice,openprice,volume) values ('513500','1.499','2016-11-15','1.506','1.495','1.497','5479');
INFO: http://biz.finance.sina.com.cn/stock/flash_hq/kline_data.php?symbol=sz159916&begin_date=2016-11-12&end_date=2016-11-15
INFO: insert into his_etf (symbol,closeprice,date,highprice,lowprice,openprice,volume) values ('159916','2.708','2016-11-15','2.708','2.708','2.708','5');
INFO: http://biz.finance.sina.com.cn/stock/flash_hq/kline_data.php?symbol=sz159909&begin_date=2016-11-12&end_date=2016-11-15
INFO: insert into his_etf (symbol,closeprice,date,highprice,lowprice,openprice,volume) values ('159909','5.030','2016-11-15','5.089','4.991','5.089','7');
INFO: http://biz.finance.sina.com.cn/stock/flash_hq/kline_data.php?symbol=sz159917&begin_date=2015-08-27&end_date=2016-11-15
INFO: http://biz.finance.sina.com.cn/stock/flash_hq/kline_data.php?symbol=sz159913&begin_date=2016-11-12&end_date=2016-11-15
INFO: insert into his_etf (symbol,closeprice,date,highprice,lowprice,openprice,volume) values ('159913','1.480','2016-11-15','1.480','1.480','1.480','1');
INFO: ########################################
his_etf is updated to latest status.
########################################
INFO: http://biz.finance.sina.com.cn/stock/flash_hq/kline_data.php?symbol=sz161716&begin_date=2016-11-10&end_date=2016-11-15
INFO: insert into his_lof (symbol,closeprice,date,highprice,lowprice,openprice,volume) values ('161716','1.096','2016-11-15','1.104','1.094','1.104','77');
INFO: http://biz.finance.sina.com.cn/stock/flash_hq/kline_data.php?symbol=sz161505&begin_date=2016-11-08&end_date=2016-11-15
INFO: http://biz.finance.sina.com.cn/stock/flash_hq/kline_data.php?symbol=sz162108&begin_date=2016-11-12&end_date=2016-11-15
INFO: insert into his_lof (symbol,closeprice,date,highprice,lowprice,openprice,volume) values ('162108','1.105','2016-11-15','1.108','1.105','1.108','607');
INFO: http://biz.finance.sina.com.cn/stock/flash_hq/kline_data.php?symbol=sz166105&begin_date=2016-11-10&end_date=2016-11-15
INFO: insert into his_lof (symbol,closeprice,date,highprice,lowprice,openprice,volume) values ('166105','0.960','2016-11-15','0.960','0.960','0.960','10');
INFO: http://biz.finance.sina.com.cn/stock/flash_hq/kline_data.php?symbol=sz161506&begin_date=2016-11-01&end_date=2016-11-15
INFO: http://biz.finance.sina.com.cn/stock/flash_hq/kline_data.php?symbol=sz161614&begin_date=2016-11-12&end_date=2016-11-15
INFO: http://biz.finance.sina.com.cn/stock/flash_hq/kline_data.php?symbol=sz160514&begin_date=2016-11-01&end_date=2016-11-15
INFO: http://biz.finance.sina.com.cn/stock/flash_hq/kline_data.php?symbol=sz160123&begin_date=2016-11-01&end_date=2016-11-15
INFO: http://biz.finance.sina.com.cn/stock/flash_hq/kline_data.php?symbol=sz165314&begin_date=2016-11-01&end_date=2016-11-15
INFO: http://biz.finance.sina.com.cn/stock/flash_hq/kline_data.php?symbol=sz160513&begin_date=2016-11-12&end_date=2016-11-15
INFO: insert into his_lof (symbol,closeprice,date,highprice,lowprice,openprice,volume) values ('160513','1.486','2016-11-15','1.486','1.485','1.486','20');
INFO: http://biz.finance.sina.com.cn/stock/flash_hq/kline_data.php?symbol=sz162716&begin_date=2016-11-01&end_date=2016-11-15
INFO: http://biz.finance.sina.com.cn/stock/flash_hq/kline_data.php?symbol=sz160132&begin_date=2016-11-01&end_date=2016-11-15
INFO: http://biz.finance.sina.com.cn/stock/flash_hq/kline_data.php?symbol=sz167901&begin_date=2016-04-27&end_date=2016-11-15
INFO: http://biz.finance.sina.com.cn/stock/flash_hq/kline_data.php?symbol=sz160721&begin_date=2016-11-01&end_date=2016-11-15
INFO: http://biz.finance.sina.com.cn/stock/flash_hq/kline_data.php?symbol=sz160124&begin_date=2016-11-01&end_date=2016-11-15
INFO: http://biz.finance.sina.com.cn/stock/flash_hq/kline_data.php?symbol=sz160134&begin_date=2016-11-01&end_date=2016-11-15
INFO: http://biz.finance.sina.com.cn/stock/flash_hq/kline_data.php?symbol=sz162105&begin_date=2016-11-08&end_date=2016-11-15
INFO: insert into his_lof (symbol,closeprice,date,highprice,lowprice,openprice,volume) values ('162105','1.089','2016-11-15','1.090','1.089','1.090','24');
INFO: http://biz.finance.sina.com.cn/stock/flash_hq/kline_data.php?symbol=sz161120&begin_date=2016-11-01&end_date=2016-11-15
INFO: http://biz.finance.sina.com.cn/stock/flash_hq/kline_data.php?symbol=sz165311&begin_date=2016-11-11&end_date=2016-11-15
INFO: http://biz.finance.sina.com.cn/stock/flash_hq/kline_data.php?symbol=sz165705&begin_date=2016-11-05&end_date=2016-11-15
INFO: http://biz.finance.sina.com.cn/stock/flash_hq/kline_data.php?symbol=sz160720&begin_date=2016-11-12&end_date=2016-11-15
INFO: http://biz.finance.sina.com.cn/stock/flash_hq/kline_data.php?symbol=sz166401&begin_date=2016-11-10&end_date=2016-11-15
INFO: insert into his_lof (symbol,closeprice,date,highprice,lowprice,openprice,volume) values ('166401','1.069','2016-11-15','1.069','1.069','1.069','35');
INFO: http://biz.finance.sina.com.cn/stock/flash_hq/kline_data.php?symbol=sz161822&begin_date=2016-11-01&end_date=2016-11-15
INFO: http://biz.finance.sina.com.cn/stock/flash_hq/kline_data.php?symbol=sz162511&begin_date=2016-11-01&end_date=2016-11-15
INFO: http://biz.finance.sina.com.cn/stock/flash_hq/kline_data.php?symbol=sz164606&begin_date=2016-11-04&end_date=2016-11-15
INFO: ########################################
his_lof is updated to latest status.
########################################
