INFO: insert into nav_etf values ('510500','2016-11-14',6.9278,1.9420,0.46,'场内买入','场内卖出','0')
INFO: insert into nav_etf values ('510020','2016-11-14',2.2990,0.8479,1.03,'场内买入','场内卖出','0')
INFO: insert into nav_etf values ('159922','2016-11-14',6.6252,1.8576,0.45,'场内买入','场内卖出','0')
INFO: insert into nav_etf values ('159902','2016-11-14',3.3330,3.4530,0.09,'暂停申购','场内卖出','0')
INFO: insert into nav_etf values ('510190','2016-11-14',3.2710,1.2530,0.52,'场内买入','场内卖出','0')
INFO: insert into nav_etf values ('159903','2016-11-14',1.1613,0.8569,0.27,'场内买入','场内卖出','0')
INFO: insert into nav_etf values ('159927','2016-11-14',3.4349,1.5200,0.36,'场内买入','场内卖出','0')
INFO: insert into nav_etf values ('159940','2016-11-14',0.8213,0.8213,0.21,'场内买入','场内卖出','0')
INFO: insert into nav_etf values ('510010','2016-11-14',0.9800,1.0910,0.51,'场内买入','场内卖出','0')
INFO: insert into nav_etf values ('159938','2016-11-14',1.3371,1.3371,-0.01,'场内买入','场内卖出','0')
INFO: insert into nav_etf values ('510680','2016-11-14',1.8478,1.8478,0.30,'场内买入','场内卖出','0')
INFO: insert into nav_etf values ('159930','2016-11-14',0.8593,0.8593,1.78,'场内买入','场内卖出','0')
INFO: insert into nav_etf values ('510880','2016-11-14',2.7170,2.0120,0.26,'场内买入','场内卖出','0')
INFO: insert into nav_etf values ('512230','2016-11-14',1.3236,1.3236,-0.16,'场内买入','场内卖出','0')
INFO: insert into nav_etf values ('518880','2016-11-14',2.7184,1.0265,-2.33,'场内买入','场内卖出','0')
INFO: insert into nav_etf values ('159916','2016-11-14',2.7380,1.4918,0.13,'场内买入','场内卖出','0')
INFO: insert into nav_etf values ('510150','2016-11-14',3.9080,1.2880,-0.28,'场内买入','场内卖出','0')
INFO: insert into nav_etf values ('510120','2016-11-14',2.6630,1.1220,0.76,'场内买入','场内卖出','0')
INFO: insert into nav_etf values ('510280','2016-11-14',1.4050,1.4050,0.21,'场内买入','场内卖出','0')
INFO: insert into nav_etf values ('511210','2016-11-14',117.4682,1.1747,-0.03,'场内买入','场内卖出','0')
INFO: insert into nav_etf values ('159929','2016-11-14',1.4531,1.4531,-0.16,'场内买入','场内卖出','0')
INFO: insert into nav_etf values ('510160','2016-11-14',0.5227,1.3004,1.24,'场内买入','场内卖出','0')
INFO: insert into nav_etf values ('159935','2016-11-14',1.7254,1.7254,0.46,'场内买入','场内卖出','0')
INFO: insert into nav_etf values ('510360','2016-11-14',1.0554,1.0554,0.39,'场内买入','场内卖出','0')
INFO: insert into nav_etf values ('510430','2016-11-14',1.3790,1.3790,0.88,'场内买入','场内卖出','0')
INFO: insert into nav_etf values ('159936','2016-11-14',1.5957,1.5957,0.14,'场内买入','场内卖出','0')
INFO: insert into nav_etf values ('159910','2016-11-14',1.4154,1.4154,0.13,'场内买入','场内卖出','0')
INFO: insert into nav_etf values ('159905','2016-11-14',1.2231,1.2231,0.03,'场内买入','场内卖出','0')
INFO: insert into nav_etf values ('159921','2016-11-14',1.6350,1.6350,0.12,'场内买入','场内卖出','0')
INFO: insert into nav_etf values ('159909','2016-11-14',5.0890,1.5650,0.49,'场内买入','场内卖出','0')
INFO: insert into nav_etf values ('159920','2016-11-14',1.2134,1.2134,-1.16,'场内买入','场内卖出','0')
INFO: insert into nav_etf values ('159912','2016-11-14',1.3519,1.3519,0.20,'场内买入','场内卖出','0')
INFO: insert into nav_etf values ('510420','2016-11-14',1.5020,1.5020,0.81,'场内买入','场内卖出','0')
INFO: insert into nav_etf values ('159939','2016-11-14',1.1999,1.1999,0.54,'场内买入','场内卖出','0')
INFO: insert into nav_etf values ('159944','2016-11-14',0.8898,0.8898,-0.11,'场内买入','场内卖出','0')
INFO: insert into nav_etf values ('159924','2016-11-14',1.4400,1.4400,0.56,'场内买入','场内卖出','0')
INFO: insert into nav_etf values ('510410','2016-11-14',0.7317,0.7317,0.51,'场内买入','场内卖出','0')
INFO: insert into nav_etf values ('159932','2016-11-14',1.9160,1.6230,0.31,'场内买入','场内卖出','0')
INFO: insert into nav_etf values ('512500','2016-11-14',3.1957,0.6995,0.44,'场内买入','场内卖出','0')
INFO: insert into nav_etf values ('510300','2016-11-14',3.4900,1.3566,0.37,'场内买入','场内卖出','0')
INFO: insert into nav_etf values ('513600','2016-11-14',2.0167,1.0460,-1.06,'场内买入','场内卖出','0')
INFO: insert into nav_etf values ('159946','2016-11-14',1.0061,1.0061,-0.40,'场内买入','场内卖出','0')
INFO: insert into nav_etf values ('510050','2016-11-14',2.3720,3.1530,0.38,'场内买入','场内卖出','0')
INFO: insert into nav_etf values ('510030','2016-11-14',3.9920,1.3670,0.35,'场内买入','场内卖出','0')
INFO: insert into nav_etf values ('159911','2016-11-14',4.3549,1.3196,0.37,'场内买入','场内卖出','0')
INFO: insert into nav_etf values ('510170','2016-11-14',1.8530,0.5750,0.32,'场内买入','场内卖出','0')
INFO: insert into nav_etf values ('510130','2016-11-14',3.6099,1.2416,0.61,'场内买入','场内卖出','0')
INFO: insert into nav_etf values ('510070','2016-11-14',1.6640,1.4260,0.48,'场内买入','场内卖出','0')
INFO: insert into nav_etf values ('159928','2016-11-14',1.4736,1.4736,-0.55,'场内买入','场内卖出','0')
INFO: insert into nav_etf values ('513660','2016-11-14',1.9992,1.0379,-1.09,'场内买入','场内卖出','0')
INFO: insert into nav_etf values ('510210','2016-11-14',3.5710,1.2220,0.39,'场内买入','场内卖出','0')
INFO: insert into nav_etf values ('159907','2016-11-14',1.5051,1.3675,0.30,'场内买入','场内卖出','0')
INFO: insert into nav_etf values ('510900','2016-11-14',1.0274,1.0274,-0.73,'场内买入','场内卖出','0')
INFO: insert into nav_etf values ('512610','2016-11-14',1.4519,1.4519,-0.16,'场内买入','场内卖出','0')
INFO: insert into nav_etf values ('159933','2016-11-14',1.6504,1.6504,0.19,'场内买入','场内卖出','0')
INFO: insert into nav_etf values ('159908','2016-11-14',1.2509,1.2509,0.15,'场内买入','场内卖出','0')
INFO: insert into nav_etf values ('159913','2016-11-14',1.4890,1.4890,-0.07,'场内买入','场内卖出','0')
INFO: insert into nav_etf values ('512300','2016-11-14',1.2660,1.2660,0.20,'场内买入','场内卖出','0')
INFO: insert into nav_etf values ('159923','2016-11-14',1.3100,1.3100,0.23,'场内买入','场内卖出','0')
INFO: insert into nav_etf values ('159901','2016-11-14',4.2075,4.1089,0.16,'场内买入','场内卖出','0')
INFO: insert into nav_etf values ('510310','2016-11-14',1.4307,1.4307,0.38,'场内买入','场内卖出','0')
INFO: insert into nav_etf values ('512510','2016-11-14',1.3423,0.6673,0.46,'场内买入','场内卖出','0')
INFO: insert into nav_etf values ('510110','2016-11-14',3.1270,1.2550,0.35,'场内买入','场内卖出','0')
INFO: insert into nav_etf values ('510090','2016-11-14',1.3267,1.5827,0.52,'场内买入','场内卖出','0')
INFO: insert into nav_etf values ('159931','2016-11-14',1.5338,1.5338,0.17,'场内买入','场内卖出','0')
INFO: insert into nav_etf values ('510330','2016-11-14',3.6525,1.5278,0.35,'场内买入','场内卖出','0')
INFO: insert into nav_etf values ('512600','2016-11-14',1.5337,1.5337,-0.55,'场内买入','场内卖出','0')
INFO: insert into nav_etf values ('513500','2016-11-11',1.3606,1.3606,0.18,'暂停申购','场内卖出','0')
INFO: insert into nav_etf values ('510220','2016-11-14',4.0650,1.1220,0.59,'场内买入','场内卖出','0')
INFO: insert into nav_etf values ('510270','2016-11-14',1.0200,1.1900,0.49,'场内买入','场内卖出','0')
INFO: insert into nav_etf values ('159925','2016-11-14',1.3986,1.2262,0.39,'封闭期','封闭期','0')
INFO: insert into nav_etf values ('510710','2016-11-14',2.3424,0.7241,0.38,'场内买入','场内卖出','0')
INFO: insert into nav_etf values ('510180','2016-11-14',3.0233,3.0624,0.49,'场内买入','场内卖出','0')
INFO: insert into nav_etf values ('159906','2016-11-14',0.9850,0.9850,0.61,'场内买入','场内卖出','0')
INFO: insert into nav_etf values ('512640','2016-11-14',1.7237,1.7237,0.19,'场内买入','场内卖出','0')
INFO: insert into nav_etf values ('159919','2016-11-14',3.6998,1.4141,0.37,'场内买入','场内卖出','0')
INFO: insert into nav_etf values ('510060','2016-11-14',1.5853,1.0140,0.92,'场内买入','场内卖出','0')
INFO: insert into nav_etf values ('510290','2016-11-14',1.6031,1.6031,0.57,'场内买入','场内卖出','0')
INFO: insert into nav_etf values ('510510','2016-11-14',1.8206,1.8206,0.46,'场内买入','场内卖出','0')
INFO: insert into nav_etf values ('512120','2016-11-14',1.3700,1.3700,-0.29,'场内买入','场内卖出','0')
INFO: insert into nav_etf values ('159945','2016-11-14',0.7340,0.7340,1.56,'场内买入','场内卖出','0')
INFO: insert into nav_etf values ('510520','2016-11-14',1.7233,1.7233,0.45,'场内买入','场内卖出','0')
INFO: insert into nav_etf values ('510230','2016-11-14',5.3514,1.5199,0.25,'场内买入','场内卖出','0')
INFO: insert into nav_etf values ('159943','2016-11-14',11.4530,0.7520,0.25,'场内买入','场内卖出','0')
INFO: insert into nav_etf values ('510440','2016-11-14',1.9270,1.9270,0.63,'场内买入','场内卖出','0')
INFO: insert into nav_etf values ('510580','2016-11-14',6.8220,1.0512,0.56,'场内买入','场内卖出','0')
INFO: insert into nav_etf values ('159915','2016-11-14',2.0721,2.3738,0.67,'场内买入','场内卖出','0')
INFO: insert into nav_etf values ('510660','2016-11-14',1.5436,1.5436,-0.01,'场内买入','场内卖出','0')
INFO: insert into nav_etf values ('510650','2016-11-14',1.5035,1.5035,0.18,'场内买入','场内卖出','0')
INFO: insert into nav_etf values ('159918','2016-11-14',2.1642,2.1642,0.46,'场内买入','场内卖出','0')
INFO: insert into nav_etf values ('510260','2016-11-14',1.1460,1.1460,0.70,'场内买入','场内卖出','0')
INFO: insert into nav_etf values ('511010','2016-11-14',113.0940,1.1440,-0.20,'场内买入','场内卖出','0')
INFO: insert into nav_etf values ('510630','2016-11-14',1.6123,1.6123,-0.45,'场内买入','场内卖出','0')
INFO: insert into nav_etf values ('510560','2016-11-14',1.3702,0.6344,0.47,'场内买入','场内卖出','0')
INFO: insert into nav_etf values ('159937','2016-11-14',2.7233,1.0693,-2.28,'场内买入','场内卖出','0')
INFO: insert into nav_etf values ('159942','2016-11-14',1.9450,0.5940,0.36,'场内买入','场内卖出','0')
INFO: insert into nav_etf values ('512010','2016-11-14',1.3155,1.3155,-0.46,'场内买入','场内卖出','0')
INFO: ########################################
nav_etf is updated to latest status.
########################################
INFO: insert into nav_lof values ('164906','2016-11-11',0.9740,0.9740,-0.41,'开放申购','开放赎回','0')
INFO: insert into nav_lof values ('164906','2016-11-10',0.9780,0.9780,-2.30,'开放申购','开放赎回','0')
INFO: insert into nav_lof values ('164906','2016-11-09',1.0010,1.0010,-0.79,'开放申购','开放赎回','0')
INFO: insert into nav_lof values ('160124','2016-11-14',1.1799,1.2099,-0.23,'开放申购','开放赎回','0')
INFO: insert into nav_lof values ('160124','2016-11-11',1.1826,1.2126,-0.17,'开放申购','开放赎回','0')
INFO: insert into nav_lof values ('160124','2016-11-10',1.1846,1.2146,-0.17,'开放申购','开放赎回','0')
INFO: insert into nav_lof values ('163824','2016-11-14',1.1390,1.3190,-0.09,'暂停申购','暂停赎回','0')
INFO: insert into nav_lof values ('163824','2016-11-11',1.1400,1.3200,0.00,'暂停申购','暂停赎回','0')
INFO: insert into nav_lof values ('163824','2016-11-10',1.1400,1.3200,-0.09,'暂停申购','暂停赎回','0')
INFO: insert into nav_lof values ('160123','2016-11-14',1.2064,1.2364,-0.22,'开放申购','开放赎回','0')
INFO: insert into nav_lof values ('160123','2016-11-11',1.2091,1.2391,-0.17,'开放申购','开放赎回','0')
INFO: insert into nav_lof values ('160123','2016-11-10',1.2111,1.2411,-0.17,'开放申购','开放赎回','0')
INFO: insert into nav_lof values ('165705','2016-11-14',1.0200,1.2460,-0.10,'开放申购','开放赎回','0')
INFO: insert into nav_lof values ('165705','2016-11-11',1.0210,1.2470,-0.10,'开放申购','开放赎回','0')
INFO: insert into nav_lof values ('165705','2016-11-10',1.0220,1.2480,0.00,'开放申购','开放赎回','0')
INFO: insert into nav_lof values ('165516','2016-11-14',2.4410,2.4410,0.12,'开放申购','开放赎回','0')
INFO: insert into nav_lof values ('165516','2016-11-11',2.4380,2.4380,0.49,'开放申购','开放赎回','0')
INFO: insert into nav_lof values ('165516','2016-11-10',2.4260,2.4260,1.29,'开放申购','开放赎回','0')
INFO: insert into nav_lof values ('160211','2016-11-14',2.7990,3.3420,-0.43,'开放申购','开放赎回','0')
INFO: insert into nav_lof values ('160211','2016-11-11',2.8110,3.3560,-0.32,'开放申购','开放赎回','0')
INFO: insert into nav_lof values ('160211','2016-11-10',2.8200,3.3670,1.04,'开放申购','开放赎回','0')
INFO: insert into nav_lof values ('161714','2016-11-11',0.7750,0.7750,-1.40,'暂停申购','开放赎回','0')
INFO: insert into nav_lof values ('161714','2016-11-10',0.7860,0.7860,-0.38,'暂停申购','开放赎回','0')
INFO: insert into nav_lof values ('161714','2016-11-09',0.7890,0.7890,-1.99,'暂停申购','开放赎回','0')
INFO: insert into nav_lof values ('160910','2016-11-14',0.9680,2.1790,-0.51,'开放申购','开放赎回','0')
INFO: insert into nav_lof values ('160910','2016-11-11',0.9730,2.1840,-0.71,'开放申购','开放赎回','0')
INFO: insert into nav_lof values ('160910','2016-11-10',0.9800,2.1910,0.62,'开放申购','开放赎回','0')
INFO: insert into nav_lof values ('165509','2016-11-14',1.1590,1.5740,0.61,'开放申购','开放赎回','0')
INFO: insert into nav_lof values ('165509','2016-11-11',1.1520,1.5670,0.70,'开放申购','开放赎回','0')
INFO: insert into nav_lof values ('165509','2016-11-10',1.1440,1.5590,0.00,'开放申购','开放赎回','0')
INFO: insert into nav_lof values ('166012','2016-11-14',1.0740,1.2640,-0.09,'限制大额申购','开放赎回','0')
INFO: insert into nav_lof values ('166012','2016-11-11',1.0750,1.2650,-0.09,'限制大额申购','开放赎回','0')
INFO: insert into nav_lof values ('166012','2016-11-10',1.0760,1.2660,-0.09,'限制大额申购','开放赎回','0')
INFO: insert into nav_lof values ('161226','2016-11-14',1.0360,1.0360,-2.91,'限制大额申购','开放赎回','0')
INFO: insert into nav_lof values ('161226','2016-11-11',1.0670,1.0670,0.85,'限制大额申购','开放赎回','0')
INFO: insert into nav_lof values ('161226','2016-11-10',1.0580,1.0580,0.86,'限制大额申购','开放赎回','0')
INFO: insert into nav_lof values ('160134','2016-11-14',1.0280,1.2510,-0.10,'暂停申购','暂停赎回','0')
INFO: insert into nav_lof values ('160134','2016-11-11',1.0290,1.2520,-0.10,'暂停申购','暂停赎回','0')
INFO: insert into nav_lof values ('160134','2016-11-10',1.0300,1.2530,-0.10,'暂停申购','暂停赎回','0')
INFO: insert into nav_lof values ('160618','2016-11-14',1.1270,1.4920,0.00,'开放申购','开放赎回','0')
INFO: insert into nav_lof values ('160618','2016-11-11',1.1270,1.4920,0.00,'开放申购','开放赎回','0')
INFO: insert into nav_lof values ('160618','2016-11-10',1.1270,1.4920,0.00,'开放申购','开放赎回','0')
INFO: insert into nav_lof values ('160215','2016-11-14',1.5230,1.8030,0.26,'开放申购','开放赎回','0')
INFO: insert into nav_lof values ('160215','2016-11-11',1.5190,1.7990,0.40,'开放申购','开放赎回','0')
INFO: insert into nav_lof values ('160215','2016-11-10',1.5130,1.7930,1.41,'开放申购','开放赎回','0')
INFO: insert into nav_lof values ('160125','2016-11-11',0.8322,0.9222,-0.13,'开放申购','开放赎回','0')
INFO: insert into nav_lof values ('160125','2016-11-10',0.8333,0.9233,1.57,'开放申购','开放赎回','0')
INFO: insert into nav_lof values ('160125','2016-11-09',0.8204,0.9104,-0.83,'开放申购','开放赎回','0')
INFO: insert into nav_lof values ('165313','2016-11-14',1.4110,1.4110,-0.21,'开放申购','开放赎回','0')
INFO: insert into nav_lof values ('165313','2016-11-11',1.4140,1.4140,0.14,'开放申购','开放赎回','0')
INFO: insert into nav_lof values ('165313','2016-11-10',1.4120,1.4120,0.64,'开放申购','开放赎回','0')
INFO: insert into nav_lof values ('161213','2016-11-14',1.3520,1.3520,0.30,'开放申购','开放赎回','0')
INFO: insert into nav_lof values ('161213','2016-11-11',1.3480,1.3480,0.07,'开放申购','开放赎回','0')
INFO: insert into nav_lof values ('161213','2016-11-10',1.3470,1.3470,0.90,'开放申购','开放赎回','0')
INFO: insert into nav_lof values ('165508','2016-11-14',1.7780,1.7780,0.62,'开放申购','开放赎回','0')
INFO: insert into nav_lof values ('165508','2016-11-11',1.7670,1.7670,-0.23,'开放申购','开放赎回','0')
INFO: insert into nav_lof values ('165508','2016-11-10',1.7710,1.7710,1.61,'开放申购','开放赎回','0')
INFO: insert into nav_lof values ('160513','2016-11-14',1.4880,1.5630,-0.07,'限制大额申购','开放赎回','0')
INFO: insert into nav_lof values ('160513','2016-11-11',1.4890,1.5640,0.00,'开放申购','开放赎回','0')
INFO: insert into nav_lof values ('160513','2016-11-10',1.4890,1.5640,-0.07,'开放申购','开放赎回','0')
INFO: insert into nav_lof values ('165513','2016-11-11',0.4470,0.4470,-2.19,'暂停申购','开放赎回','0')
INFO: insert into nav_lof values ('165513','2016-11-10',0.4570,0.4570,-1.72,'暂停申购','开放赎回','0')
INFO: insert into nav_lof values ('165513','2016-11-09',0.4650,0.4650,0.65,'暂停申购','开放赎回','0')
INFO: insert into nav_lof values ('164606','2016-11-14',1.1910,1.2420,-0.08,'开放申购','开放赎回','0')
INFO: insert into nav_lof values ('164606','2016-11-11',1.1920,1.2430,-0.08,'开放申购','开放赎回','0')
INFO: insert into nav_lof values ('164606','2016-11-10',1.1930,1.2440,-0.08,'开放申购','开放赎回','0')
INFO: insert into nav_lof values ('160807','2016-11-14',1.1430,1.1930,0.35,'开放申购','开放赎回','0')
INFO: insert into nav_lof values ('160807','2016-11-11',1.1390,1.1890,0.71,'开放申购','开放赎回','0')
INFO: insert into nav_lof values ('160807','2016-11-10',1.1310,1.1810,0.98,'开放申购','开放赎回','0')
INFO: insert into nav_lof values ('166008','2016-11-14',1.0402,1.4396,-0.03,'限制大额申购','开放赎回','0')
INFO: insert into nav_lof values ('166008','2016-11-11',1.0405,1.4399,-0.07,'限制大额申购','开放赎回','0')
INFO: insert into nav_lof values ('166008','2016-11-10',1.0412,1.4406,-0.05,'限制大额申购','开放赎回','0')
INFO: insert into nav_lof values ('163407','2016-11-14',1.4049,1.4049,0.31,'限制大额申购','开放赎回','0')
INFO: insert into nav_lof values ('163407','2016-11-11',1.4005,1.4005,0.61,'限制大额申购','开放赎回','0')
INFO: insert into nav_lof values ('163407','2016-11-10',1.3920,1.3920,1.10,'限制大额申购','开放赎回','0')
INFO: insert into nav_lof values ('163412','2016-11-14',2.7270,3.7910,-0.37,'限制大额申购','开放赎回','0')
INFO: insert into nav_lof values ('163412','2016-11-11',2.7370,3.8010,-0.40,'限制大额申购','开放赎回','0')
INFO: insert into nav_lof values ('163412','2016-11-10',2.7480,3.8120,1.18,'限制大额申购','开放赎回','0')
INFO: insert into nav_lof values ('162414','2016-11-14',1.0682,1.0682,0.00,'开放申购','开放赎回','0')
INFO: insert into nav_lof values ('162414','2016-11-11',1.0682,1.0682,-0.02,'开放申购','开放赎回','0')
INFO: insert into nav_lof values ('162414','2016-11-10',1.0684,1.0684,0.08,'开放申购','开放赎回','0')
INFO: insert into nav_lof values ('162716','2016-11-14',1.0830,1.1190,0.00,'暂停申购','开放赎回','0')
INFO: insert into nav_lof values ('162716','2016-11-11',1.0830,1.1190,-0.09,'暂停申购','开放赎回','0')
INFO: insert into nav_lof values ('162716','2016-11-10',1.0840,1.1200,0.00,'暂停申购','开放赎回','0')
INFO: insert into nav_lof values ('160220','2016-11-14',1.3110,1.3110,0.00,'限制大额申购','开放赎回','0')
INFO: insert into nav_lof values ('160220','2016-11-11',1.3110,1.3110,-0.15,'限制大额申购','开放赎回','0')
INFO: insert into nav_lof values ('160220','2016-11-10',1.3130,1.3130,0.15,'限制大额申购','开放赎回','0')
INFO: insert into nav_lof values ('162607','2016-11-14',0.4640,2.9450,0.65,'开放申购','开放赎回','0')
INFO: insert into nav_lof values ('162607','2016-11-11',0.4610,2.9420,0.00,'开放申购','开放赎回','0')
INFO: insert into nav_lof values ('162607','2016-11-10',0.4610,2.9420,0.66,'开放申购','开放赎回','0')
INFO: insert into nav_lof values ('161010','2016-11-14',1.1050,1.6790,0.00,'开放申购','开放赎回','0')
INFO: insert into nav_lof values ('161010','2016-11-11',1.1050,1.6790,0.00,'开放申购','开放赎回','0')
INFO: insert into nav_lof values ('161010','2016-11-10',1.1050,1.6790,0.09,'开放申购','开放赎回','0')
INFO: insert into nav_lof values ('160720','2016-11-14',1.1563,1.2147,-0.13,'限制大额申购','开放赎回','0')
INFO: insert into nav_lof values ('160720','2016-11-11',1.1578,1.2162,-0.13,'限制大额申购','开放赎回','0')
INFO: insert into nav_lof values ('160720','2016-11-10',1.1593,1.2177,-0.07,'限制大额申购','开放赎回','0')
INFO: insert into nav_lof values ('160212','2016-11-14',2.2890,2.2890,-0.44,'限制大额申购','开放赎回','0')
INFO: insert into nav_lof values ('160212','2016-11-11',2.2990,2.2990,-0.35,'限制大额申购','开放赎回','0')
INFO: insert into nav_lof values ('160212','2016-11-10',2.3070,2.3070,1.01,'限制大额申购','开放赎回','0')
INFO: insert into nav_lof values ('162703','2016-11-14',1.1388,3.4768,-0.25,'开放申购','开放赎回','0')
INFO: insert into nav_lof values ('162703','2016-11-11',1.1417,3.4797,-0.55,'开放申购','开放赎回','0')
INFO: insert into nav_lof values ('162703','2016-11-10',1.1480,3.4860,0.31,'开放申购','开放赎回','0')
INFO: insert into nav_lof values ('164808','2016-11-14',1.0150,1.5510,-0.10,'限制大额申购','开放赎回','0')
INFO: insert into nav_lof values ('164808','2016-11-11',1.0160,1.5520,0.00,'限制大额申购','开放赎回','0')
INFO: insert into nav_lof values ('164808','2016-11-10',1.0160,1.5520,0.00,'限制大额申购','开放赎回','0')
INFO: insert into nav_lof values ('160617','2016-11-14',1.0260,1.4840,-0.10,'限制大额申购','开放赎回','0')
INFO: insert into nav_lof values ('160617','2016-11-11',1.0270,1.4850,-0.10,'限制大额申购','开放赎回','0')
INFO: insert into nav_lof values ('160617','2016-11-10',1.0280,1.4860,-0.10,'限制大额申购','开放赎回','0')
INFO: insert into nav_lof values ('160616','2016-11-14',1.3400,1.3400,0.53,'开放申购','开放赎回','0')
INFO: insert into nav_lof values ('160616','2016-11-11',1.3330,1.3330,0.68,'开放申购','开放赎回','0')
INFO: insert into nav_lof values ('160616','2016-11-10',1.3240,1.3240,1.30,'开放申购','开放赎回','0')
INFO: insert into nav_lof values ('160611','2016-11-14',0.9330,1.0620,0.76,'开放申购','开放赎回','0')
INFO: insert into nav_lof values ('160611','2016-11-11',0.9260,1.0550,0.00,'开放申购','开放赎回','0')
INFO: insert into nav_lof values ('160611','2016-11-10',0.9260,1.0550,1.31,'开放申购','开放赎回','0')
INFO: insert into nav_lof values ('161706','2016-11-14',1.4980,3.4083,0.53,'开放申购','开放赎回','0')
INFO: insert into nav_lof values ('161706','2016-11-11',1.4901,3.4004,0.87,'开放申购','开放赎回','0')
INFO: insert into nav_lof values ('161706','2016-11-10',1.4772,3.3875,0.62,'开放申购','开放赎回','0')
INFO: insert into nav_lof values ('166011','2016-11-14',1.2600,2.4890,-0.55,'开放申购','开放赎回','0')
INFO: insert into nav_lof values ('166011','2016-11-11',1.2670,2.4960,-0.31,'开放申购','开放赎回','0')
INFO: insert into nav_lof values ('166011','2016-11-10',1.2710,2.5000,0.95,'限制大额申购','开放赎回','0')
INFO: insert into nav_lof values ('160915','2016-11-14',1.1390,1.6760,-0.09,'开放申购','开放赎回','0')
INFO: insert into nav_lof values ('160915','2016-11-11',1.1400,1.6770,-0.09,'开放申购','开放赎回','0')
INFO: insert into nav_lof values ('160915','2016-11-10',1.1410,1.6780,0.09,'开放申购','开放赎回','0')
INFO: insert into nav_lof values ('161015','2016-11-14',0.9230,1.5600,0.00,'开放申购','开放赎回','0')
INFO: insert into nav_lof values ('161015','2016-11-11',0.9230,1.5600,0.00,'开放申购','开放赎回','0')
INFO: insert into nav_lof values ('161015','2016-11-10',0.9230,1.5600,0.00,'开放申购','开放赎回','0')
INFO: insert into nav_lof values ('161821','2016-11-14',1.2350,1.2350,-0.08,'限制大额申购','开放赎回','0')
INFO: insert into nav_lof values ('161821','2016-11-11',1.2360,1.2360,-0.08,'限制大额申购','开放赎回','0')
INFO: insert into nav_lof values ('161821','2016-11-10',1.2370,1.2370,-0.08,'限制大额申购','开放赎回','0')
INFO: insert into nav_lof values ('160132','2016-11-14',1.0240,1.4830,0.00,'暂停申购','暂停赎回','0')
INFO: insert into nav_lof values ('160132','2016-11-11',1.0240,1.4830,0.29,'暂停申购','暂停赎回','0')
INFO: insert into nav_lof values ('160132','2016-11-10',1.0210,1.4800,0.29,'暂停申购','暂停赎回','0')
INFO: insert into nav_lof values ('163402','2016-11-14',1.6322,8.7875,0.03,'开放申购','开放赎回','0')
INFO: insert into nav_lof values ('163402','2016-11-11',1.6317,8.7855,-0.09,'开放申购','开放赎回','0')
INFO: insert into nav_lof values ('163402','2016-11-10',1.6332,8.7915,0.97,'开放申购','开放赎回','0')
INFO: insert into nav_lof values ('160314','2016-11-14',1.0350,6.2020,-0.10,'开放申购','开放赎回','0')
INFO: insert into nav_lof values ('160314','2016-11-11',1.0360,6.2050,0.68,'开放申购','开放赎回','0')
INFO: insert into nav_lof values ('160314','2016-11-10',1.0290,6.1800,0.98,'开放申购','开放赎回','0')
INFO: insert into nav_lof values ('161216','2016-11-14',1.0710,1.5600,0.09,'开放申购','开放赎回','每份派现金0.0060元')
INFO: insert into nav_lof values ('161216','2016-11-11',1.0760,1.5590,0.37,'开放申购','开放赎回','0')
INFO: insert into nav_lof values ('161216','2016-11-10',1.0720,1.5550,0.19,'开放申购','开放赎回','0')
INFO: insert into nav_lof values ('161831','2016-11-14',0.8972,0.9493,-0.68,'限制大额申购','开放赎回','0')
INFO: insert into nav_lof values ('161831','2016-11-11',0.9033,0.9554,-0.83,'限制大额申购','开放赎回','0')
INFO: insert into nav_lof values ('161831','2016-11-10',0.9109,0.9630,1.77,'限制大额申购','开放赎回','0')
INFO: insert into nav_lof values ('161813','2016-11-14',1.2920,1.4770,0.00,'开放申购','开放赎回','0')
INFO: insert into nav_lof values ('161813','2016-11-11',1.2920,1.4770,-0.15,'开放申购','开放赎回','0')
INFO: insert into nav_lof values ('161813','2016-11-10',1.2940,1.4790,0.00,'开放申购','开放赎回','0')
INFO: insert into nav_lof values ('161722','2016-11-14',1.0710,1.0710,-0.19,'限制大额申购','开放赎回','0')
INFO: insert into nav_lof values ('161722','2016-11-11',1.0730,1.0730,-0.09,'限制大额申购','开放赎回','0')
INFO: insert into nav_lof values ('161722','2016-11-10',1.0740,1.0740,0.00,'限制大额申购','开放赎回','0')
INFO: insert into nav_lof values ('160607','2016-11-14',0.6750,3.7280,0.60,'开放申购','开放赎回','0')
INFO: insert into nav_lof values ('160607','2016-11-11',0.6710,3.7170,0.15,'开放申购','开放赎回','0')
INFO: insert into nav_lof values ('160607','2016-11-10',0.6700,3.7140,0.75,'开放申购','开放赎回','0')
INFO: insert into nav_lof values ('165510','2016-11-11',0.6840,0.6840,-2.56,'暂停申购','开放赎回','0')
INFO: insert into nav_lof values ('165510','2016-11-10',0.7020,0.7020,-2.09,'暂停申购','开放赎回','0')
INFO: insert into nav_lof values ('165510','2016-11-09',0.7170,0.7170,-0.97,'暂停申购','开放赎回','0')
INFO: insert into nav_lof values ('161907','2016-11-14',1.4676,1.4676,0.04,'开放申购','开放赎回','0')
INFO: insert into nav_lof values ('161907','2016-11-11',1.4670,1.4670,0.45,'开放申购','开放赎回','0')
INFO: insert into nav_lof values ('161907','2016-11-10',1.4605,1.4605,1.22,'开放申购','开放赎回','0')
INFO: insert into nav_lof values ('161210','2016-11-11',0.8690,0.8690,-1.59,'开放申购','开放赎回','0')
INFO: insert into nav_lof values ('161210','2016-11-10',0.8830,0.8830,0.80,'开放申购','开放赎回','0')
INFO: insert into nav_lof values ('161210','2016-11-09',0.8760,0.8760,-1.57,'开放申购','开放赎回','0')
INFO: insert into nav_lof values ('161822','2016-11-14',1.2230,1.2230,-0.08,'限制大额申购','开放赎回','0')
INFO: insert into nav_lof values ('161822','2016-11-11',1.2240,1.2240,-0.08,'限制大额申购','开放赎回','0')
INFO: insert into nav_lof values ('161822','2016-11-10',1.2250,1.2250,-0.08,'限制大额申购','开放赎回','0')
INFO: insert into nav_lof values ('162510','2016-11-14',1.1170,1.9050,0.09,'开放申购','开放赎回','0')
INFO: insert into nav_lof values ('162510','2016-11-11',1.1160,1.9040,0.36,'开放申购','开放赎回','0')
INFO: insert into nav_lof values ('162510','2016-11-10',1.1120,1.9000,1.09,'开放申购','开放赎回','0')
INFO: insert into nav_lof values ('163821','2016-11-14',1.4880,1.4880,0.61,'开放申购','开放赎回','0')
INFO: insert into nav_lof values ('163821','2016-11-11',1.4790,1.4790,0.96,'开放申购','开放赎回','0')
INFO: insert into nav_lof values ('163821','2016-11-10',1.4650,1.4650,1.24,'开放申购','开放赎回','0')
INFO: insert into nav_lof values ('161115','2016-11-14',1.7720,1.9160,-0.06,'开放申购','开放赎回','0')
INFO: insert into nav_lof values ('161115','2016-11-11',1.7730,1.9170,-0.06,'开放申购','开放赎回','0')
INFO: insert into nav_lof values ('161115','2016-11-10',1.7740,1.9180,-0.06,'开放申购','开放赎回','0')
INFO: insert into nav_lof values ('163503','2016-11-14',0.5106,2.4122,-0.47,'开放申购','开放赎回','0')
INFO: insert into nav_lof values ('163503','2016-11-11',0.5130,2.4168,2.29,'开放申购','开放赎回','0')
INFO: insert into nav_lof values ('163503','2016-11-10',0.5015,2.3944,1.91,'开放申购','开放赎回','0')
INFO: insert into nav_lof values ('160515','2016-11-14',1.0330,1.3810,-0.10,'暂停申购','暂停赎回','0')
INFO: insert into nav_lof values ('160515','2016-11-11',1.0340,1.3820,-0.19,'暂停申购','暂停赎回','0')
INFO: insert into nav_lof values ('160515','2016-11-10',1.0360,1.3840,-0.10,'暂停申购','暂停赎回','0')
INFO: insert into nav_lof values ('162207','2016-11-14',1.1745,2.8249,-0.59,'开放申购','开放赎回','0')
INFO: insert into nav_lof values ('162207','2016-11-11',1.1815,2.8417,-0.08,'开放申购','开放赎回','0')
INFO: insert into nav_lof values ('162207','2016-11-10',1.1825,2.8441,0.93,'开放申购','开放赎回','0')
INFO: insert into nav_lof values ('160415','2016-11-14',1.2810,1.2810,0.23,'开放申购','开放赎回','0')
INFO: insert into nav_lof values ('160415','2016-11-11',1.2780,1.2780,0.47,'开放申购','开放赎回','0')
INFO: insert into nav_lof values ('160415','2016-11-10',1.2720,1.2720,1.11,'开放申购','开放赎回','0')
INFO: insert into nav_lof values ('161506','2016-11-14',1.1150,1.4650,0.00,'开放申购','开放赎回','0')
INFO: insert into nav_lof values ('161506','2016-11-11',1.1150,1.4650,-0.09,'开放申购','开放赎回','0')
INFO: insert into nav_lof values ('161506','2016-11-10',1.1160,1.4660,0.00,'开放申购','开放赎回','0')
INFO: insert into nav_lof values ('162711','2016-11-14',1.3840,1.3840,0.43,'开放申购','开放赎回','0')
INFO: insert into nav_lof values ('162711','2016-11-11',1.3781,1.3781,0.69,'开放申购','开放赎回','0')
INFO: insert into nav_lof values ('162711','2016-11-10',1.3686,1.3686,1.22,'开放申购','开放赎回','0')
INFO: insert into nav_lof values ('161120','2016-11-14',1.2228,1.2228,-0.06,'开放申购','开放赎回','0')
INFO: insert into nav_lof values ('161120','2016-11-11',1.2235,1.2235,-0.09,'开放申购','开放赎回','0')
INFO: insert into nav_lof values ('161120','2016-11-10',1.2246,1.2246,-0.05,'开放申购','开放赎回','0')
INFO: insert into nav_lof values ('161219','2016-11-14',1.2100,2.2640,-0.25,'开放申购','开放赎回','0')
INFO: insert into nav_lof values ('161219','2016-11-11',1.2130,2.2670,0.25,'开放申购','开放赎回','0')
INFO: insert into nav_lof values ('161219','2016-11-10',1.2100,2.2640,0.41,'开放申购','开放赎回','0')
INFO: insert into nav_lof values ('162108','2016-11-14',1.1080,1.1700,-0.09,'开放申购','开放赎回','0')
INFO: insert into nav_lof values ('162108','2016-11-11',1.1090,1.1710,-0.09,'开放申购','开放赎回','0')
INFO: insert into nav_lof values ('162108','2016-11-10',1.1100,1.1720,-0.09,'开放申购','开放赎回','0')
INFO: insert into nav_lof values ('163110','2016-11-14',2.7390,2.7390,0.18,'开放申购','开放赎回','0')
INFO: insert into nav_lof values ('163110','2016-11-11',2.7340,2.7340,0.74,'开放申购','开放赎回','0')
INFO: insert into nav_lof values ('163110','2016-11-10',2.7140,2.7140,1.19,'开放申购','开放赎回','0')
INFO: insert into nav_lof values ('160813','2016-11-14',0.7860,3.2220,0.51,'开放申购','开放赎回','0')
INFO: insert into nav_lof values ('160813','2016-11-11',0.7820,3.2170,0.51,'开放申购','开放赎回','0')
INFO: insert into nav_lof values ('160813','2016-11-10',0.7780,3.2120,0.91,'开放申购','开放赎回','0')
INFO: insert into nav_lof values ('164208','2016-11-14',1.1325,1.6560,-0.07,'开放申购','开放赎回','0')
INFO: insert into nav_lof values ('164208','2016-11-11',1.1333,1.6568,-0.05,'开放申购','开放赎回','0')
INFO: insert into nav_lof values ('164208','2016-11-10',1.1339,1.6574,-0.04,'开放申购','开放赎回','0')
INFO: insert into nav_lof values ('162105','2016-11-14',1.0947,1.4604,0.30,'开放申购','开放赎回','0')
INFO: insert into nav_lof values ('162105','2016-11-11',1.0914,1.4571,0.07,'开放申购','开放赎回','0')
INFO: insert into nav_lof values ('162105','2016-11-10',1.0906,1.4563,0.29,'开放申购','开放赎回','0')
INFO: insert into nav_lof values ('163415','2016-11-14',1.4540,2.3140,0.07,'开放申购','开放赎回','0')
INFO: insert into nav_lof values ('163415','2016-11-11',1.4530,2.3130,-0.27,'开放申购','开放赎回','0')
INFO: insert into nav_lof values ('163415','2016-11-10',1.4570,2.3170,0.69,'开放申购','开放赎回','0')
INFO: insert into nav_lof values ('160615','2016-11-14',1.3360,1.3960,0.38,'开放申购','开放赎回','0')
INFO: insert into nav_lof values ('160615','2016-11-11',1.3310,1.3910,0.76,'开放申购','开放赎回','0')
INFO: insert into nav_lof values ('160615','2016-11-10',1.3210,1.3810,1.15,'开放申购','开放赎回','0')
INFO: insert into nav_lof values ('165311','2016-11-14',1.3650,1.5160,0.07,'限制大额申购','开放赎回','0')
INFO: insert into nav_lof values ('165311','2016-11-11',1.3640,1.5150,-0.07,'限制大额申购','开放赎回','0')
INFO: insert into nav_lof values ('165311','2016-11-10',1.3650,1.5160,0.00,'限制大额申购','开放赎回','0')
INFO: insert into nav_lof values ('161716','2016-11-14',1.0870,1.2260,-0.09,'暂停申购','开放赎回','0')
INFO: insert into nav_lof values ('161716','2016-11-11',1.0880,1.2270,0.00,'暂停申购','开放赎回','0')
INFO: insert into nav_lof values ('161716','2016-11-10',1.0880,1.2270,-0.09,'暂停申购','开放赎回','0')
INFO: insert into nav_lof values ('166105','2016-11-14',0.9600,1.1090,-0.10,'开放申购','开放赎回','0')
INFO: insert into nav_lof values ('166105','2016-11-11',0.9610,1.1100,0.00,'开放申购','开放赎回','0')
INFO: insert into nav_lof values ('166105','2016-11-10',0.9610,1.1100,-0.10,'开放申购','开放赎回','0')
INFO: insert into nav_lof values ('162308','2016-11-14',1.1220,1.5910,0.36,'开放申购','开放赎回','0')
INFO: insert into nav_lof values ('162308','2016-11-11',1.1180,1.5870,0.27,'开放申购','开放赎回','0')
INFO: insert into nav_lof values ('162308','2016-11-10',1.1150,1.5840,0.27,'开放申购','开放赎回','0')
INFO: insert into nav_lof values ('166006','2016-11-14',1.0253,1.1893,-0.17,'开放申购','开放赎回','0')
INFO: insert into nav_lof values ('166006','2016-11-11',1.0270,1.1910,0.18,'开放申购','开放赎回','0')
INFO: insert into nav_lof values ('166006','2016-11-10',1.0252,1.1892,0.97,'开放申购','开放赎回','0')
INFO: insert into nav_lof values ('162715','2016-11-14',1.0930,1.1340,-0.09,'暂停申购','开放赎回','0')
INFO: insert into nav_lof values ('162715','2016-11-11',1.0940,1.1350,0.00,'暂停申购','开放赎回','0')
INFO: insert into nav_lof values ('162715','2016-11-10',1.0940,1.1350,-0.09,'暂停申购','开放赎回','0')
INFO: insert into nav_lof values ('161217','2016-11-14',0.6720,0.6720,0.60,'开放申购','开放赎回','0')
INFO: insert into nav_lof values ('161217','2016-11-11',0.6680,0.6680,3.09,'开放申购','开放赎回','0')
INFO: insert into nav_lof values ('161217','2016-11-10',0.6480,0.6480,1.09,'开放申购','开放赎回','0')
INFO: insert into nav_lof values ('160721','2016-11-14',1.1657,1.2196,-0.14,'限制大额申购','开放赎回','0')
INFO: insert into nav_lof values ('160721','2016-11-11',1.1673,1.2212,-0.13,'限制大额申购','开放赎回','0')
INFO: insert into nav_lof values ('160721','2016-11-10',1.1688,1.2227,-0.07,'限制大额申购','开放赎回','0')
INFO: insert into nav_lof values ('166401','2016-11-14',1.0690,1.0690,0.00,'开放申购','开放赎回','0')
INFO: insert into nav_lof values ('166401','2016-11-11',1.0690,1.0690,0.00,'开放申购','开放赎回','0')
INFO: insert into nav_lof values ('166401','2016-11-10',1.0690,1.0690,0.00,'开放申购','开放赎回','0')
INFO: insert into nav_lof values ('163409','2016-11-14',1.6080,2.2880,0.75,'开放申购','开放赎回','0')
INFO: insert into nav_lof values ('163409','2016-11-11',1.5960,2.2760,0.31,'开放申购','开放赎回','0')
INFO: insert into nav_lof values ('163409','2016-11-10',1.5910,2.2710,0.76,'开放申购','开放赎回','0')
INFO: insert into nav_lof values ('160805','2016-11-14',0.8410,2.4212,0.59,'开放申购','开放赎回','0')
INFO: insert into nav_lof values ('160805','2016-11-11',0.8361,2.4163,0.52,'开放申购','开放赎回','0')
INFO: insert into nav_lof values ('160805','2016-11-10',0.8318,2.4120,0.87,'开放申购','开放赎回','0')
INFO: insert into nav_lof values ('160105','2016-11-14',1.0457,3.1483,0.56,'开放申购','开放赎回','0')
INFO: insert into nav_lof values ('160105','2016-11-11',1.0399,3.1425,0.22,'开放申购','开放赎回','0')
INFO: insert into nav_lof values ('160105','2016-11-10',1.0376,3.1402,0.91,'开放申购','开放赎回','0')
INFO: insert into nav_lof values ('165309','2016-11-14',1.0289,1.0289,0.33,'开放申购','开放赎回','0')
INFO: insert into nav_lof values ('165309','2016-11-11',1.0255,1.0255,0.72,'开放申购','开放赎回','0')
INFO: insert into nav_lof values ('165309','2016-11-10',1.0182,1.0182,1.09,'开放申购','开放赎回','0')
INFO: insert into nav_lof values ('162307','2016-11-14',1.0340,1.0340,0.29,'开放申购','开放赎回','0')
INFO: insert into nav_lof values ('162307','2016-11-11',1.0310,1.0310,0.68,'开放申购','开放赎回','0')
INFO: insert into nav_lof values ('162307','2016-11-10',1.0240,1.0240,0.99,'开放申购','开放赎回','0')
INFO: insert into nav_lof values ('160119','2016-11-14',1.6124,1.7124,0.45,'开放申购','开放赎回','0')
INFO: insert into nav_lof values ('160119','2016-11-11',1.6052,1.7052,0.70,'开放申购','开放赎回','0')
INFO: insert into nav_lof values ('160119','2016-11-10',1.5941,1.6941,1.23,'开放申购','开放赎回','0')
INFO: insert into nav_lof values ('161908','2016-11-14',0.9194,1.5245,-0.04,'开放申购','开放赎回','0')
INFO: insert into nav_lof values ('161908','2016-11-11',0.9198,1.5250,0.02,'开放申购','开放赎回','0')
INFO: insert into nav_lof values ('161908','2016-11-10',0.9196,1.5248,0.02,'开放申购','开放赎回','0')
INFO: insert into nav_lof values ('163819','2016-11-14',1.3160,1.4600,0.00,'限制大额申购','开放赎回','0')
INFO: insert into nav_lof values ('163819','2016-11-11',1.3160,1.4600,0.00,'限制大额申购','开放赎回','0')
INFO: insert into nav_lof values ('163819','2016-11-10',1.3160,1.4600,-0.08,'限制大额申购','开放赎回','0')
INFO: insert into nav_lof values ('166007','2016-11-14',1.2135,1.2585,0.30,'开放申购','开放赎回','0')
INFO: insert into nav_lof values ('166007','2016-11-11',1.2099,1.2549,0.77,'开放申购','开放赎回','0')
INFO: insert into nav_lof values ('166007','2016-11-10',1.2006,1.2456,1.00,'开放申购','开放赎回','0')
INFO: insert into nav_lof values ('160812','2016-11-14',1.4870,4.8020,-0.20,'开放申购','开放赎回','0')
INFO: insert into nav_lof values ('160812','2016-11-11',1.4900,4.8050,0.07,'开放申购','开放赎回','0')
INFO: insert into nav_lof values ('160812','2016-11-10',1.4890,4.8040,0.74,'开放申购','开放赎回','0')
INFO: insert into nav_lof values ('160133','2016-11-14',1.7830,1.7830,-0.17,'开放申购','开放赎回','0')
INFO: insert into nav_lof values ('160133','2016-11-11',1.7860,1.7860,0.17,'开放申购','开放赎回','0')
INFO: insert into nav_lof values ('160133','2016-11-10',1.7830,1.7830,0.85,'开放申购','开放赎回','0')
INFO: insert into nav_lof values ('160810','2016-11-14',1.1940,1.1940,0.00,'开放申购','开放赎回','0')
INFO: insert into nav_lof values ('160810','2016-11-11',1.1940,1.1940,-0.17,'开放申购','开放赎回','0')
INFO: insert into nav_lof values ('160810','2016-11-10',1.1960,1.1960,0.00,'开放申购','开放赎回','0')
INFO: insert into nav_lof values ('162511','2016-11-14',1.1290,1.1290,-0.09,'开放申购','开放赎回','0')
INFO: insert into nav_lof values ('162511','2016-11-11',1.1300,1.1300,0.00,'开放申购','开放赎回','0')
INFO: insert into nav_lof values ('162511','2016-11-10',1.1300,1.1300,-0.18,'开放申购','开放赎回','0')
INFO: insert into nav_lof values ('164705','2016-11-14',1.0020,1.0560,-0.99,'开放申购','开放赎回','0')
INFO: insert into nav_lof values ('164705','2016-11-11',1.0120,1.0660,-1.08,'开放申购','开放赎回','0')
INFO: insert into nav_lof values ('164705','2016-11-10',1.0230,1.0770,1.89,'开放申购','开放赎回','0')
INFO: insert into nav_lof values ('160613','2016-11-14',1.3600,2.2570,0.15,'开放申购','开放赎回','0')
INFO: insert into nav_lof values ('160613','2016-11-11',1.3580,2.2550,0.22,'开放申购','开放赎回','0')
INFO: insert into nav_lof values ('160613','2016-11-10',1.3550,2.2520,1.12,'开放申购','开放赎回','0')
INFO: insert into nav_lof values ('162712','2016-11-14',1.4380,1.7020,-0.14,'限制大额申购','开放赎回','0')
INFO: insert into nav_lof values ('162712','2016-11-11',1.4400,1.7040,-0.07,'限制大额申购','开放赎回','0')
INFO: insert into nav_lof values ('162712','2016-11-10',1.4410,1.7050,-0.14,'限制大额申购','开放赎回','0')
INFO: insert into nav_lof values ('161119','2016-11-14',1.2344,1.2344,-0.06,'开放申购','开放赎回','0')
INFO: insert into nav_lof values ('161119','2016-11-11',1.2351,1.2351,-0.10,'开放申购','开放赎回','0')
INFO: insert into nav_lof values ('161119','2016-11-10',1.2363,1.2363,-0.05,'开放申购','开放赎回','0')
INFO: insert into nav_lof values ('161227','2016-11-14',0.9250,1.7500,0.22,'开放申购','开放赎回','0')
INFO: insert into nav_lof values ('161227','2016-11-11',0.9230,1.7460,0.54,'开放申购','开放赎回','0')
INFO: insert into nav_lof values ('161227','2016-11-10',0.9180,1.7360,1.10,'开放申购','开放赎回','0')
INFO: insert into nav_lof values ('165806','2016-11-14',1.1730,1.1730,0.09,'开放申购','开放赎回','0')
INFO: insert into nav_lof values ('165806','2016-11-11',1.1720,1.1720,0.43,'开放申购','开放赎回','0')
INFO: insert into nav_lof values ('165806','2016-11-10',1.1670,1.1670,1.13,'开放申购','开放赎回','0')
INFO: insert into nav_lof values ('164902','2016-11-14',1.3750,1.4860,0.00,'开放申购','开放赎回','0')
INFO: insert into nav_lof values ('164902','2016-11-11',1.3750,1.4860,0.00,'开放申购','开放赎回','0')
INFO: insert into nav_lof values ('164902','2016-11-10',1.3750,1.4860,0.00,'开放申购','开放赎回','0')
INFO: insert into nav_lof values ('160716','2016-11-14',1.2020,1.2020,0.45,'开放申购','开放赎回','0')
INFO: insert into nav_lof values ('160716','2016-11-11',1.1966,1.1966,0.45,'开放申购','开放赎回','0')
INFO: insert into nav_lof values ('160716','2016-11-10',1.1912,1.1912,0.97,'开放申购','开放赎回','0')
INFO: insert into nav_lof values ('161810','2016-11-14',1.7450,1.6590,0.23,'开放申购','开放赎回','0')
INFO: insert into nav_lof values ('161810','2016-11-11',1.7410,1.6550,0.12,'开放申购','开放赎回','0')
INFO: insert into nav_lof values ('161810','2016-11-10',1.7390,1.6530,0.99,'开放申购','开放赎回','0')
INFO: insert into nav_lof values ('161607','2016-11-14',1.0560,2.5700,0.38,'开放申购','开放赎回','0')
INFO: insert into nav_lof values ('161607','2016-11-11',1.0520,2.5660,0.86,'开放申购','开放赎回','0')
INFO: insert into nav_lof values ('161607','2016-11-10',1.0430,2.5570,1.16,'开放申购','开放赎回','0')
INFO: insert into nav_lof values ('161505','2016-11-14',1.0750,1.4650,0.00,'开放申购','开放赎回','0')
INFO: insert into nav_lof values ('161505','2016-11-11',1.0750,1.4650,0.00,'开放申购','开放赎回','0')
INFO: insert into nav_lof values ('161505','2016-11-10',1.0750,1.4650,-0.09,'开放申购','开放赎回','0')
INFO: insert into nav_lof values ('163801','2016-11-14',1.2358,4.0558,0.15,'开放申购','开放赎回','0')
INFO: insert into nav_lof values ('163801','2016-11-11',1.2340,4.0540,0.09,'开放申购','开放赎回','0')
INFO: insert into nav_lof values ('163801','2016-11-10',1.2329,4.0529,0.81,'开放申购','开放赎回','0')
INFO: insert into nav_lof values ('162006','2016-11-14',1.0951,3.7309,-0.04,'开放申购','开放赎回','0')
INFO: insert into nav_lof values ('162006','2016-11-11',1.0955,3.7313,0.25,'开放申购','开放赎回','0')
INFO: insert into nav_lof values ('162006','2016-11-10',1.0928,3.7286,0.90,'开放申购','开放赎回','0')
INFO: insert into nav_lof values ('162605','2016-11-14',0.9010,3.5890,0.00,'开放申购','开放赎回','0')
INFO: insert into nav_lof values ('162605','2016-11-11',0.9010,3.5890,-0.55,'开放申购','开放赎回','0')
INFO: insert into nav_lof values ('162605','2016-11-10',0.9060,3.5940,0.44,'开放申购','开放赎回','0')
INFO: insert into nav_lof values ('161005','2016-11-14',1.7158,4.4038,-0.02,'开放申购','开放赎回','0')
INFO: insert into nav_lof values ('161005','2016-11-11',1.7161,4.4041,-0.27,'开放申购','开放赎回','0')
INFO: insert into nav_lof values ('161005','2016-11-10',1.7207,4.4087,0.75,'开放申购','开放赎回','0')
INFO: insert into nav_lof values ('166001','2016-11-14',1.2575,1.7575,0.00,'开放申购','开放赎回','0')
INFO: insert into nav_lof values ('166001','2016-11-11',1.2575,1.7575,0.29,'开放申购','开放赎回','0')
INFO: insert into nav_lof values ('166001','2016-11-10',1.2539,1.7539,0.95,'开放申购','开放赎回','0')
INFO: insert into nav_lof values ('160311','2016-11-14',1.3260,4.5960,-0.08,'开放申购','开放赎回','0')
INFO: insert into nav_lof values ('160311','2016-11-11',1.3270,4.5980,0.45,'开放申购','开放赎回','0')
INFO: insert into nav_lof values ('160311','2016-11-10',1.3210,4.5840,0.76,'开放申购','开放赎回','0')
INFO: insert into nav_lof values ('160610','2016-11-14',1.0200,1.8400,0.49,'开放申购','开放赎回','0')
INFO: insert into nav_lof values ('160610','2016-11-11',1.0150,1.8350,0.20,'开放申购','开放赎回','0')
INFO: insert into nav_lof values ('160610','2016-11-10',1.0130,1.8330,1.00,'开放申购','开放赎回','0')
INFO: insert into nav_lof values ('164105','2016-11-14',1.5900,1.6610,0.19,'开放申购','开放赎回','0')
INFO: insert into nav_lof values ('164105','2016-11-11',1.5870,1.6580,-0.06,'开放申购','开放赎回','0')
INFO: insert into nav_lof values ('164105','2016-11-10',1.5880,1.6590,0.06,'开放申购','开放赎回','0')
INFO: insert into nav_lof values ('160919','2016-11-14',1.1510,3.1370,0.61,'开放申购','开放赎回','0')
INFO: insert into nav_lof values ('160919','2016-11-11',1.1440,3.1300,0.18,'开放申购','开放赎回','0')
INFO: insert into nav_lof values ('160919','2016-11-10',1.1420,3.1280,1.06,'开放申购','开放赎回','0')
INFO: insert into nav_lof values ('160717','2016-11-14',0.7121,0.7121,-0.54,'开放申购','开放赎回','0')
INFO: insert into nav_lof values ('160717','2016-11-11',0.7160,0.7160,-0.76,'开放申购','开放赎回','0')
INFO: insert into nav_lof values ('160717','2016-11-10',0.7215,0.7215,1.33,'开放申购','开放赎回','0')
INFO: insert into nav_lof values ('163001','2016-11-14',1.0350,1.5750,0.00,'开放申购','开放赎回','0')
INFO: insert into nav_lof values ('163001','2016-11-11',1.0350,1.5750,0.19,'开放申购','开放赎回','0')
INFO: insert into nav_lof values ('163001','2016-11-10',1.0330,1.5730,1.27,'开放申购','开放赎回','0')
INFO: insert into nav_lof values ('165314','2016-11-14',1.3530,1.3530,0.07,'限制大额申购','开放赎回','0')
INFO: insert into nav_lof values ('165314','2016-11-11',1.3520,1.3520,-0.07,'限制大额申购','开放赎回','0')
INFO: insert into nav_lof values ('165314','2016-11-10',1.3530,1.3530,0.07,'限制大额申购','开放赎回','0')
INFO: insert into nav_lof values ('161017','2016-11-14',2.1180,2.1180,0.19,'开放申购','开放赎回','0')
INFO: insert into nav_lof values ('161017','2016-11-11',2.1140,2.1140,0.57,'开放申购','开放赎回','0')
INFO: insert into nav_lof values ('161017','2016-11-10',2.1020,2.1020,1.30,'开放申购','开放赎回','0')
INFO: insert into nav_lof values ('161614','2016-11-14',1.0410,1.3420,0.00,'开放申购','开放赎回','0')
INFO: insert into nav_lof values ('161614','2016-11-11',1.0410,1.3420,0.00,'开放申购','开放赎回','0')
INFO: insert into nav_lof values ('161614','2016-11-10',1.0410,1.3420,0.00,'开放申购','开放赎回','0')
INFO: insert into nav_lof values ('161820','2016-11-14',1.1270,1.3320,-0.18,'限制大额申购','开放赎回','0')
INFO: insert into nav_lof values ('161820','2016-11-11',1.1290,1.3340,-0.09,'限制大额申购','开放赎回','0')
INFO: insert into nav_lof values ('161820','2016-11-10',1.1300,1.3350,-0.09,'限制大额申购','开放赎回','0')
INFO: insert into nav_lof values ('160106','2016-11-14',1.3439,3.8059,-0.39,'开放申购','开放赎回','0')
INFO: insert into nav_lof values ('160106','2016-11-11',1.3491,3.8111,0.48,'开放申购','开放赎回','0')
INFO: insert into nav_lof values ('160106','2016-11-10',1.3427,3.8047,0.25,'开放申购','开放赎回','0')
INFO: insert into nav_lof values ('161903','2016-11-14',0.9300,2.6212,0.35,'开放申购','开放赎回','0')
INFO: insert into nav_lof values ('161903','2016-11-11',0.9268,2.6155,0.71,'开放申购','开放赎回','0')
INFO: insert into nav_lof values ('161903','2016-11-10',0.9203,2.6040,1.03,'开放申购','开放赎回','0')
INFO: insert into nav_lof values ('165517','2016-11-14',1.1420,1.1420,0.00,'开放申购','开放赎回','0')
INFO: insert into nav_lof values ('165517','2016-11-11',1.1420,1.1420,-0.09,'开放申购','开放赎回','0')
INFO: insert into nav_lof values ('165517','2016-11-10',1.1430,1.1430,-0.09,'开放申购','开放赎回','0')
INFO: insert into nav_lof values ('160505','2016-11-14',1.9940,5.0980,-0.20,'限制大额申购','开放赎回','0')
INFO: insert into nav_lof values ('160505','2016-11-11',1.9980,5.1020,0.00,'限制大额申购','开放赎回','0')
INFO: insert into nav_lof values ('160505','2016-11-10',1.9980,5.1020,0.71,'限制大额申购','开放赎回','0')
INFO: insert into nav_lof values ('160512','2016-11-14',2.3910,2.5610,0.93,'开放申购','开放赎回','0')
INFO: insert into nav_lof values ('160512','2016-11-11',2.3690,2.5390,1.20,'开放申购','开放赎回','0')
INFO: insert into nav_lof values ('160512','2016-11-10',2.3410,2.5100,1.47,'开放申购','开放赎回','0')
INFO: insert into nav_lof values ('501000','2016-11-14',1.0190,1.0190,0.00,'开放申购','开放赎回','0')
INFO: insert into nav_lof values ('501000','2016-11-11',1.0190,1.0190,0.00,'开放申购','开放赎回','0')
INFO: insert into nav_lof values ('501000','2016-11-10',1.0190,1.0190,0.00,'开放申购','开放赎回','0')
INFO: insert into nav_lof values ('161610','2016-11-14',0.9630,2.8530,0.84,'开放申购','开放赎回','0')
INFO: insert into nav_lof values ('161610','2016-11-11',0.9550,2.8320,0.53,'开放申购','开放赎回','0')
INFO: insert into nav_lof values ('161610','2016-11-10',0.9500,2.8190,1.17,'开放申购','开放赎回','0')
INFO: insert into nav_lof values ('166009','2016-11-14',2.0424,2.5434,-0.23,'开放申购','开放赎回','0')
INFO: insert into nav_lof values ('166009','2016-11-11',2.0472,2.5482,-0.21,'开放申购','开放赎回','0')
INFO: insert into nav_lof values ('166009','2016-11-10',2.0515,2.5525,0.96,'开放申购','开放赎回','0')
INFO: insert into nav_lof values ('160918','2016-11-14',1.8410,4.6460,0.66,'开放申购','开放赎回','0')
INFO: insert into nav_lof values ('160918','2016-11-11',1.8290,4.6340,0.05,'开放申购','开放赎回','0')
INFO: insert into nav_lof values ('160918','2016-11-10',1.8280,4.6330,0.94,'开放申购','开放赎回','0')
INFO: insert into nav_lof values ('160706','2016-11-14',0.9755,2.8435,0.35,'开放申购','开放赎回','0')
INFO: insert into nav_lof values ('160706','2016-11-11',0.9721,2.8401,0.75,'开放申购','开放赎回','0')
INFO: insert into nav_lof values ('160706','2016-11-10',0.9649,2.8329,1.06,'开放申购','开放赎回','0')
INFO: insert into nav_lof values ('165512','2016-11-14',2.2470,2.2470,0.18,'开放申购','开放赎回','0')
INFO: insert into nav_lof values ('165512','2016-11-11',2.2430,2.2430,0.31,'开放申购','开放赎回','0')
INFO: insert into nav_lof values ('165512','2016-11-10',2.2360,2.2360,1.22,'开放申购','开放赎回','0')
INFO: insert into nav_lof values ('163302','2016-11-14',1.4958,3.9488,-0.11,'开放申购','开放赎回','0')
INFO: insert into nav_lof values ('163302','2016-11-11',1.4974,3.9504,0.87,'开放申购','开放赎回','0')
INFO: insert into nav_lof values ('163302','2016-11-10',1.4845,3.9375,1.06,'开放申购','开放赎回','0')
INFO: insert into nav_lof values ('160806','2016-11-14',1.2960,1.1910,0.39,'开放申购','开放赎回','0')
INFO: insert into nav_lof values ('160806','2016-11-11',1.2910,1.1870,0.70,'开放申购','开放赎回','0')
INFO: insert into nav_lof values ('160806','2016-11-10',1.2820,1.1790,1.10,'开放申购','开放赎回','0')
INFO: insert into nav_lof values ('167501','2016-11-14',1.1040,1.3050,-0.09,'开放申购','开放赎回','0')
INFO: insert into nav_lof values ('167501','2016-11-11',1.1050,1.3060,0.00,'开放申购','开放赎回','0')
INFO: insert into nav_lof values ('167501','2016-11-10',1.1050,1.3060,-0.09,'开放申购','开放赎回','0')
INFO: insert into nav_lof values ('161224','2016-11-14',1.1330,1.2190,-0.09,'开放申购','开放赎回','0')
INFO: insert into nav_lof values ('161224','2016-11-11',1.1340,1.2200,0.18,'开放申购','开放赎回','0')
INFO: insert into nav_lof values ('161224','2016-11-10',1.1320,1.2180,0.35,'开放申购','开放赎回','0')
INFO: insert into nav_lof values ('160916','2016-11-14',2.2810,1.7940,0.26,'开放申购','开放赎回','0')
INFO: insert into nav_lof values ('160916','2016-11-11',2.2750,1.7890,-0.39,'开放申购','开放赎回','0')
INFO: insert into nav_lof values ('160916','2016-11-10',2.2840,1.7960,1.06,'开放申购','开放赎回','0')
INFO: insert into nav_lof values ('160514','2016-11-14',1.3130,1.4130,-0.08,'限制大额申购','开放赎回','0')
INFO: insert into nav_lof values ('160514','2016-11-11',1.3140,1.4140,0.00,'开放申购','开放赎回','0')
INFO: insert into nav_lof values ('160514','2016-11-10',1.3140,1.4140,-0.08,'开放申购','开放赎回','0')
INFO: ########################################
nav_lof is updated to latest status.
########################################
