INFO: insert into nav_etf values ('510110','2017-09-18',3.5590,1.4280,-0.03,'场内买入','场内卖出','0')
INFO: insert into nav_etf values ('510120','2017-09-18',2.9480,1.2420,0.51,'场内买入','场内卖出','0')
INFO: insert into nav_etf values ('512330','2017-09-18',0.8651,0.8651,1.12,'场内买入','场内卖出','0')
INFO: insert into nav_etf values ('512500','2017-09-18',3.2504,0.7115,0.72,'场内买入','场内卖出','0')
INFO: insert into nav_etf values ('159906','2017-09-18',1.0230,1.0230,0.59,'场内买入','场内卖出','0')
INFO: insert into nav_etf values ('510090','2017-09-18',1.5595,1.8605,0.12,'场内买入','场内卖出','0')
INFO: insert into nav_etf values ('159928','2017-09-18',1.9255,1.9255,1.61,'场内买入','场内卖出','0')
INFO: insert into nav_etf values ('159922','2017-09-18',6.8360,1.9167,0.73,'场内买入','场内卖出','0')
INFO: insert into nav_etf values ('512990','2017-09-18',1.1556,1.1556,0.46,'场内买入','场内卖出','0')
INFO: insert into nav_etf values ('510900','2017-09-18',1.1955,1.1955,1.06,'场内买入','场内卖出','0')
INFO: insert into nav_etf values ('512230','2017-09-18',1.3393,1.3393,0.35,'场内买入','场内卖出','0')
INFO: insert into nav_etf values ('159945','2017-09-18',0.8052,0.8052,0.37,'场内买入','场内卖出','0')
INFO: insert into nav_etf values ('510660','2017-09-18',1.7184,1.7184,0.21,'场内买入','场内卖出','0')
INFO: insert into nav_etf values ('512680','2017-09-18',0.8949,0.8949,0.51,'场内买入','场内卖出','0')
INFO: insert into nav_etf values ('159941','2017-09-15',1.2899,1.2899,0.24,'场内买入','场内卖出','0')
INFO: insert into nav_etf values ('510180','2017-09-18',3.4576,3.4671,0.24,'场内买入','场内卖出','0')
INFO: insert into nav_etf values ('512300','2017-09-18',1.1924,1.1924,0.41,'场内买入','场内卖出','0')
INFO: insert into nav_etf values ('159903','2017-09-18',1.2080,0.8913,0.82,'场内买入','场内卖出','0')
INFO: insert into nav_etf values ('159915','2017-09-18',1.8244,2.0900,1.02,'场内买入','场内卖出','0')
INFO: insert into nav_etf values ('159920','2017-09-18',1.4951,1.4951,1.23,'场内买入','场内卖出','0')
INFO: insert into nav_etf values ('510580','2017-09-18',6.8670,1.0582,0.71,'场内买入','场内卖出','0')
INFO: insert into nav_etf values ('510050','2017-09-18',2.7260,3.6340,0.18,'场内买入','场内卖出','0')
INFO: insert into nav_etf values ('159929','2017-09-18',1.4687,1.4687,0.40,'场内买入','场内卖出','0')
INFO: insert into nav_etf values ('159936','2017-09-18',1.6443,1.6443,0.76,'场内买入','场内卖出','0')
INFO: insert into nav_etf values ('513600','2017-09-18',2.4591,1.2754,1.20,'场内买入','场内卖出','0')
INFO: insert into nav_etf values ('510030','2017-09-18',4.7940,1.6410,-0.04,'场内买入','场内卖出','0')
INFO: insert into nav_etf values ('159913','2017-09-18',1.7370,1.7370,0.52,'场内买入','场内卖出','0')
INFO: insert into nav_etf values ('159946','2017-09-18',1.1480,1.1480,1.47,'场内买入','场内卖出','0')
INFO: insert into nav_etf values ('159948','2017-09-18',1.9865,0.9762,1.02,'场内买入','场内卖出','0')
INFO: insert into nav_etf values ('159901','2017-09-18',4.7638,4.6371,0.81,'场内买入','场内卖出','0')
INFO: insert into nav_etf values ('510680','2017-09-18',2.1596,2.1596,0.22,'场内买入','场内卖出','0')
INFO: insert into nav_etf values ('510130','2017-09-18',4.0451,1.3913,0.28,'场内买入','场内卖出','0')
INFO: insert into nav_etf values ('512640','2017-09-18',1.9048,1.9048,-0.05,'场内买入','场内卖出','0')
INFO: insert into nav_etf values ('159909','2017-09-18',5.3920,1.6580,1.05,'场内买入','场内卖出','0')
INFO: insert into nav_etf values ('510520','2017-09-18',1.7206,1.7206,0.68,'场内买入','场内卖出','0')
INFO: insert into nav_etf values ('510230','2017-09-18',6.1482,1.7461,0.10,'场内买入','场内卖出','0')
INFO: insert into nav_etf values ('510020','2017-09-18',2.6784,0.9879,0.44,'场内买入','场内卖出','0')
INFO: insert into nav_etf values ('159933','2017-09-18',1.8880,1.8880,-0.06,'场内买入','场内卖出','0')
INFO: insert into nav_etf values ('159940','2017-09-18',0.9517,0.9517,-0.04,'场内买入','场内卖出','0')
INFO: insert into nav_etf values ('512000','2017-09-18',1.0685,1.0685,1.19,'场内买入','场内卖出','0')
INFO: insert into nav_etf values ('518880','2017-09-18',2.7874,1.0526,-0.45,'场内买入','场内卖出','0')
INFO: insert into nav_etf values ('512010','2017-09-18',1.4951,1.4951,0.34,'场内买入','场内卖出','0')
INFO: insert into nav_etf values ('159918','2017-09-18',1.9612,1.9612,0.89,'场内买入','场内卖出','0')
INFO: insert into nav_etf values ('513030','2017-09-15',1.1190,1.1190,0.09,'暂停申购','场内卖出','0')
INFO: insert into nav_etf values ('512880','2017-09-18',1.1299,1.1299,1.19,'场内买入','场内卖出','0')
INFO: insert into nav_etf values ('159925','2017-09-18',1.6147,1.4156,0.30,'封闭期','封闭期','0')
INFO: insert into nav_etf values ('510220','2017-09-18',4.3407,1.1970,0.41,'场内买入','场内卖出','0')
INFO: insert into nav_etf values ('512120','2017-09-18',1.4590,1.4590,0.55,'场内买入','场内卖出','0')
INFO: insert into nav_etf values ('510560','2017-09-18',1.4031,0.6497,0.71,'场内买入','场内卖出','0')
INFO: insert into nav_etf values ('512660','2017-09-18',0.9200,0.9200,0.49,'场内买入','场内卖出','0')
INFO: insert into nav_etf values ('159934','2017-09-18',2.7735,1.1299,-0.45,'场内买入','场内卖出','0')
INFO: insert into nav_etf values ('510310','2017-09-18',1.6357,1.6357,0.31,'场内买入','场内卖出','0')
INFO: insert into nav_etf values ('159912','2017-09-18',1.4234,1.4234,0.78,'场内买入','场内卖出','0')
INFO: insert into nav_etf values ('510420','2017-09-18',1.6080,1.6080,0.50,'场内买入','场内卖出','0')
INFO: insert into nav_etf values ('159921','2017-09-18',1.6200,1.6200,1.00,'场内买入','场内卖出','0')
INFO: insert into nav_etf values ('510810','2017-09-18',1.0175,1.0375,0.02,'场内买入','场内卖出','0')
INFO: insert into nav_etf values ('159932','2017-09-18',1.9110,1.6190,0.63,'场内买入','场内卖出','0')
INFO: insert into nav_etf values ('513660','2017-09-18',2.4461,1.2699,1.19,'场内买入','场内卖出','0')
INFO: insert into nav_etf values ('159949','2017-09-18',0.7753,0.7753,0.64,'场内买入','场内卖出','0')
INFO: insert into nav_etf values ('510260','2017-09-18',1.2250,1.2250,0.49,'场内买入','场内卖出','0')
INFO: insert into nav_etf values ('510060','2017-09-18',1.8391,1.1764,-0.11,'场内买入','场内卖出','0')
INFO: insert into nav_etf values ('159942','2017-09-18',1.9940,0.6090,1.01,'场内买入','场内卖出','0')
INFO: insert into nav_etf values ('159943','2017-09-18',11.7940,0.7740,0.81,'场内买入','场内卖出','0')
INFO: insert into nav_etf values ('159910','2017-09-18',1.7219,1.7219,0.19,'场内买入','场内卖出','0')
INFO: insert into nav_etf values ('510630','2017-09-18',2.0560,2.0560,1.99,'场内买入','场内卖出','0')
INFO: insert into nav_etf values ('159944','2017-09-18',1.0280,1.0280,0.45,'场内买入','场内卖出','0')
INFO: insert into nav_etf values ('159907','2017-09-18',1.5561,1.4138,0.87,'场内买入','场内卖出','0')
INFO: insert into nav_etf values ('510270','2017-09-18',1.1440,1.3350,0.18,'场内买入','场内卖出','0')
INFO: insert into nav_etf values ('510510','2017-09-18',1.8494,1.8494,0.70,'场内买入','场内卖出','0')
INFO: insert into nav_etf values ('512310','2017-09-18',0.7358,0.7358,0.49,'场内买入','场内卖出','0')
INFO: insert into nav_etf values ('159939','2017-09-18',1.1569,1.1569,1.06,'场内买入','场内卖出','0')
INFO: insert into nav_etf values ('512220','2017-09-18',1.4603,1.4603,0.72,'场内买入','场内卖出','0')
INFO: insert into nav_etf values ('159930','2017-09-18',0.8671,0.8671,0.31,'场内买入','场内卖出','0')
INFO: insert into nav_etf values ('159916','2017-09-18',3.4599,1.8851,0.07,'场内买入','场内卖出','0')
INFO: insert into nav_etf values ('512610','2017-09-18',1.4658,1.4658,0.39,'场内买入','场内卖出','0')
INFO: insert into nav_etf values ('159924','2017-09-18',1.5080,1.5080,0.47,'场内买入','场内卖出','0')
INFO: insert into nav_etf values ('159926','2017-09-18',108.3830,1.0840,-0.12,'场内买入','场内卖出','0')
INFO: insert into nav_etf values ('512070','2017-09-18',2.0186,2.0186,0.54,'场内买入','场内卖出','0')
INFO: insert into nav_etf values ('512210','2017-09-18',1.8231,1.8231,1.60,'场内买入','场内卖出','0')
INFO: insert into nav_etf values ('510650','2017-09-18',1.7498,1.7498,0.00,'场内买入','场内卖出','0')
INFO: insert into nav_etf values ('159927','2017-09-18',3.8357,1.6974,0.29,'场内买入','场内卖出','0')
INFO: insert into nav_etf values ('510210','2017-09-18',3.8690,1.3240,0.18,'场内买入','场内卖出','0')
INFO: insert into nav_etf values ('510330','2017-09-18',4.1749,1.7416,0.32,'场内买入','场内卖出','0')
INFO: insert into nav_etf values ('512510','2017-09-18',1.3711,0.6936,0.71,'场内买入','场内卖出','0')
INFO: insert into nav_etf values ('510710','2017-09-18',2.7889,0.8622,0.23,'场内买入','场内卖出','0')
INFO: insert into nav_etf values ('513050','2017-09-15',1.4579,1.4579,-0.34,'场内买入','场内卖出','0')
INFO: insert into nav_etf values ('159905','2017-09-18',1.5326,1.5326,0.31,'场内买入','场内卖出','0')
INFO: insert into nav_etf values ('159937','2017-09-18',2.7913,1.0960,-0.46,'场内买入','场内卖出','0')
INFO: insert into nav_etf values ('510190','2017-09-18',3.6570,1.4010,0.38,'场内买入','场内卖出','0')
INFO: insert into nav_etf values ('512600','2017-09-18',1.9453,1.9453,1.58,'场内买入','场内卖出','0')
INFO: insert into nav_etf values ('512810','2017-09-18',0.8866,0.8866,0.50,'场内买入','场内卖出','0')
INFO: insert into nav_etf values ('511010','2017-09-18',110.1840,1.1150,-0.08,'场内买入','场内卖出','0')
INFO: insert into nav_etf values ('510430','2017-09-18',1.5430,1.5430,0.26,'场内买入','场内卖出','0')
INFO: insert into nav_etf values ('159919','2017-09-18',4.2129,1.6103,0.30,'场内买入','场内卖出','0')
INFO: insert into nav_etf values ('510410','2017-09-18',0.8595,0.8595,0.44,'场内买入','场内卖出','0')
INFO: insert into nav_etf values ('513100','2017-09-15',2.0630,2.0630,0.24,'场内买入','场内卖出','0')
INFO: insert into nav_etf values ('510010','2017-09-18',1.1320,1.2600,0.09,'场内买入','场内卖出','0')
INFO: insert into nav_etf values ('510150','2017-09-18',4.5660,1.5050,0.82,'场内买入','场内卖出','0')
INFO: insert into nav_etf values ('510300','2017-09-18',3.9046,1.5308,0.30,'场内买入','场内卖出','0')
INFO: insert into nav_etf values ('510360','2017-09-18',1.2101,1.2101,0.32,'场内买入','场内卖出','0')
INFO: insert into nav_etf values ('511220','2017-09-18',95.7920,1.1230,0.04,'场内买入','场内卖出','每份派现金1.5000元')
INFO: insert into nav_etf values ('159931','2017-09-18',1.6838,1.6838,-0.04,'场内买入','场内卖出','0')
INFO: insert into nav_etf values ('510500','2017-09-18',7.0275,1.9700,0.73,'场内买入','场内卖出','0')
INFO: insert into nav_etf values ('159908','2017-09-18',1.4790,1.4790,0.27,'场内买入','场内卖出','0')
INFO: insert into nav_etf values ('513500','2017-09-15',1.5165,1.5165,0.13,'场内买入','场内卖出','0')
INFO: insert into nav_etf values ('159935','2017-09-18',1.7593,1.7593,0.71,'场内买入','场内卖出','0')
INFO: insert into nav_etf values ('512340','2017-09-18',1.0198,1.0198,0.72,'场内买入','场内卖出','0')
INFO: insert into nav_etf values ('511210','2017-09-18',113.4739,1.1347,0.01,'场内买入','场内卖出','0')
INFO: insert into nav_etf values ('159902','2017-09-18',3.6540,3.7740,1.05,'暂停申购','场内卖出','0')
INFO: insert into nav_etf values ('159911','2017-09-18',4.5434,1.3767,1.01,'场内买入','场内卖出','0')
INFO: insert into nav_etf values ('510290','2017-09-18',1.6568,1.6568,0.56,'场内买入','场内卖出','0')
INFO: insert into nav_etf values ('510440','2017-09-18',1.9590,1.9590,0.72,'场内买入','场内卖出','0')
INFO: insert into nav_etf values ('510280','2017-09-18',1.6100,1.6100,0.37,'场内买入','场内卖出','0')
INFO: insert into nav_etf values ('510160','2017-09-18',0.6119,1.5224,0.11,'场内买入','场内卖出','0')
INFO: insert into nav_etf values ('159938','2017-09-18',1.3172,1.3172,0.60,'场内买入','场内卖出','0')
INFO: insert into nav_etf values ('510070','2017-09-18',1.8140,1.5550,0.61,'场内买入','场内卖出','0')
INFO: insert into nav_etf values ('510880','2017-09-18',3.0074,2.2616,0.25,'场内买入','场内卖出','0')
INFO: insert into nav_etf values ('510170','2017-09-18',2.2030,0.6830,0.27,'场内买入','场内卖出','0')
INFO: insert into nav_etf values ('159923','2017-09-18',1.5530,1.5530,0.13,'场内买入','场内卖出','0')
INFO: ########################################
nav_etf is updated to latest status.
########################################
INFO: insert into nav_lof values ('161908','2017-09-18',0.9035,1.5046,-0.04,'开放申购','开放赎回','0')
INFO: insert into nav_lof values ('160805','2017-09-18',0.8208,2.4010,0.59,'开放申购','开放赎回','0')
INFO: insert into nav_lof values ('166008','2017-09-18',1.0332,1.4326,0.04,'开放申购','开放赎回','0')
INFO: insert into nav_lof values ('160915','2017-09-18',1.1200,1.6560,-0.09,'开放申购','开放赎回','0')
INFO: insert into nav_lof values ('165309','2017-09-18',1.1768,1.1768,0.28,'开放申购','开放赎回','0')
INFO: insert into nav_lof values ('161217','2017-09-18',0.8240,0.8240,0.61,'开放申购','开放赎回','0')
INFO: insert into nav_lof values ('160607','2017-09-18',0.7750,4.0180,0.52,'开放申购','开放赎回','0')
INFO: insert into nav_lof values ('162414','2017-09-18',1.1380,1.1380,0.04,'开放申购','开放赎回','0')
INFO: insert into nav_lof values ('162716','2017-09-18',1.0690,1.1050,0.00,'暂停申购','开放赎回','0')
INFO: insert into nav_lof values ('161005','2017-09-18',1.9800,4.6680,0.91,'开放申购','开放赎回','0')
INFO: insert into nav_lof values ('161831','2017-09-18',1.0017,1.0788,1.11,'开放申购','开放赎回','0')
INFO: insert into nav_lof values ('160220','2017-09-18',1.3260,1.3260,-0.08,'限制大额申购','开放赎回','0')
INFO: insert into nav_lof values ('162511','2017-09-18',1.1260,1.1260,0.00,'开放申购','开放赎回','0')
INFO: insert into nav_lof values ('164705','2017-09-18',1.1850,1.2620,1.20,'开放申购','开放赎回','0')
INFO: insert into nav_lof values ('161015','2017-09-18',0.9320,1.5710,0.00,'开放申购','开放赎回','0')
INFO: insert into nav_lof values ('162715','2017-09-18',1.0850,1.1260,0.00,'暂停申购','开放赎回','0')
INFO: insert into nav_lof values ('160616','2017-09-18',1.4120,1.4120,0.71,'开放申购','开放赎回','0')
INFO: insert into nav_lof values ('163409','2017-09-18',1.5990,2.2790,0.88,'开放申购','开放赎回','0')
INFO: insert into nav_lof values ('162607','2017-09-18',0.5730,3.0540,0.70,'开放申购','开放赎回','0')
INFO: insert into nav_lof values ('166001','2017-09-18',1.1721,1.8641,1.00,'开放申购','开放赎回','0')
INFO: insert into nav_lof values ('161216','2017-09-18',1.0550,1.5540,0.09,'开放申购','开放赎回','0')
INFO: insert into nav_lof values ('161213','2017-09-18',1.5020,1.5020,0.67,'开放申购','开放赎回','0')
INFO: insert into nav_lof values ('160918','2017-09-18',1.9170,4.7220,0.63,'开放申购','开放赎回','0')
INFO: insert into nav_lof values ('160415','2017-09-18',1.0420,1.3020,0.77,'开放申购','开放赎回','0')
INFO: insert into nav_lof values ('167501','2017-09-18',1.1110,1.3120,0.09,'开放申购','开放赎回','0')
INFO: insert into nav_lof values ('160211','2017-09-18',2.8910,4.0550,1.15,'限制大额申购','开放赎回','0')
INFO: insert into nav_lof values ('165313','2017-09-18',1.5080,1.5080,0.53,'开放申购','开放赎回','0')
INFO: insert into nav_lof values ('163801','2017-09-18',1.2440,4.0640,1.70,'开放申购','开放赎回','0')
INFO: insert into nav_lof values ('163110','2017-09-18',2.2144,2.7544,0.90,'开放申购','开放赎回','0')
INFO: insert into nav_lof values ('162105','2017-09-18',1.0952,1.4609,0.06,'开放申购','开放赎回','0')
INFO: insert into nav_lof values ('161226','2017-09-18',0.8980,0.8980,-0.33,'限制大额申购','开放赎回','0')
INFO: insert into nav_lof values ('161010','2017-09-18',1.0830,1.6900,-0.09,'开放申购','开放赎回','0')
INFO: insert into nav_lof values ('164808','2017-09-18',1.0020,1.5380,0.10,'限制大额申购','开放赎回','0')
INFO: insert into nav_lof values ('160106','2017-09-18',1.3789,3.8609,0.85,'开放申购','开放赎回','0')
INFO: insert into nav_lof values ('161907','2017-09-18',1.6658,1.6658,0.23,'开放申购','开放赎回','0')
INFO: insert into nav_lof values ('166401','2017-09-18',1.0470,1.0820,0.00,'开放申购','开放赎回','0')
INFO: insert into nav_lof values ('165512','2017-09-18',2.4790,2.4790,0.32,'开放申购','开放赎回','0')
INFO: insert into nav_lof values ('162711','2017-09-18',1.4074,1.4074,0.65,'开放申购','开放赎回','0')
INFO: insert into nav_lof values ('160610','2017-09-18',1.0890,1.9090,0.83,'开放申购','开放赎回','0')
INFO: insert into nav_lof values ('160514','2017-09-18',1.2390,1.3390,-0.08,'开放申购','开放赎回','0')
INFO: insert into nav_lof values ('162307','2017-09-18',1.2060,1.2060,0.25,'开放申购','开放赎回','0')
INFO: insert into nav_lof values ('160910','2017-09-18',1.0900,2.3300,0.55,'开放申购','开放赎回','0')
INFO: insert into nav_lof values ('162703','2017-09-18',1.3938,3.7318,0.48,'开放申购','开放赎回','0')
INFO: insert into nav_lof values ('165508','2017-09-18',1.9560,1.9560,1.56,'开放申购','开放赎回','0')
INFO: insert into nav_lof values ('163001','2017-09-18',0.9220,1.4620,0.55,'开放申购','开放赎回','0')
INFO: insert into nav_lof values ('161017','2017-09-18',2.2820,2.2820,1.15,'开放申购','开放赎回','0')
INFO: insert into nav_lof values ('160311','2017-09-18',1.4920,4.9830,0.47,'开放申购','开放赎回','0')
INFO: insert into nav_lof values ('166006','2017-09-18',1.1099,1.4179,1.13,'开放申购','开放赎回','0')
INFO: insert into nav_lof values ('161607','2017-09-18',1.2060,2.7200,0.25,'开放申购','开放赎回','0')
INFO: insert into nav_lof values ('160721','2017-09-18',1.0813,1.1852,0.06,'限制大额申购','开放赎回','0')
INFO: insert into nav_lof values ('161506','2017-09-18',1.1200,1.4700,0.00,'开放申购','开放赎回','0')
INFO: insert into nav_lof values ('160505','2017-09-18',1.8840,5.4170,0.37,'开放申购','开放赎回','0')
INFO: insert into nav_lof values ('164606','2017-09-18',1.0400,1.2340,0.00,'开放申购','开放赎回','0')
INFO: insert into nav_lof values ('161224','2017-09-18',1.0940,1.2510,0.18,'开放申购','开放赎回','0')
INFO: insert into nav_lof values ('160134','2017-09-18',1.0200,1.2450,0.10,'暂停申购','暂停赎回','0')
INFO: insert into nav_lof values ('164902','2017-09-18',1.3820,1.4930,0.07,'开放申购','开放赎回','0')
INFO: insert into nav_lof values ('161210','2017-09-15',0.9970,0.9970,0.20,'开放申购','开放赎回','0')
INFO: insert into nav_lof values ('160215','2017-09-18',1.6410,2.1690,0.43,'限制大额申购','开放赎回','0')
INFO: insert into nav_lof values ('163415','2017-09-18',1.3480,2.2080,0.67,'限制大额申购','开放赎回','0')
INFO: insert into nav_lof values ('162006','2017-09-18',1.1321,3.8619,0.74,'开放申购','开放赎回','0')
INFO: insert into nav_lof values ('160807','2017-09-18',1.2790,1.3290,0.31,'开放申购','开放赎回','0')
INFO: insert into nav_lof values ('160706','2017-09-18',1.1052,2.9732,0.28,'开放申购','开放赎回','0')
INFO: insert into nav_lof values ('165513','2017-09-15',0.4170,0.4170,0.48,'暂停申购','开放赎回','0')
INFO: insert into nav_lof values ('501029','2017-09-18',1.0991,1.0991,0.41,'开放申购','开放赎回','0')
INFO: insert into nav_lof values ('164105','2017-09-18',1.2510,1.7020,0.00,'开放申购','开放赎回','0')
INFO: insert into nav_lof values ('166007','2017-09-18',1.3549,1.3999,0.22,'开放申购','开放赎回','0')
INFO: insert into nav_lof values ('160515','2017-09-18',1.0200,1.3680,0.00,'暂停申购','暂停赎回','0')
INFO: insert into nav_lof values ('166009','2017-09-18',1.7593,2.6753,0.50,'开放申购','开放赎回','每份派现金0.4150元')
INFO: insert into nav_lof values ('166012','2017-09-18',1.0538,1.2438,0.03,'开放申购','开放赎回','0')
INFO: insert into nav_lof values ('162605','2017-09-18',1.1260,3.8140,1.26,'开放申购','开放赎回','0')
INFO: insert into nav_lof values ('161722','2017-09-18',1.1830,1.1830,0.08,'限制大额申购','开放赎回','0')
INFO: insert into nav_lof values ('160919','2017-09-18',1.2710,3.2570,1.11,'开放申购','开放赎回','0')
INFO: insert into nav_lof values ('161813','2017-09-18',1.2760,1.4610,0.08,'开放申购','开放赎回','0')
INFO: insert into nav_lof values ('160512','2017-09-18',2.2800,2.4480,1.15,'开放申购','开放赎回','0')
INFO: insert into nav_lof values ('161119','2017-09-18',1.2420,1.2420,0.01,'开放申购','开放赎回','0')
INFO: insert into nav_lof values ('164208','2017-09-18',1.1412,1.6647,0.03,'开放申购','开放赎回','0')
INFO: insert into nav_lof values ('160916','2017-09-18',2.5970,2.0350,0.23,'开放申购','开放赎回','0')
INFO: insert into nav_lof values ('160613','2017-09-18',1.4240,2.3210,0.64,'开放申购','开放赎回','0')
INFO: insert into nav_lof values ('163503','2017-09-18',0.5057,2.4026,-0.02,'开放申购','开放赎回','0')
INFO: insert into nav_lof values ('161120','2017-09-18',1.2268,1.2268,0.00,'开放申购','开放赎回','0')
INFO: insert into nav_lof values ('160124','2017-09-18',1.1474,1.1774,-0.17,'开放申购','开放赎回','0')
INFO: insert into nav_lof values ('160720','2017-09-18',1.0731,1.1815,0.06,'限制大额申购','开放赎回','0')
INFO: insert into nav_lof values ('160105','2017-09-18',1.0590,3.1616,0.76,'开放申购','开放赎回','0')
INFO: insert into nav_lof values ('160133','2017-09-18',2.0500,2.0500,0.74,'开放申购','开放赎回','0')
INFO: insert into nav_lof values ('165509','2017-09-18',1.0990,1.5380,0.00,'开放申购','开放赎回','0')
INFO: insert into nav_lof values ('163407','2017-09-18',1.7120,1.7120,0.11,'开放申购','开放赎回','0')
INFO: insert into nav_lof values ('160617','2017-09-18',1.0090,1.4670,0.00,'限制大额申购','开放赎回','0')
INFO: insert into nav_lof values ('161810','2017-09-18',1.8650,1.7730,0.59,'开放申购','开放赎回','0')
INFO: insert into nav_lof values ('160513','2017-09-18',1.4040,1.4790,-0.07,'开放申购','开放赎回','0')
INFO: insert into nav_lof values ('165311','2017-09-18',1.3440,1.4950,-0.15,'限制大额申购','开放赎回','0')
INFO: insert into nav_lof values ('161227','2017-09-18',1.0170,1.9240,0.49,'开放申购','开放赎回','0')
INFO: insert into nav_lof values ('165705','2017-09-18',0.9570,1.1830,0.00,'开放申购','开放赎回','0')
INFO: insert into nav_lof values ('501000','2017-09-18',1.1550,1.1550,0.35,'开放申购','开放赎回','0')
INFO: insert into nav_lof values ('165517','2017-09-18',0.7580,1.1580,0.00,'开放申购','开放赎回','0')
INFO: insert into nav_lof values ('165516','2017-09-18',2.6090,2.6090,0.58,'开放申购','开放赎回','0')
INFO: insert into nav_lof values ('161714','2017-09-15',0.9810,0.9810,0.10,'暂停申购','开放赎回','0')
INFO: insert into nav_lof values ('160813','2017-09-18',0.8090,3.2510,0.50,'开放申购','开放赎回','0')
INFO: insert into nav_lof values ('162712','2017-09-18',1.4220,1.6860,0.07,'限制大额申购','开放赎回','0')
INFO: insert into nav_lof values ('160212','2017-09-18',2.8140,2.8140,1.15,'限制大额申购','开放赎回','0')
INFO: insert into nav_lof values ('160618','2017-09-18',1.1490,1.5140,0.00,'开放申购','开放赎回','0')
INFO: insert into nav_lof values ('160119','2017-09-18',1.6380,1.7380,0.69,'开放申购','开放赎回','0')
INFO: insert into nav_lof values ('160125','2017-09-15',0.9593,1.0493,-0.22,'开放申购','开放赎回','0')
INFO: insert into nav_lof values ('161716','2017-09-18',1.1060,1.2450,0.00,'限制大额申购','开放赎回','0')
INFO: insert into nav_lof values ('161706','2017-09-18',1.5554,3.4657,0.28,'开放申购','开放赎回','0')
INFO: insert into nav_lof values ('162207','2017-09-18',1.2756,3.0680,0.10,'开放申购','开放赎回','0')
INFO: insert into nav_lof values ('161903','2017-09-18',0.8880,2.7028,0.49,'开放申购','开放赎回','0')
INFO: insert into nav_lof values ('161219','2017-09-18',1.3570,2.4110,0.89,'开放申购','开放赎回','0')
INFO: insert into nav_lof values ('162510','2017-09-18',1.0940,1.8820,0.64,'开放申购','开放赎回','0')
INFO: insert into nav_lof values ('161505','2017-09-18',1.0820,1.4720,0.00,'开放申购','开放赎回','0')
INFO: insert into nav_lof values ('160806','2017-09-18',1.4100,1.2920,0.36,'开放申购','开放赎回','0')
INFO: insert into nav_lof values ('160812','2017-09-18',1.5050,4.8200,0.13,'开放申购','开放赎回','0')
INFO: insert into nav_lof values ('163302','2017-09-18',1.3228,3.9958,0.59,'开放申购','开放赎回','0')
INFO: insert into nav_lof values ('161115','2017-09-18',1.3390,1.9230,0.07,'开放申购','开放赎回','0')
INFO: insert into nav_lof values ('166011','2017-09-18',1.2692,2.4982,0.76,'限制大额申购','开放赎回','0')
INFO: insert into nav_lof values ('165806','2017-09-18',1.2700,1.2700,0.79,'开放申购','开放赎回','0')
INFO: insert into nav_lof values ('160314','2017-09-18',1.1200,6.5120,0.81,'开放申购','开放赎回','0')
INFO: insert into nav_lof values ('163824','2017-09-18',1.0420,1.3130,0.00,'暂停申购','暂停赎回','0')
INFO: insert into nav_lof values ('160716','2017-09-18',1.4676,1.4676,-0.10,'开放申购','开放赎回','0')
INFO: insert into nav_lof values ('160132','2017-09-18',0.9650,1.4240,0.10,'暂停申购','暂停赎回','0')
INFO: insert into nav_lof values ('166105','2017-09-18',0.9690,1.1180,0.21,'开放申购','开放赎回','0')
INFO: insert into nav_lof values ('164906','2017-09-15',1.3980,1.3980,-0.57,'暂停申购','开放赎回','0')
INFO: insert into nav_lof values ('161614','2017-09-18',1.0330,1.3530,0.10,'限制大额申购','开放赎回','0')
INFO: insert into nav_lof values ('160810','2017-09-18',1.1900,1.1900,0.00,'开放申购','开放赎回','0')
INFO: insert into nav_lof values ('160123','2017-09-18',1.1762,1.2062,-0.18,'开放申购','开放赎回','0')
INFO: insert into nav_lof values ('161610','2017-09-18',0.9460,2.8090,0.53,'开放申购','开放赎回','0')
INFO: insert into nav_lof values ('163821','2017-09-18',1.5450,1.5450,0.52,'开放申购','开放赎回','0')
INFO: insert into nav_lof values ('165314','2017-09-18',1.3280,1.3280,-0.15,'限制大额申购','开放赎回','0')
INFO: insert into nav_lof values ('163412','2017-09-18',2.7740,3.8380,0.84,'开放申购','开放赎回','0')
INFO: insert into nav_lof values ('162108','2017-09-18',1.1130,1.1750,0.09,'开放申购','开放赎回','0')
INFO: insert into nav_lof values ('160615','2017-09-18',1.5470,1.6070,0.26,'开放申购','开放赎回','0')
INFO: insert into nav_lof values ('163819','2017-09-18',1.1100,1.4540,-0.09,'开放申购','开放赎回','0')
INFO: insert into nav_lof values ('165510','2017-09-15',0.8400,0.8400,-0.12,'暂停申购','开放赎回','0')
INFO: insert into nav_lof values ('163402','2017-09-18',0.8202,9.0411,0.59,'开放申购','开放赎回','0')
INFO: insert into nav_lof values ('161820','2017-09-18',1.0850,1.3290,0.09,'开放申购','开放赎回','0')
INFO: insert into nav_lof values ('160611','2017-09-18',0.8530,0.9820,0.59,'开放申购','开放赎回','0')
INFO: insert into nav_lof values ('160717','2017-09-18',0.8135,0.8135,0.97,'开放申购','开放赎回','0')
INFO: ########################################
nav_lof is updated to latest status.
########################################
