INFO: insert into nav_etf values ('512330','2017-09-11',0.8683,0.8683,0.94,'场内买入','场内卖出','0')
INFO: insert into nav_etf values ('512220','2017-09-11',1.4676,1.4676,0.13,'场内买入','场内卖出','0')
INFO: insert into nav_etf values ('159910','2017-09-11',1.6906,1.6906,0.10,'场内买入','场内卖出','0')
INFO: insert into nav_etf values ('512610','2017-09-11',1.4573,1.4573,-0.43,'场内买入','场内卖出','0')
INFO: insert into nav_etf values ('510020','2017-09-11',2.6695,0.9846,-0.35,'场内买入','场内卖出','0')
INFO: insert into nav_etf values ('159926','2017-09-11',108.4940,1.0850,-0.11,'场内买入','场内卖出','0')
INFO: insert into nav_etf values ('159905','2017-09-11',1.4880,1.4880,-0.11,'场内买入','场内卖出','0')
INFO: insert into nav_etf values ('510510','2017-09-11',1.8436,1.8436,1.11,'场内买入','场内卖出','0')
INFO: insert into nav_etf values ('159936','2017-09-11',1.6202,1.6202,0.68,'场内买入','场内卖出','0')
INFO: insert into nav_etf values ('159911','2017-09-11',4.5162,1.3684,0.94,'场内买入','场内卖出','0')
INFO: insert into nav_etf values ('159901','2017-09-11',4.7097,4.5857,0.54,'场内买入','场内卖出','0')
INFO: insert into nav_etf values ('512500','2017-09-11',3.2400,0.7092,1.16,'场内买入','场内卖出','0')
INFO: insert into nav_etf values ('159923','2017-09-11',1.5460,1.5460,-0.39,'场内买入','场内卖出','0')
INFO: insert into nav_etf values ('510500','2017-09-11',7.0056,1.9638,1.16,'场内买入','场内卖出','0')
INFO: insert into nav_etf values ('510190','2017-09-11',3.6470,1.3980,-0.05,'场内买入','场内卖出','0')
INFO: insert into nav_etf values ('510280','2017-09-11',1.5970,1.5970,0.00,'场内买入','场内卖出','0')
INFO: insert into nav_etf values ('510900','2017-09-11',1.1913,1.1913,0.52,'场内买入','场内卖出','0')
INFO: insert into nav_etf values ('159940','2017-09-11',0.9471,0.9471,-0.43,'场内买入','场内卖出','0')
INFO: insert into nav_etf values ('510660','2017-09-11',1.7047,1.7047,-0.52,'场内买入','场内卖出','0')
INFO: insert into nav_etf values ('510090','2017-09-11',1.5593,1.8602,-0.50,'场内买入','场内卖出','0')
INFO: insert into nav_etf values ('513660','2017-09-11',2.4138,1.2532,0.87,'场内买入','场内卖出','0')
INFO: insert into nav_etf values ('510360','2017-09-11',1.2057,1.2057,0.01,'场内买入','场内卖出','0')
INFO: insert into nav_etf values ('159921','2017-09-11',1.6080,1.6080,1.20,'场内买入','场内卖出','0')
INFO: insert into nav_etf values ('512990','2017-09-11',1.1491,1.1491,0.40,'场内买入','场内卖出','0')
INFO: insert into nav_etf values ('512070','2017-09-11',2.0103,2.0103,-0.81,'场内买入','场内卖出','0')
INFO: insert into nav_etf values ('159943','2017-09-11',11.6870,0.7670,0.74,'场内买入','场内卖出','0')
INFO: insert into nav_etf values ('512300','2017-09-11',1.1862,1.1862,-0.27,'场内买入','场内卖出','0')
INFO: insert into nav_etf values ('510710','2017-09-11',2.7865,0.8614,-0.41,'场内买入','场内卖出','0')
INFO: insert into nav_etf values ('510110','2017-09-11',3.5840,1.4380,-0.44,'场内买入','场内卖出','0')
INFO: insert into nav_etf values ('510060','2017-09-11',1.8515,1.1843,-0.23,'场内买入','场内卖出','0')
INFO: insert into nav_etf values ('512000','2017-09-11',1.0495,1.0495,0.22,'场内买入','场内卖出','0')
INFO: insert into nav_etf values ('510430','2017-09-11',1.5400,1.5400,-0.26,'场内买入','场内卖出','0')
INFO: insert into nav_etf values ('159929','2017-09-11',1.4600,1.4600,-0.42,'场内买入','场内卖出','0')
INFO: insert into nav_etf values ('510160','2017-09-11',0.6150,1.5301,-0.15,'场内买入','场内卖出','0')
INFO: insert into nav_etf values ('510630','2017-09-11',1.9616,1.9616,0.12,'场内买入','场内卖出','0')
INFO: insert into nav_etf values ('159938','2017-09-11',1.3084,1.3084,-0.34,'场内买入','场内卖出','0')
INFO: insert into nav_etf values ('159932','2017-09-11',1.9080,1.6160,1.11,'场内买入','场内卖出','0')
INFO: insert into nav_etf values ('511220','2017-09-11',97.1150,1.1210,0.07,'场内买入','场内卖出','0')
INFO: insert into nav_etf values ('159918','2017-09-11',1.9501,1.9501,0.99,'场内买入','场内卖出','0')
INFO: insert into nav_etf values ('159939','2017-09-11',1.1610,1.1610,0.51,'场内买入','场内卖出','0')
INFO: insert into nav_etf values ('511010','2017-09-11',110.2920,1.1160,-0.04,'场内买入','场内卖出','0')
INFO: insert into nav_etf values ('159942','2017-09-11',1.9950,0.6090,0.91,'场内买入','场内卖出','0')
INFO: insert into nav_etf values ('510130','2017-09-11',4.0491,1.3927,0.50,'场内买入','场内卖出','0')
INFO: insert into nav_etf values ('512510','2017-09-11',1.3660,0.6911,1.14,'场内买入','场内卖出','0')
INFO: insert into nav_etf values ('159906','2017-09-11',1.0220,1.0220,0.79,'场内买入','场内卖出','0')
INFO: insert into nav_etf values ('159903','2017-09-11',1.1971,0.8833,0.75,'场内买入','场内卖出','0')
INFO: insert into nav_etf values ('159944','2017-09-11',1.0394,1.0394,1.70,'场内买入','场内卖出','0')
INFO: insert into nav_etf values ('510210','2017-09-11',3.8850,1.3300,0.15,'场内买入','场内卖出','0')
INFO: insert into nav_etf values ('510120','2017-09-11',2.9230,1.2310,0.10,'场内买入','场内卖出','0')
INFO: insert into nav_etf values ('510270','2017-09-11',1.1460,1.3370,-0.09,'场内买入','场内卖出','0')
INFO: insert into nav_etf values ('159937','2017-09-11',2.8171,1.1061,-0.09,'场内买入','场内卖出','0')
INFO: insert into nav_etf values ('159941','2017-09-08',1.2666,1.2666,-1.26,'场内买入','场内卖出','0')
INFO: insert into nav_etf values ('159913','2017-09-11',1.7050,1.7050,0.12,'场内买入','场内卖出','0')
INFO: insert into nav_etf values ('512880','2017-09-11',1.1098,1.1098,0.23,'场内买入','场内卖出','0')
INFO: insert into nav_etf values ('159934','2017-09-11',2.7989,1.1402,-0.09,'场内买入','场内卖出','0')
INFO: insert into nav_etf values ('512210','2017-09-11',1.7473,1.7473,0.38,'场内买入','场内卖出','0')
INFO: insert into nav_etf values ('159916','2017-09-11',3.3847,1.8441,-0.03,'场内买入','场内卖出','0')
INFO: insert into nav_etf values ('159928','2017-09-11',1.8427,1.8427,0.33,'场内买入','场内卖出','0')
INFO: insert into nav_etf values ('510410','2017-09-11',0.8877,0.8877,1.95,'场内买入','场内卖出','0')
INFO: insert into nav_etf values ('510580','2017-09-11',6.8145,1.0501,1.16,'场内买入','场内卖出','0')
INFO: insert into nav_etf values ('510050','2017-09-11',2.7270,3.6360,-0.44,'场内买入','场内卖出','0')
INFO: insert into nav_etf values ('510310','2017-09-11',1.6287,1.6287,-0.01,'场内买入','场内卖出','0')
INFO: insert into nav_etf values ('512230','2017-09-11',1.3327,1.3327,-0.40,'场内买入','场内卖出','0')
INFO: insert into nav_etf values ('510650','2017-09-11',1.7586,1.7586,-0.59,'场内买入','场内卖出','0')
INFO: insert into nav_etf values ('159920','2017-09-11',1.4752,1.4752,0.88,'场内买入','场内卖出','0')
INFO: insert into nav_etf values ('510230','2017-09-11',6.1918,1.7585,-0.50,'场内买入','场内卖出','0')
INFO: insert into nav_etf values ('510420','2017-09-11',1.6050,1.6050,0.44,'场内买入','场内卖出','0')
INFO: insert into nav_etf values ('511210','2017-09-11',113.4948,1.1349,-0.04,'场内买入','场内卖出','0')
INFO: insert into nav_etf values ('510030','2017-09-11',4.8270,1.6520,-0.29,'场内买入','场内卖出','0')
INFO: insert into nav_etf values ('510810','2017-09-11',1.0214,1.0414,-0.20,'场内买入','场内卖出','0')
INFO: insert into nav_etf values ('159907','2017-09-11',1.5503,1.4085,1.12,'场内买入','场内卖出','0')
INFO: insert into nav_etf values ('159949','2017-09-11',0.7830,0.7830,1.11,'场内买入','场内卖出','0')
INFO: insert into nav_etf values ('513030','2017-09-08',1.1010,1.1010,0.27,'暂停申购','场内卖出','0')
INFO: insert into nav_etf values ('518880','2017-09-11',2.8130,1.0622,-0.10,'场内买入','场内卖出','0')
INFO: insert into nav_etf values ('159919','2017-09-11',4.1948,1.6033,-0.01,'场内买入','场内卖出','0')
INFO: insert into nav_etf values ('510220','2017-09-11',4.3327,1.1948,0.73,'场内买入','场内卖出','0')
INFO: insert into nav_etf values ('159946','2017-09-11',1.1078,1.1078,0.44,'场内买入','场内卖出','0')
INFO: insert into nav_etf values ('159922','2017-09-11',6.8128,1.9102,1.17,'场内买入','场内卖出','0')
INFO: insert into nav_etf values ('159931','2017-09-11',1.6777,1.6777,-0.47,'场内买入','场内卖出','0')
INFO: insert into nav_etf values ('513050','2017-09-08',1.3940,1.3940,-1.01,'场内买入','场内卖出','0')
INFO: insert into nav_etf values ('510170','2017-09-11',2.2700,0.7040,1.66,'场内买入','场内卖出','0')
INFO: insert into nav_etf values ('159945','2017-09-11',0.8255,0.8255,0.72,'场内买入','场内卖出','0')
INFO: insert into nav_etf values ('159908','2017-09-11',1.4552,1.4552,0.25,'场内买入','场内卖出','0')
INFO: insert into nav_etf values ('512640','2017-09-11',1.8978,1.8978,-0.48,'场内买入','场内卖出','0')
INFO: insert into nav_etf values ('510010','2017-09-11',1.1380,1.2670,-0.35,'场内买入','场内卖出','0')
INFO: insert into nav_etf values ('512340','2017-09-11',1.0364,1.0364,2.05,'场内买入','场内卖出','0')
INFO: insert into nav_etf values ('510520','2017-09-11',1.7160,1.7160,1.07,'场内买入','场内卖出','0')
INFO: insert into nav_etf values ('159930','2017-09-11',0.8905,0.8905,0.68,'场内买入','场内卖出','0')
INFO: insert into nav_etf values ('159933','2017-09-11',1.8821,1.8821,-0.49,'场内买入','场内卖出','0')
INFO: insert into nav_etf values ('159935','2017-09-11',1.7526,1.7526,1.14,'场内买入','场内卖出','0')
INFO: insert into nav_etf values ('512680','2017-09-11',0.8866,0.8866,0.60,'场内买入','场内卖出','0')
INFO: insert into nav_etf values ('510880','2017-09-11',3.0164,2.2675,0.07,'场内买入','场内卖出','0')
INFO: insert into nav_etf values ('159912','2017-09-11',1.4106,1.4106,0.69,'场内买入','场内卖出','0')
INFO: insert into nav_etf values ('510300','2017-09-11',3.8880,1.5246,-0.02,'场内买入','场内卖出','0')
INFO: insert into nav_etf values ('512600','2017-09-11',1.8634,1.8634,0.29,'场内买入','场内卖出','0')
INFO: insert into nav_etf values ('510180','2017-09-11',3.4603,3.4696,-0.08,'场内买入','场内卖出','0')
INFO: insert into nav_etf values ('510070','2017-09-11',1.8110,1.5520,1.00,'场内买入','场内卖出','0')
INFO: insert into nav_etf values ('510440','2017-09-11',1.9520,1.9520,1.14,'场内买入','场内卖出','0')
INFO: insert into nav_etf values ('510680','2017-09-11',2.1579,2.1579,-0.42,'场内买入','场内卖出','0')
INFO: insert into nav_etf values ('513600','2017-09-11',2.4265,1.2585,0.88,'场内买入','场内卖出','0')
INFO: insert into nav_etf values ('510150','2017-09-11',4.4730,1.4740,0.02,'场内买入','场内卖出','0')
INFO: insert into nav_etf values ('512120','2017-09-11',1.4470,1.4470,-0.48,'场内买入','场内卖出','0')
INFO: insert into nav_etf values ('513100','2017-09-08',2.0260,2.0260,-1.17,'场内买入','场内卖出','0')
INFO: insert into nav_etf values ('512660','2017-09-11',0.9117,0.9117,0.63,'场内买入','场内卖出','0')
INFO: insert into nav_etf values ('159909','2017-09-11',5.4190,1.6670,0.35,'场内买入','场内卖出','0')
INFO: insert into nav_etf values ('159902','2017-09-11',3.6400,3.7600,1.20,'暂停申购','场内卖出','0')
INFO: insert into nav_etf values ('159924','2017-09-11',1.5050,1.5050,0.47,'场内买入','场内卖出','0')
INFO: insert into nav_etf values ('159925','2017-09-11',1.6074,1.4092,-0.01,'封闭期','封闭期','0')
INFO: insert into nav_etf values ('159915','2017-09-11',1.8264,2.0923,0.58,'场内买入','场内卖出','0')
INFO: insert into nav_etf values ('510560','2017-09-11',1.3986,0.6476,1.13,'场内买入','场内卖出','0')
INFO: insert into nav_etf values ('510260','2017-09-11',1.2230,1.2230,1.07,'场内买入','场内卖出','0')
INFO: insert into nav_etf values ('159927','2017-09-11',3.8204,1.6906,-0.03,'场内买入','场内卖出','0')
INFO: insert into nav_etf values ('510330','2017-09-11',4.1564,1.7341,0.00,'场内买入','场内卖出','0')
INFO: insert into nav_etf values ('512810','2017-09-11',0.8783,0.8783,0.62,'场内买入','场内卖出','0')
INFO: insert into nav_etf values ('510290','2017-09-11',1.6466,1.6466,0.77,'场内买入','场内卖出','0')
INFO: insert into nav_etf values ('159948','2017-09-11',1.9882,0.9770,0.58,'场内买入','场内卖出','0')
INFO: insert into nav_etf values ('512310','2017-09-11',0.7314,0.7314,1.67,'场内买入','场内卖出','0')
INFO: insert into nav_etf values ('512010','2017-09-11',1.4848,1.4848,-0.71,'场内买入','场内卖出','0')
INFO: insert into nav_etf values ('513500','2017-09-08',1.4838,1.4838,-0.50,'场内买入','场内卖出','0')
INFO: ########################################
nav_etf is updated to latest status.
########################################
INFO: insert into nav_lof values ('162006','2017-09-11',1.1195,3.8493,0.59,'开放申购','开放赎回','0')
INFO: insert into nav_lof values ('163409','2017-09-11',1.5840,2.2640,0.70,'开放申购','开放赎回','0')
INFO: insert into nav_lof values ('162511','2017-09-11',1.1260,1.1260,0.00,'开放申购','开放赎回','0')
INFO: insert into nav_lof values ('163824','2017-09-11',1.0420,1.3130,0.10,'暂停申购','暂停赎回','0')
INFO: insert into nav_lof values ('162207','2017-09-11',1.2716,3.0584,0.36,'开放申购','开放赎回','0')
INFO: insert into nav_lof values ('160123','2017-09-11',1.1757,1.2057,-0.09,'开放申购','开放赎回','0')
INFO: insert into nav_lof values ('160616','2017-09-11',1.4060,1.4060,1.08,'开放申购','开放赎回','0')
INFO: insert into nav_lof values ('160716','2017-09-11',1.4704,1.4704,-0.34,'开放申购','开放赎回','0')
INFO: insert into nav_lof values ('161015','2017-09-11',0.9320,1.5710,0.00,'开放申购','开放赎回','0')
INFO: insert into nav_lof values ('160215','2017-09-11',1.6730,2.2010,3.02,'限制大额申购','开放赎回','0')
INFO: insert into nav_lof values ('162716','2017-09-11',1.0680,1.1040,0.09,'暂停申购','开放赎回','0')
INFO: insert into nav_lof values ('165516','2017-09-11',2.5700,2.5700,0.55,'开放申购','开放赎回','0')
INFO: insert into nav_lof values ('162510','2017-09-11',1.0930,1.8810,0.83,'开放申购','开放赎回','0')
INFO: insert into nav_lof values ('163402','2017-09-11',0.8182,9.0332,-0.11,'开放申购','开放赎回','0')
INFO: insert into nav_lof values ('160311','2017-09-11',1.4970,4.9950,0.67,'开放申购','开放赎回','0')
INFO: insert into nav_lof values ('160132','2017-09-11',0.9640,1.4230,0.00,'暂停申购','暂停赎回','0')
INFO: insert into nav_lof values ('163407','2017-09-11',1.7150,1.7150,-0.13,'开放申购','开放赎回','0')
INFO: insert into nav_lof values ('161903','2017-09-11',0.8870,2.7010,0.73,'开放申购','开放赎回','0')
INFO: insert into nav_lof values ('160106','2017-09-11',1.3820,3.8640,1.11,'开放申购','开放赎回','0')
INFO: insert into nav_lof values ('160611','2017-09-11',0.8490,0.9780,0.83,'开放申购','开放赎回','0')
INFO: insert into nav_lof values ('165309','2017-09-11',1.1715,1.1715,0.01,'开放申购','开放赎回','0')
INFO: insert into nav_lof values ('161115','2017-09-11',1.3380,1.9220,0.00,'开放申购','开放赎回','0')
INFO: insert into nav_lof values ('160919','2017-09-11',1.2660,3.2520,0.64,'开放申购','开放赎回','0')
INFO: insert into nav_lof values ('166105','2017-09-11',0.9680,1.1170,0.10,'开放申购','开放赎回','0')
INFO: insert into nav_lof values ('161119','2017-09-11',1.2401,1.2401,0.05,'开放申购','开放赎回','0')
INFO: insert into nav_lof values ('501029','2017-09-11',1.0915,1.0915,0.49,'开放申购','开放赎回','0')
INFO: insert into nav_lof values ('160813','2017-09-11',0.8100,3.2520,0.25,'开放申购','开放赎回','0')
INFO: insert into nav_lof values ('161810','2017-09-11',1.8820,1.7890,2.51,'开放申购','开放赎回','0')
INFO: insert into nav_lof values ('162711','2017-09-11',1.4031,1.4031,1.04,'开放申购','开放赎回','0')
INFO: insert into nav_lof values ('160717','2017-09-11',0.8109,0.8109,0.57,'开放申购','开放赎回','0')
INFO: insert into nav_lof values ('162414','2017-09-11',1.1353,1.1353,0.06,'开放申购','开放赎回','0')
INFO: insert into nav_lof values ('165313','2017-09-11',1.4920,1.4920,0.61,'开放申购','开放赎回','0')
INFO: insert into nav_lof values ('164208','2017-09-11',1.1399,1.6634,0.01,'开放申购','开放赎回','0')
INFO: insert into nav_lof values ('163302','2017-09-11',1.3270,4.0000,0.49,'开放申购','开放赎回','0')
INFO: insert into nav_lof values ('166009','2017-09-11',2.1590,2.6600,0.26,'开放申购','开放赎回','0')
INFO: insert into nav_lof values ('161505','2017-09-11',1.0810,1.4710,0.09,'开放申购','开放赎回','0')
INFO: insert into nav_lof values ('160910','2017-09-11',1.0910,2.3310,0.55,'开放申购','开放赎回','0')
INFO: insert into nav_lof values ('165513','2017-09-08',0.4050,0.4050,-2.17,'暂停申购','开放赎回','0')
INFO: insert into nav_lof values ('161706','2017-09-11',1.5694,3.4797,1.40,'开放申购','开放赎回','0')
INFO: insert into nav_lof values ('160615','2017-09-11',1.5400,1.6000,0.00,'开放申购','开放赎回','0')
INFO: insert into nav_lof values ('164105','2017-09-11',1.2520,1.7030,0.00,'开放申购','开放赎回','0')
INFO: insert into nav_lof values ('161227','2017-09-11',1.0100,1.9100,0.40,'开放申购','开放赎回','0')
INFO: insert into nav_lof values ('160505','2017-09-11',1.8920,5.4250,0.91,'开放申购','开放赎回','0')
INFO: insert into nav_lof values ('160613','2017-09-11',1.4180,2.3150,0.35,'开放申购','开放赎回','0')
INFO: insert into nav_lof values ('164705','2017-09-11',1.1700,1.2470,0.86,'开放申购','开放赎回','0')
INFO: insert into nav_lof values ('165806','2017-09-11',1.2550,1.2550,0.56,'开放申购','开放赎回','0')
INFO: insert into nav_lof values ('162108','2017-09-11',1.1160,1.1780,-0.09,'开放申购','开放赎回','0')
INFO: insert into nav_lof values ('161614','2017-09-11',1.0320,1.3520,0.10,'限制大额申购','开放赎回','0')
INFO: insert into nav_lof values ('160212','2017-09-11',2.7730,2.7730,1.65,'限制大额申购','开放赎回','0')
INFO: insert into nav_lof values ('163110','2017-09-11',2.7359,2.7359,0.47,'开放申购','开放赎回','0')
INFO: insert into nav_lof values ('164808','2017-09-11',1.0010,1.5370,0.00,'限制大额申购','开放赎回','0')
INFO: insert into nav_lof values ('166008','2017-09-11',1.0325,1.4319,0.12,'开放申购','开放赎回','0')
INFO: insert into nav_lof values ('161219','2017-09-11',1.3550,2.4090,1.19,'开放申购','开放赎回','0')
INFO: insert into nav_lof values ('160105','2017-09-11',1.0593,3.1619,0.04,'开放申购','开放赎回','0')
INFO: insert into nav_lof values ('163819','2017-09-11',1.1110,1.4550,-0.09,'开放申购','开放赎回','0')
INFO: insert into nav_lof values ('165510','2017-09-08',0.8170,0.8170,-0.73,'暂停申购','开放赎回','0')
INFO: insert into nav_lof values ('161217','2017-09-11',0.8550,0.8550,2.27,'开放申购','开放赎回','0')
INFO: insert into nav_lof values ('166006','2017-09-11',1.0949,1.4029,0.43,'开放申购','开放赎回','每份派现金0.1440元')
INFO: insert into nav_lof values ('161213','2017-09-11',1.4830,1.4830,0.07,'开放申购','开放赎回','0')
INFO: insert into nav_lof values ('160134','2017-09-11',1.0180,1.2430,0.10,'暂停申购','暂停赎回','0')
INFO: insert into nav_lof values ('160607','2017-09-11',0.7660,3.9920,1.19,'开放申购','开放赎回','0')
INFO: insert into nav_lof values ('161820','2017-09-11',1.0820,1.3260,0.00,'开放申购','开放赎回','0')
INFO: insert into nav_lof values ('161017','2017-09-11',2.2710,2.2710,0.80,'开放申购','开放赎回','0')
INFO: insert into nav_lof values ('161506','2017-09-11',1.1190,1.4690,0.09,'开放申购','开放赎回','0')
INFO: insert into nav_lof values ('165517','2017-09-11',0.7580,1.1580,0.00,'开放申购','开放赎回','0')
INFO: insert into nav_lof values ('162703','2017-09-11',1.3914,3.7294,0.94,'开放申购','开放赎回','0')
INFO: insert into nav_lof values ('160220','2017-09-11',1.3300,1.3300,-0.08,'限制大额申购','开放赎回','0')
INFO: insert into nav_lof values ('160119','2017-09-11',1.6331,1.7331,1.10,'开放申购','开放赎回','0')
INFO: insert into nav_lof values ('160807','2017-09-11',1.2740,1.3240,0.00,'开放申购','开放赎回','0')
INFO: insert into nav_lof values ('164902','2017-09-11',1.3820,1.4930,0.00,'开放申购','开放赎回','0')
INFO: insert into nav_lof values ('166011','2017-09-11',1.2540,2.4830,-0.42,'限制大额申购','开放赎回','0')
INFO: insert into nav_lof values ('165512','2017-09-11',2.4800,2.4800,0.36,'开放申购','开放赎回','0')
INFO: insert into nav_lof values ('165311','2017-09-11',1.3630,1.5140,-0.15,'限制大额申购','开放赎回','0')
INFO: insert into nav_lof values ('162605','2017-09-11',1.0900,3.7780,0.37,'开放申购','开放赎回','0')
INFO: insert into nav_lof values ('166007','2017-09-11',1.3522,1.3972,-0.04,'开放申购','开放赎回','0')
INFO: insert into nav_lof values ('160513','2017-09-11',1.4070,1.4820,-0.21,'开放申购','开放赎回','0')
INFO: insert into nav_lof values ('160514','2017-09-11',1.2420,1.3420,-0.24,'开放申购','开放赎回','0')
INFO: insert into nav_lof values ('163412','2017-09-11',2.7450,3.8090,0.04,'开放申购','开放赎回','0')
INFO: insert into nav_lof values ('166012','2017-09-11',1.0529,1.2429,0.05,'开放申购','开放赎回','0')
INFO: insert into nav_lof values ('160314','2017-09-11',1.1230,6.5230,0.99,'开放申购','开放赎回','0')
INFO: insert into nav_lof values ('160617','2017-09-11',1.0080,1.4660,0.00,'限制大额申购','开放赎回','0')
INFO: insert into nav_lof values ('160805','2017-09-11',0.8219,2.4021,0.38,'开放申购','开放赎回','0')
INFO: insert into nav_lof values ('160512','2017-09-11',2.3020,2.4700,0.83,'开放申购','开放赎回','0')
INFO: insert into nav_lof values ('161226','2017-09-11',0.9090,0.9090,-0.76,'限制大额申购','开放赎回','0')
INFO: insert into nav_lof values ('161607','2017-09-11',1.2080,2.8060,0.08,'开放申购','开放赎回','0')
INFO: insert into nav_lof values ('160916','2017-09-11',2.6010,2.0380,0.54,'开放申购','开放赎回','0')
INFO: insert into nav_lof values ('160610','2017-09-11',1.0750,1.8950,0.09,'开放申购','开放赎回','0')
INFO: insert into nav_lof values ('160125','2017-09-08',0.9462,1.0362,-0.02,'开放申购','开放赎回','0')
INFO: insert into nav_lof values ('160515','2017-09-11',1.0180,1.3660,0.00,'暂停申购','暂停赎回','0')
INFO: insert into nav_lof values ('161907','2017-09-11',1.6571,1.6571,0.20,'开放申购','开放赎回','0')
INFO: insert into nav_lof values ('161120','2017-09-11',1.2251,1.2251,0.05,'开放申购','开放赎回','0')
INFO: insert into nav_lof values ('160133','2017-09-11',2.0300,2.0300,0.35,'开放申购','开放赎回','0')
INFO: insert into nav_lof values ('161610','2017-09-11',0.9470,2.8120,0.64,'开放申购','开放赎回','0')
INFO: insert into nav_lof values ('160618','2017-09-11',1.1500,1.5150,0.00,'开放申购','开放赎回','0')
INFO: insert into nav_lof values ('161714','2017-09-08',0.9580,0.9580,-0.42,'暂停申购','开放赎回','0')
INFO: insert into nav_lof values ('160211','2017-09-11',3.3580,4.0090,1.36,'限制大额申购','开放赎回','0')
INFO: insert into nav_lof values ('160918','2017-09-11',1.9230,4.7280,1.10,'开放申购','开放赎回','0')
INFO: insert into nav_lof values ('160706','2017-09-11',1.1007,2.9687,-0.01,'开放申购','开放赎回','0')
INFO: insert into nav_lof values ('161005','2017-09-11',1.9645,4.6525,0.87,'开放申购','开放赎回','0')
INFO: insert into nav_lof values ('161722','2017-09-11',1.1800,1.1800,0.17,'限制大额申购','开放赎回','0')
INFO: insert into nav_lof values ('160721','2017-09-11',1.0785,1.1824,0.11,'限制大额申购','开放赎回','0')
INFO: insert into nav_lof values ('163415','2017-09-11',1.3440,2.2040,0.22,'限制大额申购','开放赎回','0')
INFO: insert into nav_lof values ('160810','2017-09-11',1.1900,1.1900,0.00,'开放申购','开放赎回','0')
INFO: insert into nav_lof values ('163001','2017-09-11',0.9180,1.4580,-0.11,'开放申购','开放赎回','0')
INFO: insert into nav_lof values ('162307','2017-09-11',1.2000,1.2000,-0.33,'开放申购','开放赎回','0')
INFO: insert into nav_lof values ('162105','2017-09-11',1.0991,1.4648,0.03,'开放申购','开放赎回','0')
INFO: insert into nav_lof values ('160720','2017-09-11',1.0703,1.1787,0.11,'限制大额申购','开放赎回','0')
INFO: insert into nav_lof values ('160415','2017-09-11',1.0330,1.2930,0.78,'开放申购','开放赎回','0')
INFO: insert into nav_lof values ('165508','2017-09-11',1.9260,1.9260,2.39,'开放申购','开放赎回','0')
INFO: insert into nav_lof values ('161716','2017-09-11',1.1030,1.2420,0.09,'限制大额申购','开放赎回','0')
INFO: insert into nav_lof values ('160915','2017-09-11',1.1220,1.6580,0.27,'开放申购','开放赎回','0')
INFO: insert into nav_lof values ('501000','2017-09-11',1.1490,1.1490,0.09,'开放申购','开放赎回','0')
INFO: insert into nav_lof values ('162712','2017-09-11',1.4190,1.6830,0.07,'限制大额申购','开放赎回','0')
INFO: insert into nav_lof values ('161831','2017-09-11',0.9948,1.0719,0.48,'开放申购','开放赎回','0')
INFO: insert into nav_lof values ('163821','2017-09-11',1.5410,1.5410,0.39,'开放申购','开放赎回','0')
INFO: insert into nav_lof values ('166401','2017-09-11',1.0460,1.0810,0.19,'开放申购','开放赎回','0')
INFO: insert into nav_lof values ('162607','2017-09-11',0.5710,3.0520,1.42,'开放申购','开放赎回','0')
INFO: insert into nav_lof values ('163503','2017-09-11',0.5124,2.4157,1.81,'开放申购','开放赎回','0')
INFO: insert into nav_lof values ('160812','2017-09-11',1.4940,4.8090,0.00,'开放申购','开放赎回','0')
INFO: insert into nav_lof values ('163801','2017-09-11',1.2181,4.0381,0.22,'开放申购','开放赎回','0')
INFO: insert into nav_lof values ('165314','2017-09-11',1.3460,1.3460,-0.15,'限制大额申购','开放赎回','0')
INFO: insert into nav_lof values ('165705','2017-09-11',0.9560,1.1820,0.00,'开放申购','开放赎回','0')
INFO: insert into nav_lof values ('166001','2017-09-11',1.1683,1.8603,-0.04,'开放申购','开放赎回','0')
INFO: insert into nav_lof values ('165509','2017-09-11',1.1000,1.5390,0.09,'开放申购','开放赎回','0')
INFO: insert into nav_lof values ('164906','2017-09-08',1.3490,1.3490,-0.95,'暂停申购','开放赎回','0')
INFO: insert into nav_lof values ('160124','2017-09-11',1.1470,1.1770,-0.08,'开放申购','开放赎回','0')
INFO: insert into nav_lof values ('161224','2017-09-11',1.0860,1.2430,0.37,'开放申购','开放赎回','0')
INFO: insert into nav_lof values ('162715','2017-09-11',1.0840,1.1250,0.09,'暂停申购','开放赎回','0')
INFO: insert into nav_lof values ('161908','2017-09-11',0.9048,1.5063,-0.09,'开放申购','开放赎回','0')
INFO: insert into nav_lof values ('160806','2017-09-11',1.4020,1.2840,0.29,'开放申购','开放赎回','0')
INFO: insert into nav_lof values ('167501','2017-09-11',1.1110,1.3120,0.09,'开放申购','开放赎回','0')
INFO: insert into nav_lof values ('161010','2017-09-11',1.0940,1.7010,-0.27,'开放申购','开放赎回','0')
INFO: insert into nav_lof values ('161210','2017-09-08',0.9900,0.9900,0.00,'开放申购','开放赎回','0')
INFO: insert into nav_lof values ('161813','2017-09-11',1.2760,1.4610,-0.08,'开放申购','开放赎回','0')
INFO: insert into nav_lof values ('161216','2017-09-11',1.0530,1.5520,0.19,'开放申购','开放赎回','0')
INFO: insert into nav_lof values ('164606','2017-09-11',1.1820,1.2330,0.08,'开放申购','开放赎回','0')
INFO: ########################################
nav_lof is updated to latest status.
########################################
