INFO: insert into nav_etf values ('159932','2017-09-08',1.8870,1.5990,0.32,'场内买入','场内卖出','0')
INFO: insert into nav_etf values ('510160','2017-09-08',0.6159,1.5323,-0.37,'场内买入','场内卖出','0')
INFO: insert into nav_etf values ('510280','2017-09-08',1.5970,1.5970,0.06,'场内买入','场内卖出','0')
INFO: insert into nav_etf values ('159902','2017-09-08',3.5970,3.7170,0.08,'暂停申购','场内卖出','0')
INFO: insert into nav_etf values ('510030','2017-09-08',4.8410,1.6570,-0.08,'场内买入','场内卖出','0')
INFO: insert into nav_etf values ('510130','2017-09-08',4.0288,1.3857,0.15,'场内买入','场内卖出','0')
INFO: insert into nav_etf values ('511010','2017-09-08',110.3330,1.1160,0.11,'场内买入','场内卖出','0')
INFO: insert into nav_etf values ('511220','2017-09-08',97.0450,1.1200,0.05,'场内买入','场内卖出','0')
INFO: insert into nav_etf values ('159926','2017-09-08',108.6170,1.0860,0.09,'场内买入','场内卖出','0')
INFO: insert into nav_etf values ('159948','2017-09-08',1.9767,0.9714,-0.27,'场内买入','场内卖出','0')
INFO: insert into nav_etf values ('513600','2017-09-08',2.4053,1.2475,0.42,'场内买入','场内卖出','0')
INFO: insert into nav_etf values ('512640','2017-09-08',1.9070,1.9070,-0.09,'场内买入','场内卖出','0')
INFO: insert into nav_etf values ('159944','2017-09-08',1.0220,1.0220,0.68,'场内买入','场内卖出','0')
INFO: insert into nav_etf values ('159925','2017-09-08',1.6075,1.4093,-0.11,'封闭期','封闭期','0')
INFO: insert into nav_etf values ('159931','2017-09-08',1.6857,1.6857,-0.09,'场内买入','场内卖出','0')
INFO: insert into nav_etf values ('159915','2017-09-08',1.8158,2.0802,-0.27,'场内买入','场内卖出','0')
INFO: insert into nav_etf values ('159921','2017-09-08',1.5890,1.5890,0.13,'场内买入','场内卖出','0')
INFO: insert into nav_etf values ('159919','2017-09-08',4.1953,1.6035,-0.10,'场内买入','场内卖出','0')
INFO: insert into nav_etf values ('159945','2017-09-08',0.8196,0.8196,0.61,'场内买入','场内卖出','0')
INFO: insert into nav_etf values ('159943','2017-09-08',11.6010,0.7620,0.03,'场内买入','场内卖出','0')
INFO: insert into nav_etf values ('159934','2017-09-08',2.8015,1.1413,0.13,'场内买入','场内卖出','0')
INFO: insert into nav_etf values ('512310','2017-09-08',0.7194,0.7194,0.04,'场内买入','场内卖出','0')
INFO: insert into nav_etf values ('512880','2017-09-08',1.1073,1.1073,-0.41,'场内买入','场内卖出','0')
INFO: insert into nav_etf values ('512660','2017-09-08',0.9060,0.9060,-0.44,'场内买入','场内卖出','0')
INFO: insert into nav_etf values ('512000','2017-09-08',1.0472,1.0472,-0.40,'场内买入','场内卖出','0')
INFO: insert into nav_etf values ('512330','2017-09-08',0.8602,0.8602,0.02,'场内买入','场内卖出','0')
INFO: insert into nav_etf values ('510090','2017-09-08',1.5672,1.8696,-0.01,'场内买入','场内卖出','0')
INFO: insert into nav_etf values ('510410','2017-09-08',0.8707,0.8707,0.71,'场内买入','场内卖出','0')
INFO: insert into nav_etf values ('510900','2017-09-08',1.1851,1.1851,0.37,'场内买入','场内卖出','0')
INFO: insert into nav_etf values ('512510','2017-09-08',1.3506,0.6834,0.24,'场内买入','场内卖出','0')
INFO: insert into nav_etf values ('510220','2017-09-08',4.3011,1.1862,0.21,'场内买入','场内卖出','0')
INFO: insert into nav_etf values ('512070','2017-09-08',2.0268,2.0268,-0.23,'场内买入','场内卖出','0')
INFO: insert into nav_etf values ('159937','2017-09-08',2.8197,1.1072,0.12,'场内买入','场内卖出','0')
INFO: insert into nav_etf values ('159911','2017-09-08',4.4740,1.3557,0.05,'场内买入','场内卖出','0')
INFO: insert into nav_etf values ('512010','2017-09-08',1.4954,1.4954,0.26,'场内买入','场内卖出','0')
INFO: insert into nav_etf values ('159916','2017-09-08',3.3857,1.8447,-0.30,'场内买入','场内卖出','0')
INFO: insert into nav_etf values ('159924','2017-09-08',1.4980,1.4980,0.00,'场内买入','场内卖出','0')
INFO: insert into nav_etf values ('510630','2017-09-08',1.9592,1.9592,-0.05,'场内买入','场内卖出','0')
INFO: insert into nav_etf values ('159938','2017-09-08',1.3128,1.3128,0.49,'场内买入','场内卖出','0')
INFO: insert into nav_etf values ('510230','2017-09-08',6.2228,1.7673,-0.16,'场内买入','场内卖出','0')
INFO: insert into nav_etf values ('510360','2017-09-08',1.2056,1.2056,-0.09,'场内买入','场内卖出','0')
INFO: insert into nav_etf values ('510680','2017-09-08',2.1670,2.1670,-0.18,'场内买入','场内卖出','0')
INFO: insert into nav_etf values ('510580','2017-09-08',6.7366,1.0381,0.30,'场内买入','场内卖出','0')
INFO: insert into nav_etf values ('159906','2017-09-08',1.0140,1.0140,-0.20,'场内买入','场内卖出','0')
INFO: insert into nav_etf values ('159936','2017-09-08',1.6092,1.6092,0.03,'场内买入','场内卖出','0')
INFO: insert into nav_etf values ('510880','2017-09-08',3.0142,2.2661,0.00,'场内买入','场内卖出','0')
INFO: insert into nav_etf values ('512210','2017-09-08',1.7407,1.7407,-0.72,'场内买入','场内卖出','0')
INFO: insert into nav_etf values ('159930','2017-09-08',0.8845,0.8845,0.42,'场内买入','场内卖出','0')
INFO: insert into nav_etf values ('510710','2017-09-08',2.7979,0.8649,-0.17,'场内买入','场内卖出','0')
INFO: insert into nav_etf values ('510430','2017-09-08',1.5440,1.5440,-0.19,'场内买入','场内卖出','0')
INFO: insert into nav_etf values ('159927','2017-09-08',3.8214,1.6911,-0.10,'场内买入','场内卖出','0')
INFO: insert into nav_etf values ('510060','2017-09-08',1.8558,1.1870,-0.31,'场内买入','场内卖出','0')
INFO: insert into nav_etf values ('512120','2017-09-08',1.4540,1.4540,0.48,'场内买入','场内卖出','0')
INFO: insert into nav_etf values ('510020','2017-09-08',2.6788,0.9880,-0.25,'场内买入','场内卖出','0')
INFO: insert into nav_etf values ('159939','2017-09-08',1.1551,1.1551,-0.20,'场内买入','场内卖出','0')
INFO: insert into nav_etf values ('510170','2017-09-08',2.2330,0.6930,0.72,'场内买入','场内卖出','0')
INFO: insert into nav_etf values ('159920','2017-09-08',1.4624,1.4624,0.46,'场内买入','场内卖出','0')
INFO: insert into nav_etf values ('159922','2017-09-08',6.7342,1.8882,0.21,'场内买入','场内卖出','0')
INFO: insert into nav_etf values ('510150','2017-09-08',4.4720,1.4740,0.13,'场内买入','场内卖出','0')
INFO: insert into nav_etf values ('159949','2017-09-08',0.7744,0.7744,-0.49,'场内买入','场内卖出','0')
INFO: insert into nav_etf values ('159907','2017-09-08',1.5332,1.3930,0.24,'场内买入','场内卖出','0')
INFO: insert into nav_etf values ('159940','2017-09-08',0.9512,0.9512,-0.08,'场内买入','场内卖出','0')
INFO: insert into nav_etf values ('510190','2017-09-08',3.6490,1.3980,0.03,'场内买入','场内卖出','0')
INFO: insert into nav_etf values ('510420','2017-09-08',1.5980,1.5980,0.06,'场内买入','场内卖出','0')
INFO: insert into nav_etf values ('510050','2017-09-08',2.7390,3.6500,-0.22,'场内买入','场内卖出','0')
INFO: insert into nav_etf values ('510660','2017-09-08',1.7136,1.7136,0.47,'场内买入','场内卖出','0')
INFO: insert into nav_etf values ('512990','2017-09-08',1.1445,1.1445,0.04,'场内买入','场内卖出','0')
INFO: insert into nav_etf values ('510110','2017-09-08',3.6000,1.4450,-0.08,'场内买入','场内卖出','0')
INFO: insert into nav_etf values ('518880','2017-09-08',2.8157,1.0632,0.13,'场内买入','场内卖出','0')
INFO: insert into nav_etf values ('510330','2017-09-08',4.1566,1.7342,-0.11,'场内买入','场内卖出','0')
INFO: insert into nav_etf values ('159933','2017-09-08',1.8914,1.8914,-0.11,'场内买入','场内卖出','0')
INFO: insert into nav_etf values ('159929','2017-09-08',1.4662,1.4662,0.39,'场内买入','场内卖出','0')
INFO: insert into nav_etf values ('510270','2017-09-08',1.1470,1.3380,-0.17,'场内买入','场内卖出','0')
INFO: insert into nav_etf values ('512600','2017-09-08',1.8580,1.8580,-0.61,'场内买入','场内卖出','0')
INFO: insert into nav_etf values ('510500','2017-09-08',6.9253,1.9413,0.21,'场内买入','场内卖出','0')
INFO: insert into nav_etf values ('159928','2017-09-08',1.8367,1.8367,-0.60,'场内买入','场内卖出','0')
INFO: insert into nav_etf values ('512500','2017-09-08',3.2030,0.7011,0.21,'场内买入','场内卖出','0')
INFO: insert into nav_etf values ('512300','2017-09-08',1.1894,1.1894,0.52,'场内买入','场内卖出','0')
INFO: insert into nav_etf values ('159923','2017-09-08',1.5520,1.5520,-0.19,'场内买入','场内卖出','0')
INFO: insert into nav_etf values ('512810','2017-09-08',0.8729,0.8729,-0.42,'场内买入','场内卖出','0')
INFO: insert into nav_etf values ('510290','2017-09-08',1.6340,1.6340,0.28,'场内买入','场内卖出','0')
INFO: insert into nav_etf values ('159912','2017-09-08',1.4010,1.4010,-0.01,'场内买入','场内卖出','0')
INFO: insert into nav_etf values ('510180','2017-09-08',3.4632,3.4723,-0.07,'场内买入','场内卖出','0')
INFO: insert into nav_etf values ('510260','2017-09-08',1.2100,1.2100,-0.08,'场内买入','场内卖出','0')
INFO: insert into nav_etf values ('510300','2017-09-08',3.8886,1.5248,-0.10,'场内买入','场内卖出','0')
INFO: insert into nav_etf values ('512230','2017-09-08',1.3381,1.3381,0.36,'场内买入','场内卖出','0')
INFO: insert into nav_etf values ('159935','2017-09-08',1.7329,1.7329,0.25,'场内买入','场内卖出','0')
INFO: insert into nav_etf values ('513660','2017-09-08',2.3929,1.2423,0.41,'场内买入','场内卖出','0')
INFO: insert into nav_etf values ('510120','2017-09-08',2.9200,1.2300,-0.21,'场内买入','场内卖出','0')
INFO: insert into nav_etf values ('512340','2017-09-08',1.0156,1.0156,0.68,'场内买入','场内卖出','0')
INFO: insert into nav_etf values ('512220','2017-09-08',1.4657,1.4657,-0.18,'场内买入','场内卖出','0')
INFO: insert into nav_etf values ('159946','2017-09-08',1.1030,1.1030,-0.32,'场内买入','场内卖出','0')
INFO: insert into nav_etf values ('510070','2017-09-08',1.7930,1.5370,0.28,'场内买入','场内卖出','0')
INFO: insert into nav_etf values ('510810','2017-09-08',1.0234,1.0434,0.30,'场内买入','场内卖出','0')
INFO: insert into nav_etf values ('159901','2017-09-08',4.6845,4.5618,-0.08,'场内买入','场内卖出','0')
INFO: insert into nav_etf values ('510310','2017-09-08',1.6288,1.6288,-0.10,'场内买入','场内卖出','0')
INFO: insert into nav_etf values ('510560','2017-09-08',1.3830,0.6404,0.23,'场内买入','场内卖出','0')
INFO: insert into nav_etf values ('512680','2017-09-08',0.8813,0.8813,-0.42,'场内买入','场内卖出','0')
INFO: insert into nav_etf values ('159918','2017-09-08',1.9309,1.9309,0.08,'场内买入','场内卖出','0')
INFO: insert into nav_etf values ('159910','2017-09-08',1.6889,1.6889,-0.18,'场内买入','场内卖出','0')
INFO: insert into nav_etf values ('510650','2017-09-08',1.7690,1.7690,-0.16,'场内买入','场内卖出','0')
INFO: insert into nav_etf values ('159942','2017-09-08',1.9770,0.6040,0.00,'场内买入','场内卖出','0')
INFO: insert into nav_etf values ('511210','2017-09-08',113.5417,1.1354,-0.05,'场内买入','场内卖出','0')
INFO: insert into nav_etf values ('512610','2017-09-08',1.4636,1.4636,0.38,'场内买入','场内卖出','0')
INFO: insert into nav_etf values ('159909','2017-09-08',5.4000,1.6610,-0.11,'场内买入','场内卖出','0')
INFO: insert into nav_etf values ('510010','2017-09-08',1.1420,1.2710,0.00,'场内买入','场内卖出','0')
INFO: insert into nav_etf values ('159908','2017-09-08',1.4516,1.4516,-0.10,'场内买入','场内卖出','0')
INFO: insert into nav_etf values ('510440','2017-09-08',1.9300,1.9300,0.16,'场内买入','场内卖出','0')
INFO: insert into nav_etf values ('159913','2017-09-08',1.7030,1.7030,-0.12,'场内买入','场内卖出','0')
INFO: insert into nav_etf values ('510520','2017-09-08',1.6979,1.6979,0.22,'场内买入','场内卖出','0')
INFO: insert into nav_etf values ('159905','2017-09-08',1.4897,1.4897,-0.39,'场内买入','场内卖出','0')
INFO: insert into nav_etf values ('510210','2017-09-08',3.8790,1.3280,0.00,'场内买入','场内卖出','0')
INFO: insert into nav_etf values ('510510','2017-09-08',1.8234,1.8234,0.24,'场内买入','场内卖出','0')
INFO: insert into nav_etf values ('159903','2017-09-08',1.1882,0.8767,0.02,'场内买入','场内卖出','0')
INFO: ########################################
nav_etf is updated to latest status.
########################################
INFO: insert into nav_lof values ('166008','2017-09-08',1.0313,1.4307,0.05,'开放申购','开放赎回','0')
INFO: insert into nav_lof values ('163412','2017-09-08',2.7440,3.8080,0.07,'开放申购','开放赎回','0')
INFO: insert into nav_lof values ('165309','2017-09-08',1.1714,1.1714,-0.10,'开放申购','开放赎回','0')
INFO: insert into nav_lof values ('161607','2017-09-08',1.2070,2.7210,-0.25,'开放申购','开放赎回','0')
INFO: insert into nav_lof values ('166012','2017-09-08',1.0524,1.2424,0.00,'开放申购','开放赎回','0')
INFO: insert into nav_lof values ('166009','2017-09-08',2.1534,2.6544,0.13,'开放申购','开放赎回','0')
INFO: insert into nav_lof values ('160311','2017-09-08',1.4870,4.9710,0.41,'开放申购','开放赎回','0')
INFO: insert into nav_lof values ('161810','2017-09-08',1.8360,1.7460,0.38,'开放申购','开放赎回','0')
INFO: insert into nav_lof values ('160611','2017-09-08',0.8420,0.9710,-0.36,'开放申购','开放赎回','0')
INFO: insert into nav_lof values ('163819','2017-09-08',1.1120,1.4560,0.09,'开放申购','开放赎回','0')
INFO: insert into nav_lof values ('164705','2017-09-08',1.1600,1.2370,0.43,'开放申购','开放赎回','0')
INFO: insert into nav_lof values ('162105','2017-09-08',1.0988,1.4645,0.05,'开放申购','开放赎回','0')
INFO: insert into nav_lof values ('161010','2017-09-08',1.0970,1.7040,-0.09,'开放申购','开放赎回','每份派现金0.0050元')
INFO: insert into nav_lof values ('166105','2017-09-08',0.9670,1.1160,0.00,'开放申购','开放赎回','0')
INFO: insert into nav_lof values ('160215','2017-09-08',1.6240,2.1520,-0.31,'限制大额申购','开放赎回','0')
INFO: insert into nav_lof values ('160514','2017-09-08',1.2450,1.3450,0.16,'开放申购','开放赎回','0')
INFO: insert into nav_lof values ('162108','2017-09-08',1.1170,1.1790,0.00,'开放申购','开放赎回','0')
INFO: insert into nav_lof values ('163824','2017-09-08',1.0410,1.3120,0.10,'暂停申购','暂停赎回','0')
INFO: insert into nav_lof values ('160716','2017-09-08',1.4754,1.4754,-0.30,'开放申购','开放赎回','0')
INFO: insert into nav_lof values ('160610','2017-09-08',1.0740,1.8940,-0.09,'开放申购','开放赎回','0')
INFO: insert into nav_lof values ('163801','2017-09-08',1.2154,4.0354,-0.49,'开放申购','开放赎回','0')
INFO: insert into nav_lof values ('160812','2017-09-08',1.4940,4.8090,0.20,'开放申购','开放赎回','0')
INFO: insert into nav_lof values ('161120','2017-09-08',1.2245,1.2245,0.07,'开放申购','开放赎回','0')
INFO: insert into nav_lof values ('161217','2017-09-08',0.8360,0.8360,0.72,'开放申购','开放赎回','0')
INFO: insert into nav_lof values ('160132','2017-09-08',0.9640,1.4230,0.10,'暂停申购','暂停赎回','0')
INFO: insert into nav_lof values ('160813','2017-09-08',0.8080,3.2500,0.12,'开放申购','开放赎回','0')
INFO: insert into nav_lof values ('161115','2017-09-08',1.3380,1.9220,0.07,'开放申购','开放赎回','0')
INFO: insert into nav_lof values ('160915','2017-09-08',1.1190,1.6550,0.09,'开放申购','开放赎回','0')
INFO: insert into nav_lof values ('160105','2017-09-08',1.0589,3.1615,-0.13,'开放申购','开放赎回','0')
INFO: insert into nav_lof values ('161903','2017-09-08',0.8806,2.6897,0.18,'开放申购','开放赎回','0')
INFO: insert into nav_lof values ('161908','2017-09-08',0.9056,1.5073,0.02,'开放申购','开放赎回','0')
INFO: insert into nav_lof values ('165517','2017-09-08',0.7580,1.1580,0.00,'开放申购','开放赎回','0')
INFO: insert into nav_lof values ('164105','2017-09-08',1.2520,1.7030,0.08,'开放申购','开放赎回','0')
INFO: insert into nav_lof values ('165512','2017-09-08',2.4710,2.4710,-0.28,'开放申购','开放赎回','0')
INFO: insert into nav_lof values ('163415','2017-09-08',1.3410,2.2010,-0.15,'限制大额申购','开放赎回','0')
INFO: insert into nav_lof values ('160721','2017-09-08',1.0773,1.1812,0.10,'限制大额申购','开放赎回','0')
INFO: insert into nav_lof values ('166007','2017-09-08',1.3527,1.3977,-0.13,'开放申购','开放赎回','0')
INFO: insert into nav_lof values ('165314','2017-09-08',1.3480,1.3480,0.07,'限制大额申购','开放赎回','0')
INFO: insert into nav_lof values ('161813','2017-09-08',1.2770,1.4620,0.00,'开放申购','开放赎回','0')
INFO: insert into nav_lof values ('166001','2017-09-08',1.1688,1.8608,-0.38,'开放申购','开放赎回','0')
INFO: insert into nav_lof values ('161610','2017-09-08',0.9410,2.7960,0.21,'开放申购','开放赎回','0')
INFO: insert into nav_lof values ('163821','2017-09-08',1.5350,1.5350,0.00,'开放申购','开放赎回','0')
INFO: insert into nav_lof values ('163503','2017-09-08',0.5033,2.3979,0.24,'开放申购','开放赎回','0')
INFO: insert into nav_lof values ('163110','2017-09-08',2.7231,2.7231,-0.01,'开放申购','开放赎回','0')
INFO: insert into nav_lof values ('160106','2017-09-08',1.3668,3.8488,0.34,'开放申购','开放赎回','0')
INFO: insert into nav_lof values ('160810','2017-09-08',1.1900,1.1900,0.08,'开放申购','开放赎回','0')
INFO: insert into nav_lof values ('163409','2017-09-08',1.5730,2.2530,-0.32,'开放申购','开放赎回','0')
INFO: insert into nav_lof values ('160615','2017-09-08',1.5400,1.6000,-0.13,'开放申购','开放赎回','0')
INFO: insert into nav_lof values ('162607','2017-09-08',0.5630,3.0440,0.18,'开放申购','开放赎回','0')
INFO: insert into nav_lof values ('164208','2017-09-08',1.1398,1.6633,0.04,'开放申购','开放赎回','0')
INFO: insert into nav_lof values ('164902','2017-09-08',1.3820,1.4930,0.07,'开放申购','开放赎回','0')
INFO: insert into nav_lof values ('160720','2017-09-08',1.0691,1.1775,0.11,'限制大额申购','开放赎回','0')
INFO: insert into nav_lof values ('501029','2017-09-08',1.0862,1.0862,0.08,'开放申购','开放赎回','0')
INFO: insert into nav_lof values ('162207','2017-09-08',1.2670,3.0474,0.28,'开放申购','开放赎回','0')
INFO: insert into nav_lof values ('161706','2017-09-08',1.5477,3.4580,0.25,'开放申购','开放赎回','0')
INFO: insert into nav_lof values ('163001','2017-09-08',0.9190,1.4590,0.44,'开放申购','开放赎回','0')
INFO: insert into nav_lof values ('161224','2017-09-08',1.0820,1.2390,0.09,'开放申购','开放赎回','0')
INFO: insert into nav_lof values ('161505','2017-09-08',1.0800,1.4700,0.00,'开放申购','开放赎回','0')
INFO: insert into nav_lof values ('160919','2017-09-08',1.2580,3.2440,0.08,'开放申购','开放赎回','0')
INFO: insert into nav_lof values ('163302','2017-09-08',1.3205,3.9935,0.61,'开放申购','开放赎回','0')
INFO: insert into nav_lof values ('501000','2017-09-08',1.1480,1.1480,-0.09,'开放申购','开放赎回','0')
INFO: insert into nav_lof values ('161820','2017-09-08',1.0820,1.3260,0.09,'开放申购','开放赎回','0')
INFO: insert into nav_lof values ('162511','2017-09-08',1.1260,1.1260,0.00,'开放申购','开放赎回','0')
INFO: insert into nav_lof values ('161614','2017-09-08',1.0310,1.3510,0.00,'限制大额申购','开放赎回','0')
INFO: insert into nav_lof values ('161227','2017-09-08',1.0060,1.9030,-0.10,'开放申购','开放赎回','0')
INFO: insert into nav_lof values ('165509','2017-09-08',1.0990,1.5380,-0.18,'开放申购','开放赎回','0')
INFO: insert into nav_lof values ('162006','2017-09-08',1.1129,3.8427,-0.27,'开放申购','开放赎回','0')
INFO: insert into nav_lof values ('162715','2017-09-08',1.0830,1.1240,0.00,'暂停申购','开放赎回','0')
INFO: insert into nav_lof values ('160618','2017-09-08',1.1500,1.5150,0.00,'开放申购','开放赎回','0')
INFO: insert into nav_lof values ('162510','2017-09-08',1.0840,1.8720,0.18,'开放申购','开放赎回','0')
INFO: insert into nav_lof values ('161213','2017-09-08',1.4820,1.4820,-0.13,'开放申购','开放赎回','0')
INFO: insert into nav_lof values ('162703','2017-09-08',1.3784,3.7164,-0.39,'开放申购','开放赎回','0')
INFO: insert into nav_lof values ('160706','2017-09-08',1.1008,2.9688,-0.10,'开放申购','开放赎回','0')
INFO: insert into nav_lof values ('166011','2017-09-08',1.2593,2.4883,-0.17,'限制大额申购','开放赎回','0')
INFO: insert into nav_lof values ('160916','2017-09-08',2.5870,2.0270,0.04,'开放申购','开放赎回','0')
INFO: insert into nav_lof values ('160807','2017-09-08',1.2740,1.3240,-0.08,'开放申购','开放赎回','0')
INFO: insert into nav_lof values ('161226','2017-09-08',0.9160,0.9160,0.22,'限制大额申购','开放赎回','0')
INFO: insert into nav_lof values ('165311','2017-09-08',1.3650,1.5160,0.15,'限制大额申购','开放赎回','0')
INFO: insert into nav_lof values ('161831','2017-09-08',0.9900,1.0671,0.37,'开放申购','开放赎回','0')
INFO: insert into nav_lof values ('160515','2017-09-08',1.0180,1.3660,0.10,'暂停申购','暂停赎回','0')
INFO: insert into nav_lof values ('160617','2017-09-08',1.0080,1.4660,0.10,'限制大额申购','开放赎回','0')
INFO: insert into nav_lof values ('160805','2017-09-08',0.8188,2.3990,0.13,'开放申购','开放赎回','0')
INFO: insert into nav_lof values ('162414','2017-09-08',1.1346,1.1346,0.00,'开放申购','开放赎回','0')
INFO: insert into nav_lof values ('160613','2017-09-08',1.4130,2.3100,-0.14,'开放申购','开放赎回','0')
INFO: insert into nav_lof values ('160123','2017-09-08',1.1767,1.2067,0.17,'开放申购','开放赎回','0')
INFO: insert into nav_lof values ('163402','2017-09-08',0.8191,9.0368,0.12,'开放申购','开放赎回','0')
INFO: insert into nav_lof values ('165516','2017-09-08',2.5560,2.5560,-0.27,'开放申购','开放赎回','0')
INFO: insert into nav_lof values ('160314','2017-09-08',1.1120,6.4830,0.00,'开放申购','开放赎回','0')
INFO: insert into nav_lof values ('162307','2017-09-08',1.2040,1.2040,-0.25,'开放申购','开放赎回','0')
INFO: insert into nav_lof values ('161216','2017-09-08',1.0510,1.5500,0.10,'开放申购','开放赎回','0')
INFO: insert into nav_lof values ('161005','2017-09-08',1.9475,4.6355,0.14,'开放申购','开放赎回','0')
INFO: insert into nav_lof values ('165313','2017-09-08',1.4830,1.4830,0.00,'开放申购','开放赎回','0')
INFO: insert into nav_lof values ('162605','2017-09-08',1.0860,3.7740,-0.55,'开放申购','开放赎回','0')
INFO: insert into nav_lof values ('161219','2017-09-08',1.3390,2.3930,-0.45,'开放申购','开放赎回','0')
INFO: insert into nav_lof values ('160119','2017-09-08',1.6153,1.7153,0.21,'开放申购','开放赎回','0')
INFO: insert into nav_lof values ('160512','2017-09-08',2.2830,2.4510,0.18,'开放申购','开放赎回','0')
INFO: insert into nav_lof values ('160124','2017-09-08',1.1479,1.1779,0.17,'开放申购','开放赎回','0')
INFO: insert into nav_lof values ('160212','2017-09-08',2.7280,2.7280,-0.47,'限制大额申购','开放赎回','0')
INFO: insert into nav_lof values ('161722','2017-09-08',1.1780,1.1780,-0.25,'限制大额申购','开放赎回','0')
INFO: insert into nav_lof values ('165705','2017-09-08',0.9560,1.1820,0.00,'开放申购','开放赎回','0')
INFO: insert into nav_lof values ('160607','2017-09-08',0.7570,3.9660,-0.13,'开放申购','开放赎回','0')
INFO: insert into nav_lof values ('161716','2017-09-08',1.1020,1.2410,0.09,'限制大额申购','开放赎回','0')
INFO: insert into nav_lof values ('162711','2017-09-08',1.3887,1.3887,0.21,'开放申购','开放赎回','0')
INFO: insert into nav_lof values ('162716','2017-09-08',1.0670,1.1030,0.00,'暂停申购','开放赎回','0')
INFO: insert into nav_lof values ('161907','2017-09-08',1.6538,1.6538,-0.08,'开放申购','开放赎回','0')
INFO: insert into nav_lof values ('162712','2017-09-08',1.4180,1.6820,0.07,'限制大额申购','开放赎回','0')
INFO: insert into nav_lof values ('160918','2017-09-08',1.9020,4.7070,-0.21,'开放申购','开放赎回','0')
INFO: insert into nav_lof values ('161119','2017-09-08',1.2395,1.2395,0.06,'开放申购','开放赎回','0')
INFO: insert into nav_lof values ('160910','2017-09-08',1.0850,2.3250,-0.18,'开放申购','开放赎回','0')
INFO: insert into nav_lof values ('161015','2017-09-08',0.9320,1.5710,0.00,'开放申购','开放赎回','0')
INFO: insert into nav_lof values ('160806','2017-09-08',1.3980,1.2810,-0.07,'开放申购','开放赎回','0')
INFO: insert into nav_lof values ('166401','2017-09-08',1.0440,1.0790,0.00,'开放申购','开放赎回','0')
INFO: insert into nav_lof values ('160220','2017-09-08',1.3310,1.3310,0.08,'限制大额申购','开放赎回','0')
INFO: insert into nav_lof values ('160505','2017-09-08',1.8750,5.4080,0.21,'开放申购','开放赎回','0')
INFO: insert into nav_lof values ('160134','2017-09-08',1.0170,1.2420,0.00,'暂停申购','暂停赎回','0')
INFO: insert into nav_lof values ('160616','2017-09-08',1.3910,1.3910,0.22,'开放申购','开放赎回','0')
INFO: insert into nav_lof values ('164808','2017-09-08',1.0010,1.5370,0.10,'限制大额申购','开放赎回','0')
INFO: insert into nav_lof values ('161017','2017-09-08',2.2530,2.2530,0.22,'开放申购','开放赎回','0')
INFO: insert into nav_lof values ('160211','2017-09-08',3.3130,3.9550,-0.36,'限制大额申购','开放赎回','0')
INFO: insert into nav_lof values ('167501','2017-09-08',1.1100,1.3110,0.09,'开放申购','开放赎回','0')
INFO: insert into nav_lof values ('160133','2017-09-08',2.0230,2.0230,-0.10,'开放申购','开放赎回','0')
INFO: insert into nav_lof values ('160717','2017-09-08',0.8063,0.8063,0.35,'开放申购','开放赎回','0')
INFO: insert into nav_lof values ('164606','2017-09-08',1.1810,1.2320,0.00,'开放申购','开放赎回','0')
INFO: insert into nav_lof values ('166006','2017-09-08',1.2336,1.3976,0.05,'开放申购','开放赎回','0')
INFO: insert into nav_lof values ('165508','2017-09-08',1.8810,1.8810,-0.05,'开放申购','开放赎回','0')
INFO: insert into nav_lof values ('161506','2017-09-08',1.1180,1.4680,0.09,'开放申购','开放赎回','0')
INFO: insert into nav_lof values ('163407','2017-09-08',1.7172,1.7172,0.12,'开放申购','开放赎回','0')
INFO: insert into nav_lof values ('160415','2017-09-08',1.0250,1.2850,0.00,'开放申购','开放赎回','0')
INFO: insert into nav_lof values ('165806','2017-09-08',1.2480,1.2480,-0.16,'开放申购','开放赎回','0')
INFO: insert into nav_lof values ('160513','2017-09-08',1.4100,1.4850,0.14,'开放申购','开放赎回','0')
INFO: ########################################
nav_lof is updated to latest status.
########################################
